Oct 30 |20:20:42| 2022: 'Altair' used the 'Set Heealth' command on '@survivors' with value <100>
Oct 30 |20:38:35| 2022: 'Altair' used the 'Cheat' command with value <tank>
Oct 30 |20:38:36| 2022: 'Altair' used the 'Cheat' command with value <tank>
Oct 30 |20:38:36| 2022: 'Altair' used the 'Cheat' command with value <tank>
Oct 30 |20:38:37| 2022: 'Altair' used the 'Cheat' command with value <tank>
Oct 30 |20:38:38| 2022: 'Altair' used the 'Cheat' command with value <tank>
Oct 30 |20:38:38| 2022: 'Altair' used the 'Cheat' command with value <tank>
Oct 30 |20:42:18| 2022: 'Bruninho' used the 'Cheat' command with value <tank>
Oct 30 |20:43:17| 2022: 'Bruninho' used the 'Cheat' command with value <witch>
Oct 30 |20:43:58| 2022: 'Altair' used the 'Cheat' command with value <rifle_ak47>
Oct 30 |20:44:08| 2022: 'Bruninho' used the 'Cheat' command with value <tank>
Oct 30 |20:45:23| 2022: 'Bruninho' used the 'Cheat' command with value <witch>
Oct 30 |20:45:34| 2022: 'Altair' used the 'Teleport' command on 'Bruninho'
Oct 30 |20:45:45| 2022: 'Altair' used the 'Teleport' command on '@all'
Oct 30 |20:46:02| 2022: 'Bruninho' used the 'Cheat' command with value <witch>
Oct 30 |20:46:14| 2022: 'Bruninho' used the 'Cheat' command with value <witch>
Oct 30 |20:46:20| 2022: 'Bruninho' used the 'Cheat' command with value <witch>
Oct 30 |20:46:56| 2022: 'Bruninho' used the 'Cheat' command with value <witch>
Oct 30 |20:48:10| 2022: 'Bruninho' used the 'Cheat' command with value <witch>
Oct 30 |20:50:51| 2022: 'Altair' used the 'Speed Player' command on 'Bruninho' with value <10.000000>
Oct 30 |20:51:11| 2022: 'Altair' used the 'Speed Player' command on 'Bruninho' with value <1.000000>
Oct 30 |20:51:37| 2022: 'Bruninho' used the 'Speed Player' command on 'Bruninho' with value <-1.000000>
Oct 30 |20:52:00| 2022: 'Altair' used the 'Scale Player' command on 'Bruninho' with value <1.299999>
Oct 30 |20:52:02| 2022: 'Bruninho' used the 'Speed Player' command on 'Bruninho' with value <1.000000>
Oct 30 |20:53:32| 2022: 'Altair' used the 'Shake' command on 'Bruninho' with value <10.000000>
Oct 30 |20:53:57| 2022: 'Altair' used the 'Teleport' command on '@all'
Oct 30 |20:54:42| 2022: 'Bruninho' used the 'Cheat' command with value <witch>
Oct 30 |20:54:47| 2022: 'Bruninho' used the 'Cheat' command with value <witch>
