L 11/04/2022 - 20:34:42: SourceMod error session started
L 11/04/2022 - 20:34:42: Info (map "c1m1_hotel") (file "/home/steam/l4d2/left4dead2/addons/sourcemod/logs/errors_20221104.log")
L 11/04/2022 - 20:34:42: [SM] Failed to load plugin "smac_css_antiflash.smx": This module will not work for this mod and should be removed..
L 11/04/2022 - 20:34:42: [SM] Failed to load plugin "smac_hl2dm_fixes.smx": This module will not work for this mod and should be removed..
L 11/04/2022 - 20:34:42: [SM] Failed to load plugin "smac_css_fixes.smx": This module will not work for this mod and should be removed..
L 11/04/2022 - 20:34:42: [SM] Failed to load plugin "smac_css_antismoke.smx": This module will not work for this mod and should be removed..
L 11/04/2022 - 20:34:42: [SM] Exception reported: Invalid convar handle 0 (error 4)
L 11/04/2022 - 20:34:42: [SM] Blaming: spechud.smx
L 11/04/2022 - 20:34:42: [SM] Call stack trace:
L 11/04/2022 - 20:34:42: [SM]   [0] ConVar.AddChangeHook
L 11/04/2022 - 20:34:42: [SM]   [1] Line 98, J:\Documents\GitHub\L4D2-Competitive-Rework\addons\sourcemod\scripting\spechud.sp::OnPluginStart
L 11/04/2022 - 20:34:42: [SM] Unable to load plugin "spechud.smx": Error detected in plugin startup (see error logs)
L 11/04/2022 - 23:56:24: SourceMod error session started
L 11/04/2022 - 23:56:24: Info (map "c1m1_hotel") (file "/home/steam/l4d2/left4dead2/addons/sourcemod/logs/errors_20221104.log")
L 11/04/2022 - 23:56:24: [SM] Failed to load plugin "smac_css_antiflash.smx": This module will not work for this mod and should be removed..
L 11/04/2022 - 23:56:24: [SM] Failed to load plugin "smac_hl2dm_fixes.smx": This module will not work for this mod and should be removed..
L 11/04/2022 - 23:56:24: [SM] Failed to load plugin "smac_css_fixes.smx": This module will not work for this mod and should be removed..
L 11/04/2022 - 23:56:24: [SM] Failed to load plugin "smac_css_antismoke.smx": This module will not work for this mod and should be removed..
L 11/04/2022 - 23:56:25: [SM] Exception reported: Invalid convar handle 0 (error 4)
L 11/04/2022 - 23:56:25: [SM] Blaming: spechud.smx
L 11/04/2022 - 23:56:25: [SM] Call stack trace:
L 11/04/2022 - 23:56:25: [SM]   [0] ConVar.AddChangeHook
L 11/04/2022 - 23:56:25: [SM]   [1] Line 98, J:\Documents\GitHub\L4D2-Competitive-Rework\addons\sourcemod\scripting\spechud.sp::OnPluginStart
L 11/04/2022 - 23:56:25: [SM] Unable to load plugin "spechud.smx": Error detected in plugin startup (see error logs)
L 11/04/2022 - 23:56:59: Error log file session closed.
