L 10/25/2022 - 21:43:49: SourceMod error session started
L 10/25/2022 - 21:43:49: Info (map "c1m1_hotel") (file "/home/steam/l4d2/left4dead2/addons/sourcemod/logs/errors_20221025.log")
L 10/25/2022 - 21:43:49: [SM] Exception reported: Invalid convar handle 0 (error 4)
L 10/25/2022 - 21:43:49: [SM] Blaming: spechud.smx
L 10/25/2022 - 21:43:49: [SM] Call stack trace:
L 10/25/2022 - 21:43:49: [SM]   [0] ConVar.AddChangeHook
L 10/25/2022 - 21:43:49: [SM]   [1] Line 98, J:\Documents\GitHub\L4D2-Competitive-Rework\addons\sourcemod\scripting\spechud.sp::OnPluginStart
L 10/25/2022 - 21:43:49: [SM] Unable to load plugin "spechud.smx": Error detected in plugin startup (see error logs)
L 10/25/2022 - 22:49:06: SourceMod error session started
L 10/25/2022 - 22:49:06: Info (map "c1m1_hotel") (file "/home/steam/l4d2/left4dead2/addons/sourcemod/logs/errors_20221025.log")
L 10/25/2022 - 22:49:06: [SM] Exception reported: Invalid convar handle 0 (error 4)
L 10/25/2022 - 22:49:06: [SM] Blaming: spechud.smx
L 10/25/2022 - 22:49:06: [SM] Call stack trace:
L 10/25/2022 - 22:49:06: [SM]   [0] ConVar.AddChangeHook
L 10/25/2022 - 22:49:06: [SM]   [1] Line 98, J:\Documents\GitHub\L4D2-Competitive-Rework\addons\sourcemod\scripting\spechud.sp::OnPluginStart
L 10/25/2022 - 22:49:06: [SM] Unable to load plugin "spechud.smx": Error detected in plugin startup (see error logs)
L 10/25/2022 - 22:52:56: SourceMod error session started
L 10/25/2022 - 22:52:56: Info (map "c1m1_hotel") (file "/home/steam/l4d2/left4dead2/addons/sourcemod/logs/errors_20221025.log")
L 10/25/2022 - 22:52:56: [SM] Exception reported: Invalid convar handle 0 (error 4)
L 10/25/2022 - 22:52:56: [SM] Blaming: spechud.smx
L 10/25/2022 - 22:52:56: [SM] Call stack trace:
L 10/25/2022 - 22:52:56: [SM]   [0] ConVar.AddChangeHook
L 10/25/2022 - 22:52:56: [SM]   [1] Line 98, J:\Documents\GitHub\L4D2-Competitive-Rework\addons\sourcemod\scripting\spechud.sp::OnPluginStart
L 10/25/2022 - 22:52:56: [SM] Unable to load plugin "spechud.smx": Error detected in plugin startup (see error logs)
L 10/25/2022 - 22:58:10: SourceMod error session started
L 10/25/2022 - 22:58:10: Info (map "c1m1_hotel") (file "/home/steam/l4d2/left4dead2/addons/sourcemod/logs/errors_20221025.log")
L 10/25/2022 - 22:58:10: [SM] Exception reported: Invalid convar handle 0 (error 4)
L 10/25/2022 - 22:58:10: [SM] Blaming: spechud.smx
L 10/25/2022 - 22:58:10: [SM] Call stack trace:
L 10/25/2022 - 22:58:10: [SM]   [0] ConVar.AddChangeHook
L 10/25/2022 - 22:58:10: [SM]   [1] Line 98, J:\Documents\GitHub\L4D2-Competitive-Rework\addons\sourcemod\scripting\spechud.sp::OnPluginStart
L 10/25/2022 - 22:58:10: [SM] Unable to load plugin "spechud.smx": Error detected in plugin startup (see error logs)
L 10/25/2022 - 23:00:36: SourceMod error session started
L 10/25/2022 - 23:00:36: Info (map "c1m1_hotel") (file "/home/steam/l4d2/left4dead2/addons/sourcemod/logs/errors_20221025.log")
L 10/25/2022 - 23:00:36: [SM] Exception reported: Invalid convar handle 0 (error 4)
L 10/25/2022 - 23:00:36: [SM] Blaming: spechud.smx
L 10/25/2022 - 23:00:36: [SM] Call stack trace:
L 10/25/2022 - 23:00:36: [SM]   [0] ConVar.AddChangeHook
L 10/25/2022 - 23:00:36: [SM]   [1] Line 98, J:\Documents\GitHub\L4D2-Competitive-Rework\addons\sourcemod\scripting\spechud.sp::OnPluginStart
L 10/25/2022 - 23:00:36: [SM] Unable to load plugin "spechud.smx": Error detected in plugin startup (see error logs)
