L 10/26/2022 - 00:13:30: SourceMod error session started
L 10/26/2022 - 00:13:30: Info (map "c1m1_hotel") (file "/home/steam/l4d2/left4dead2/addons/sourcemod/logs/errors_20221026.log")
L 10/26/2022 - 00:13:30: [SM] Exception reported: Invalid convar handle 0 (error 4)
L 10/26/2022 - 00:13:30: [SM] Blaming: spechud.smx
L 10/26/2022 - 00:13:30: [SM] Call stack trace:
L 10/26/2022 - 00:13:30: [SM]   [0] ConVar.AddChangeHook
L 10/26/2022 - 00:13:30: [SM]   [1] Line 98, J:\Documents\GitHub\L4D2-Competitive-Rework\addons\sourcemod\scripting\spechud.sp::OnPluginStart
L 10/26/2022 - 00:13:30: [SM] Unable to load plugin "spechud.smx": Error detected in plugin startup (see error logs)
L 10/26/2022 - 00:17:04: Error log file session closed.
L 10/26/2022 - 21:13:46: SourceMod error session started
L 10/26/2022 - 21:13:46: Info (map "c1m1_hotel") (file "/home/steam/l4d2/left4dead2/addons/sourcemod/logs/errors_20221026.log")
L 10/26/2022 - 21:13:46: [SM] Exception reported: Invalid convar handle 0 (error 4)
L 10/26/2022 - 21:13:46: [SM] Blaming: spechud.smx
L 10/26/2022 - 21:13:46: [SM] Call stack trace:
L 10/26/2022 - 21:13:46: [SM]   [0] ConVar.AddChangeHook
L 10/26/2022 - 21:13:46: [SM]   [1] Line 98, J:\Documents\GitHub\L4D2-Competitive-Rework\addons\sourcemod\scripting\spechud.sp::OnPluginStart
L 10/26/2022 - 21:13:46: [SM] Unable to load plugin "spechud.smx": Error detected in plugin startup (see error logs)
L 10/26/2022 - 23:45:39: SourceMod error session started
L 10/26/2022 - 23:45:39: Info (map "c1m1_hotel") (file "/home/steam/l4d2/left4dead2/addons/sourcemod/logs/errors_20221026.log")
L 10/26/2022 - 23:45:39: [SM] Exception reported: Invalid convar handle 0 (error 4)
L 10/26/2022 - 23:45:39: [SM] Blaming: spechud.smx
L 10/26/2022 - 23:45:39: [SM] Call stack trace:
L 10/26/2022 - 23:45:39: [SM]   [0] ConVar.AddChangeHook
L 10/26/2022 - 23:45:39: [SM]   [1] Line 98, J:\Documents\GitHub\L4D2-Competitive-Rework\addons\sourcemod\scripting\spechud.sp::OnPluginStart
L 10/26/2022 - 23:45:39: [SM] Unable to load plugin "spechud.smx": Error detected in plugin startup (see error logs)
L 10/26/2022 - 23:46:10: Error log file session closed.
