L 10/30/2022 - 13:49:38: SourceMod error session started
L 10/30/2022 - 13:49:38: Info (map "c1m1_hotel") (file "/home/steam/l4d2/left4dead2/addons/sourcemod/logs/errors_20221030.log")
L 10/30/2022 - 13:49:38: [SM] Exception reported: Invalid convar handle 0 (error 4)
L 10/30/2022 - 13:49:38: [SM] Blaming: spechud.smx
L 10/30/2022 - 13:49:38: [SM] Call stack trace:
L 10/30/2022 - 13:49:38: [SM]   [0] ConVar.AddChangeHook
L 10/30/2022 - 13:49:38: [SM]   [1] Line 98, J:\Documents\GitHub\L4D2-Competitive-Rework\addons\sourcemod\scripting\spechud.sp::OnPluginStart
L 10/30/2022 - 13:49:38: [SM] Unable to load plugin "spechud.smx": Error detected in plugin startup (see error logs)
L 10/30/2022 - 14:37:32: Error log file session closed.
L 10/30/2022 - 19:52:41: SourceMod error session started
L 10/30/2022 - 19:52:41: Info (map "c1m1_hotel") (file "/home/steam/l4d2/left4dead2/addons/sourcemod/logs/errors_20221030.log")
L 10/30/2022 - 19:52:41: [SM] Exception reported: Invalid convar handle 0 (error 4)
L 10/30/2022 - 19:52:41: [SM] Blaming: spechud.smx
L 10/30/2022 - 19:52:41: [SM] Call stack trace:
L 10/30/2022 - 19:52:41: [SM]   [0] ConVar.AddChangeHook
L 10/30/2022 - 19:52:41: [SM]   [1] Line 98, J:\Documents\GitHub\L4D2-Competitive-Rework\addons\sourcemod\scripting\spechud.sp::OnPluginStart
L 10/30/2022 - 19:52:41: [SM] Unable to load plugin "spechud.smx": Error detected in plugin startup (see error logs)
L 10/30/2022 - 19:54:58: [SM] Exception reported: Invalid convar handle 0 (error 4)
L 10/30/2022 - 19:54:58: [SM] Blaming: pause.smx
L 10/30/2022 - 19:54:58: [SM] Call stack trace:
L 10/30/2022 - 19:54:58: [SM]   [0] ConVar.IntValue.get
L 10/30/2022 - 19:54:58: [SM]   [1] Line 679, c:\Users\Sir\SourcePawn11\pause.sp::InitiateLiveCountdown
L 10/30/2022 - 19:54:58: [SM]   [2] Line 333, c:\Users\Sir\SourcePawn11\pause.sp::Unpause_Cmd
L 10/30/2022 - 19:55:08: [SM] Exception reported: Invalid convar handle 0 (error 4)
L 10/30/2022 - 19:55:08: [SM] Blaming: pause.smx
L 10/30/2022 - 19:55:08: [SM] Call stack trace:
L 10/30/2022 - 19:55:08: [SM]   [0] ConVar.IntValue.get
L 10/30/2022 - 19:55:08: [SM]   [1] Line 679, c:\Users\Sir\SourcePawn11\pause.sp::InitiateLiveCountdown
L 10/30/2022 - 19:55:08: [SM]   [2] Line 393, c:\Users\Sir\SourcePawn11\pause.sp::ForceUnpause_Cmd
L 10/30/2022 - 19:55:33: [SM] Exception reported: Invalid convar handle 0 (error 4)
L 10/30/2022 - 19:55:33: [SM] Blaming: pause.smx
L 10/30/2022 - 19:55:33: [SM] Call stack trace:
L 10/30/2022 - 19:55:33: [SM]   [0] ConVar.IntValue.get
L 10/30/2022 - 19:55:33: [SM]   [1] Line 679, c:\Users\Sir\SourcePawn11\pause.sp::InitiateLiveCountdown
L 10/30/2022 - 19:55:33: [SM]   [2] Line 393, c:\Users\Sir\SourcePawn11\pause.sp::ForceUnpause_Cmd
L 10/30/2022 - 19:56:17: [SM] Exception reported: Invalid convar handle 0 (error 4)
L 10/30/2022 - 19:56:17: [SM] Blaming: pause.smx
L 10/30/2022 - 19:56:17: [SM] Call stack trace:
L 10/30/2022 - 19:56:17: [SM]   [0] ConVar.IntValue.get
L 10/30/2022 - 19:56:17: [SM]   [1] Line 679, c:\Users\Sir\SourcePawn11\pause.sp::InitiateLiveCountdown
L 10/30/2022 - 19:56:17: [SM]   [2] Line 393, c:\Users\Sir\SourcePawn11\pause.sp::ForceUnpause_Cmd
L 10/30/2022 - 19:57:46: Error log file session closed.
L 10/30/2022 - 20:00:04: SourceMod error session started
L 10/30/2022 - 20:00:04: Info (map "c1m1_hotel") (file "/home/steam/l4d2/left4dead2/addons/sourcemod/logs/errors_20221030.log")
L 10/30/2022 - 20:00:04: [SM] Exception reported: Invalid convar handle 0 (error 4)
L 10/30/2022 - 20:00:04: [SM] Blaming: pause.smx
L 10/30/2022 - 20:00:04: [SM] Call stack trace:
L 10/30/2022 - 20:00:04: [SM]   [0] ConVar.IntValue.get
L 10/30/2022 - 20:00:04: [SM]   [1] Line 679, c:\Users\Sir\SourcePawn11\pause.sp::InitiateLiveCountdown
L 10/30/2022 - 20:00:04: [SM]   [2] Line 333, c:\Users\Sir\SourcePawn11\pause.sp::Unpause_Cmd
L 10/30/2022 - 20:00:27: [SM] Exception reported: Invalid convar handle 0 (error 4)
L 10/30/2022 - 20:00:27: [SM] Blaming: pause.smx
L 10/30/2022 - 20:00:27: [SM] Call stack trace:
L 10/30/2022 - 20:00:27: [SM]   [0] ConVar.IntValue.get
L 10/30/2022 - 20:00:27: [SM]   [1] Line 679, c:\Users\Sir\SourcePawn11\pause.sp::InitiateLiveCountdown
L 10/30/2022 - 20:00:27: [SM]   [2] Line 333, c:\Users\Sir\SourcePawn11\pause.sp::Unpause_Cmd
L 10/30/2022 - 20:00:28: [SM] Exception reported: Invalid convar handle 0 (error 4)
L 10/30/2022 - 20:00:28: [SM] Blaming: pause.smx
L 10/30/2022 - 20:00:28: [SM] Call stack trace:
L 10/30/2022 - 20:00:28: [SM]   [0] ConVar.IntValue.get
L 10/30/2022 - 20:00:28: [SM]   [1] Line 679, c:\Users\Sir\SourcePawn11\pause.sp::InitiateLiveCountdown
L 10/30/2022 - 20:00:28: [SM]   [2] Line 333, c:\Users\Sir\SourcePawn11\pause.sp::Unpause_Cmd
L 10/30/2022 - 20:00:28: [SM] Exception reported: Invalid convar handle 0 (error 4)
L 10/30/2022 - 20:00:28: [SM] Blaming: pause.smx
L 10/30/2022 - 20:00:28: [SM] Call stack trace:
L 10/30/2022 - 20:00:28: [SM]   [0] ConVar.IntValue.get
L 10/30/2022 - 20:00:28: [SM]   [1] Line 679, c:\Users\Sir\SourcePawn11\pause.sp::InitiateLiveCountdown
L 10/30/2022 - 20:00:28: [SM]   [2] Line 333, c:\Users\Sir\SourcePawn11\pause.sp::Unpause_Cmd
L 10/30/2022 - 20:00:28: [SM] Exception reported: Invalid convar handle 0 (error 4)
L 10/30/2022 - 20:00:28: [SM] Blaming: pause.smx
L 10/30/2022 - 20:00:28: [SM] Call stack trace:
L 10/30/2022 - 20:00:28: [SM]   [0] ConVar.IntValue.get
L 10/30/2022 - 20:00:28: [SM]   [1] Line 679, c:\Users\Sir\SourcePawn11\pause.sp::InitiateLiveCountdown
L 10/30/2022 - 20:00:28: [SM]   [2] Line 333, c:\Users\Sir\SourcePawn11\pause.sp::Unpause_Cmd
L 10/30/2022 - 20:00:28: [SM] Exception reported: Invalid convar handle 0 (error 4)
L 10/30/2022 - 20:00:28: [SM] Blaming: pause.smx
L 10/30/2022 - 20:00:28: [SM] Call stack trace:
L 10/30/2022 - 20:00:28: [SM]   [0] ConVar.IntValue.get
L 10/30/2022 - 20:00:28: [SM]   [1] Line 679, c:\Users\Sir\SourcePawn11\pause.sp::InitiateLiveCountdown
L 10/30/2022 - 20:00:28: [SM]   [2] Line 333, c:\Users\Sir\SourcePawn11\pause.sp::Unpause_Cmd
L 10/30/2022 - 20:00:34: [SM] Exception reported: Invalid convar handle 0 (error 4)
L 10/30/2022 - 20:00:34: [SM] Blaming: pause.smx
L 10/30/2022 - 20:00:34: [SM] Call stack trace:
L 10/30/2022 - 20:00:34: [SM]   [0] ConVar.IntValue.get
L 10/30/2022 - 20:00:34: [SM]   [1] Line 679, c:\Users\Sir\SourcePawn11\pause.sp::InitiateLiveCountdown
L 10/30/2022 - 20:00:34: [SM]   [2] Line 333, c:\Users\Sir\SourcePawn11\pause.sp::Unpause_Cmd
L 10/30/2022 - 20:00:47: [SM] Exception reported: Invalid convar handle 0 (error 4)
L 10/30/2022 - 20:00:47: [SM] Blaming: pause.smx
L 10/30/2022 - 20:00:47: [SM] Call stack trace:
L 10/30/2022 - 20:00:47: [SM]   [0] ConVar.IntValue.get
L 10/30/2022 - 20:00:47: [SM]   [1] Line 679, c:\Users\Sir\SourcePawn11\pause.sp::InitiateLiveCountdown
L 10/30/2022 - 20:00:47: [SM]   [2] Line 333, c:\Users\Sir\SourcePawn11\pause.sp::Unpause_Cmd
L 10/30/2022 - 20:01:02: [SM] Exception reported: Invalid convar handle 0 (error 4)
L 10/30/2022 - 20:01:02: [SM] Blaming: pause.smx
L 10/30/2022 - 20:01:02: [SM] Call stack trace:
L 10/30/2022 - 20:01:02: [SM]   [0] ConVar.IntValue.get
L 10/30/2022 - 20:01:02: [SM]   [1] Line 679, c:\Users\Sir\SourcePawn11\pause.sp::InitiateLiveCountdown
L 10/30/2022 - 20:01:02: [SM]   [2] Line 333, c:\Users\Sir\SourcePawn11\pause.sp::Unpause_Cmd
L 10/30/2022 - 20:01:13: [SM] Exception reported: Invalid convar handle 0 (error 4)
L 10/30/2022 - 20:01:13: [SM] Blaming: pause.smx
L 10/30/2022 - 20:01:13: [SM] Call stack trace:
L 10/30/2022 - 20:01:13: [SM]   [0] ConVar.IntValue.get
L 10/30/2022 - 20:01:13: [SM]   [1] Line 679, c:\Users\Sir\SourcePawn11\pause.sp::InitiateLiveCountdown
L 10/30/2022 - 20:01:13: [SM]   [2] Line 393, c:\Users\Sir\SourcePawn11\pause.sp::ForceUnpause_Cmd
L 10/30/2022 - 20:01:41: [SM] Exception reported: Invalid convar handle 0 (error 4)
L 10/30/2022 - 20:01:41: [SM] Blaming: pause.smx
L 10/30/2022 - 20:01:41: [SM] Call stack trace:
L 10/30/2022 - 20:01:41: [SM]   [0] ConVar.IntValue.get
L 10/30/2022 - 20:01:41: [SM]   [1] Line 679, c:\Users\Sir\SourcePawn11\pause.sp::InitiateLiveCountdown
L 10/30/2022 - 20:01:41: [SM]   [2] Line 393, c:\Users\Sir\SourcePawn11\pause.sp::ForceUnpause_Cmd
L 10/30/2022 - 20:01:53: [SM] Exception reported: Invalid convar handle 0 (error 4)
L 10/30/2022 - 20:01:53: [SM] Blaming: pause.smx
L 10/30/2022 - 20:01:53: [SM] Call stack trace:
L 10/30/2022 - 20:01:53: [SM]   [0] ConVar.IntValue.get
L 10/30/2022 - 20:01:53: [SM]   [1] Line 679, c:\Users\Sir\SourcePawn11\pause.sp::InitiateLiveCountdown
L 10/30/2022 - 20:01:53: [SM]   [2] Line 393, c:\Users\Sir\SourcePawn11\pause.sp::ForceUnpause_Cmd
L 10/30/2022 - 20:02:27: [SM] Exception reported: Invalid convar handle 0 (error 4)
L 10/30/2022 - 20:02:27: [SM] Blaming: pause.smx
L 10/30/2022 - 20:02:27: [SM] Call stack trace:
L 10/30/2022 - 20:02:27: [SM]   [0] ConVar.IntValue.get
L 10/30/2022 - 20:02:27: [SM]   [1] Line 679, c:\Users\Sir\SourcePawn11\pause.sp::InitiateLiveCountdown
L 10/30/2022 - 20:02:27: [SM]   [2] Line 393, c:\Users\Sir\SourcePawn11\pause.sp::ForceUnpause_Cmd
L 10/30/2022 - 20:02:37: [SM] Exception reported: Invalid convar handle 0 (error 4)
L 10/30/2022 - 20:02:37: [SM] Blaming: pause.smx
L 10/30/2022 - 20:02:37: [SM] Call stack trace:
L 10/30/2022 - 20:02:37: [SM]   [0] ConVar.IntValue.get
L 10/30/2022 - 20:02:37: [SM]   [1] Line 679, c:\Users\Sir\SourcePawn11\pause.sp::InitiateLiveCountdown
L 10/30/2022 - 20:02:37: [SM]   [2] Line 393, c:\Users\Sir\SourcePawn11\pause.sp::ForceUnpause_Cmd
L 10/30/2022 - 20:07:19: [SM] Exception reported: Invalid convar handle 0 (error 4)
L 10/30/2022 - 20:07:19: [SM] Blaming: pause.smx
L 10/30/2022 - 20:07:19: [SM] Call stack trace:
L 10/30/2022 - 20:07:19: [SM]   [0] ConVar.IntValue.get
L 10/30/2022 - 20:07:19: [SM]   [1] Line 679, c:\Users\Sir\SourcePawn11\pause.sp::InitiateLiveCountdown
L 10/30/2022 - 20:07:19: [SM]   [2] Line 393, c:\Users\Sir\SourcePawn11\pause.sp::ForceUnpause_Cmd
L 10/30/2022 - 20:07:35: [SM] Exception reported: Native is not bound
L 10/30/2022 - 20:07:35: [SM] Blaming: spechud.smx
L 10/30/2022 - 20:07:35: [SM] Call stack trace:
L 10/30/2022 - 20:07:35: [SM]   [0] IsInPause
L 10/30/2022 - 20:07:35: [SM]   [1] Line 577, J:\Documents\GitHub\L4D2-Competitive-Rework\addons\sourcemod\scripting\spechud.sp::HudDrawTimer
L 10/30/2022 - 20:07:35: [SM] Exception reported: Native is not bound
L 10/30/2022 - 20:07:35: [SM] Blaming: spechud.smx
L 10/30/2022 - 20:07:35: [SM] Call stack trace:
L 10/30/2022 - 20:07:35: [SM]   [0] IsInPause
L 10/30/2022 - 20:07:35: [SM]   [1] Line 577, J:\Documents\GitHub\L4D2-Competitive-Rework\addons\sourcemod\scripting\spechud.sp::HudDrawTimer
L 10/30/2022 - 20:07:36: [SM] Exception reported: Native is not bound
L 10/30/2022 - 20:07:36: [SM] Blaming: spechud.smx
L 10/30/2022 - 20:07:36: [SM] Call stack trace:
L 10/30/2022 - 20:07:36: [SM]   [0] IsInPause
L 10/30/2022 - 20:07:36: [SM]   [1] Line 577, J:\Documents\GitHub\L4D2-Competitive-Rework\addons\sourcemod\scripting\spechud.sp::HudDrawTimer
L 10/30/2022 - 20:07:36: [SM] Exception reported: Native is not bound
L 10/30/2022 - 20:07:36: [SM] Blaming: spechud.smx
L 10/30/2022 - 20:07:36: [SM] Call stack trace:
L 10/30/2022 - 20:07:36: [SM]   [0] IsInPause
L 10/30/2022 - 20:07:36: [SM]   [1] Line 577, J:\Documents\GitHub\L4D2-Competitive-Rework\addons\sourcemod\scripting\spechud.sp::HudDrawTimer
L 10/30/2022 - 20:07:37: [SM] Exception reported: Native is not bound
L 10/30/2022 - 20:07:37: [SM] Blaming: spechud.smx
L 10/30/2022 - 20:07:37: [SM] Call stack trace:
L 10/30/2022 - 20:07:37: [SM]   [0] IsInPause
L 10/30/2022 - 20:07:37: [SM]   [1] Line 577, J:\Documents\GitHub\L4D2-Competitive-Rework\addons\sourcemod\scripting\spechud.sp::HudDrawTimer
L 10/30/2022 - 20:07:37: [SM] Exception reported: Native is not bound
L 10/30/2022 - 20:07:37: [SM] Blaming: spechud.smx
L 10/30/2022 - 20:07:37: [SM] Call stack trace:
L 10/30/2022 - 20:07:37: [SM]   [0] IsInPause
L 10/30/2022 - 20:07:37: [SM]   [1] Line 577, J:\Documents\GitHub\L4D2-Competitive-Rework\addons\sourcemod\scripting\spechud.sp::HudDrawTimer
L 10/30/2022 - 20:07:38: [SM] Exception reported: Native is not bound
L 10/30/2022 - 20:07:38: [SM] Blaming: spechud.smx
L 10/30/2022 - 20:07:38: [SM] Call stack trace:
L 10/30/2022 - 20:07:38: [SM]   [0] IsInPause
L 10/30/2022 - 20:07:38: [SM]   [1] Line 577, J:\Documents\GitHub\L4D2-Competitive-Rework\addons\sourcemod\scripting\spechud.sp::HudDrawTimer
L 10/30/2022 - 20:07:38: [SM] Exception reported: Native is not bound
L 10/30/2022 - 20:07:38: [SM] Blaming: spechud.smx
L 10/30/2022 - 20:07:38: [SM] Call stack trace:
L 10/30/2022 - 20:07:38: [SM]   [0] IsInPause
L 10/30/2022 - 20:07:38: [SM]   [1] Line 577, J:\Documents\GitHub\L4D2-Competitive-Rework\addons\sourcemod\scripting\spechud.sp::HudDrawTimer
L 10/30/2022 - 20:07:39: [SM] Exception reported: Native is not bound
L 10/30/2022 - 20:07:39: [SM] Blaming: spechud.smx
L 10/30/2022 - 20:07:39: [SM] Call stack trace:
L 10/30/2022 - 20:07:39: [SM]   [0] IsInPause
L 10/30/2022 - 20:07:39: [SM]   [1] Line 577, J:\Documents\GitHub\L4D2-Competitive-Rework\addons\sourcemod\scripting\spechud.sp::HudDrawTimer
L 10/30/2022 - 20:07:39: [SM] Exception reported: Native is not bound
L 10/30/2022 - 20:07:39: [SM] Blaming: spechud.smx
L 10/30/2022 - 20:07:39: [SM] Call stack trace:
L 10/30/2022 - 20:07:39: [SM]   [0] IsInPause
L 10/30/2022 - 20:07:39: [SM]   [1] Line 577, J:\Documents\GitHub\L4D2-Competitive-Rework\addons\sourcemod\scripting\spechud.sp::HudDrawTimer
L 10/30/2022 - 20:07:40: [SM] Exception reported: Native is not bound
L 10/30/2022 - 20:07:40: [SM] Blaming: spechud.smx
L 10/30/2022 - 20:07:40: [SM] Call stack trace:
L 10/30/2022 - 20:07:40: [SM]   [0] IsInPause
L 10/30/2022 - 20:07:40: [SM]   [1] Line 577, J:\Documents\GitHub\L4D2-Competitive-Rework\addons\sourcemod\scripting\spechud.sp::HudDrawTimer
L 10/30/2022 - 20:07:40: [SM] Exception reported: Native is not bound
L 10/30/2022 - 20:07:40: [SM] Blaming: spechud.smx
L 10/30/2022 - 20:07:40: [SM] Call stack trace:
L 10/30/2022 - 20:07:40: [SM]   [0] IsInPause
L 10/30/2022 - 20:07:40: [SM]   [1] Line 577, J:\Documents\GitHub\L4D2-Competitive-Rework\addons\sourcemod\scripting\spechud.sp::HudDrawTimer
L 10/30/2022 - 20:07:41: [SM] Exception reported: Native is not bound
L 10/30/2022 - 20:07:41: [SM] Blaming: spechud.smx
L 10/30/2022 - 20:07:41: [SM] Call stack trace:
L 10/30/2022 - 20:07:41: [SM]   [0] IsInPause
L 10/30/2022 - 20:07:41: [SM]   [1] Line 577, J:\Documents\GitHub\L4D2-Competitive-Rework\addons\sourcemod\scripting\spechud.sp::HudDrawTimer
L 10/30/2022 - 20:07:41: [SM] Exception reported: Native is not bound
L 10/30/2022 - 20:07:41: [SM] Blaming: spechud.smx
L 10/30/2022 - 20:07:41: [SM] Call stack trace:
L 10/30/2022 - 20:07:41: [SM]   [0] IsInPause
L 10/30/2022 - 20:07:41: [SM]   [1] Line 577, J:\Documents\GitHub\L4D2-Competitive-Rework\addons\sourcemod\scripting\spechud.sp::HudDrawTimer
L 10/30/2022 - 20:07:42: [SM] Exception reported: Native is not bound
L 10/30/2022 - 20:07:42: [SM] Blaming: spechud.smx
L 10/30/2022 - 20:07:42: [SM] Call stack trace:
L 10/30/2022 - 20:07:42: [SM]   [0] IsInPause
L 10/30/2022 - 20:07:42: [SM]   [1] Line 577, J:\Documents\GitHub\L4D2-Competitive-Rework\addons\sourcemod\scripting\spechud.sp::HudDrawTimer
L 10/30/2022 - 20:07:42: [SM] Exception reported: Native is not bound
L 10/30/2022 - 20:07:42: [SM] Blaming: spechud.smx
L 10/30/2022 - 20:07:42: [SM] Call stack trace:
L 10/30/2022 - 20:07:42: [SM]   [0] IsInPause
L 10/30/2022 - 20:07:42: [SM]   [1] Line 577, J:\Documents\GitHub\L4D2-Competitive-Rework\addons\sourcemod\scripting\spechud.sp::HudDrawTimer
L 10/30/2022 - 20:07:43: [SM] Exception reported: Native is not bound
L 10/30/2022 - 20:07:43: [SM] Blaming: spechud.smx
L 10/30/2022 - 20:07:43: [SM] Call stack trace:
L 10/30/2022 - 20:07:43: [SM]   [0] IsInPause
L 10/30/2022 - 20:07:43: [SM]   [1] Line 577, J:\Documents\GitHub\L4D2-Competitive-Rework\addons\sourcemod\scripting\spechud.sp::HudDrawTimer
L 10/30/2022 - 20:07:43: [SM] Exception reported: Native is not bound
L 10/30/2022 - 20:07:43: [SM] Blaming: spechud.smx
L 10/30/2022 - 20:07:43: [SM] Call stack trace:
L 10/30/2022 - 20:07:43: [SM]   [0] IsInPause
L 10/30/2022 - 20:07:43: [SM]   [1] Line 577, J:\Documents\GitHub\L4D2-Competitive-Rework\addons\sourcemod\scripting\spechud.sp::HudDrawTimer
L 10/30/2022 - 20:07:44: [SM] Exception reported: Native is not bound
L 10/30/2022 - 20:07:44: [SM] Blaming: spechud.smx
L 10/30/2022 - 20:07:44: [SM] Call stack trace:
L 10/30/2022 - 20:07:44: [SM]   [0] IsInPause
L 10/30/2022 - 20:07:44: [SM]   [1] Line 577, J:\Documents\GitHub\L4D2-Competitive-Rework\addons\sourcemod\scripting\spechud.sp::HudDrawTimer
L 10/30/2022 - 20:07:44: [SM] Exception reported: Native is not bound
L 10/30/2022 - 20:07:44: [SM] Blaming: spechud.smx
L 10/30/2022 - 20:07:44: [SM] Call stack trace:
L 10/30/2022 - 20:07:44: [SM]   [0] IsInPause
L 10/30/2022 - 20:07:44: [SM]   [1] Line 577, J:\Documents\GitHub\L4D2-Competitive-Rework\addons\sourcemod\scripting\spechud.sp::HudDrawTimer
L 10/30/2022 - 20:07:45: [SM] Exception reported: Native is not bound
L 10/30/2022 - 20:07:45: [SM] Blaming: spechud.smx
L 10/30/2022 - 20:07:45: [SM] Call stack trace:
L 10/30/2022 - 20:07:45: [SM]   [0] IsInPause
L 10/30/2022 - 20:07:45: [SM]   [1] Line 577, J:\Documents\GitHub\L4D2-Competitive-Rework\addons\sourcemod\scripting\spechud.sp::HudDrawTimer
L 10/30/2022 - 20:07:45: [SM] Exception reported: Native is not bound
L 10/30/2022 - 20:07:45: [SM] Blaming: spechud.smx
L 10/30/2022 - 20:07:45: [SM] Call stack trace:
L 10/30/2022 - 20:07:45: [SM]   [0] IsInPause
L 10/30/2022 - 20:07:45: [SM]   [1] Line 577, J:\Documents\GitHub\L4D2-Competitive-Rework\addons\sourcemod\scripting\spechud.sp::HudDrawTimer
L 10/30/2022 - 20:07:46: [SM] Exception reported: Native is not bound
L 10/30/2022 - 20:07:46: [SM] Blaming: spechud.smx
L 10/30/2022 - 20:07:46: [SM] Call stack trace:
L 10/30/2022 - 20:07:46: [SM]   [0] IsInPause
L 10/30/2022 - 20:07:46: [SM]   [1] Line 577, J:\Documents\GitHub\L4D2-Competitive-Rework\addons\sourcemod\scripting\spechud.sp::HudDrawTimer
L 10/30/2022 - 20:07:46: [SM] Exception reported: Native is not bound
L 10/30/2022 - 20:07:46: [SM] Blaming: spechud.smx
L 10/30/2022 - 20:07:46: [SM] Call stack trace:
L 10/30/2022 - 20:07:46: [SM]   [0] IsInPause
L 10/30/2022 - 20:07:46: [SM]   [1] Line 577, J:\Documents\GitHub\L4D2-Competitive-Rework\addons\sourcemod\scripting\spechud.sp::HudDrawTimer
L 10/30/2022 - 20:07:47: [SM] Exception reported: Native is not bound
L 10/30/2022 - 20:07:47: [SM] Blaming: spechud.smx
L 10/30/2022 - 20:07:47: [SM] Call stack trace:
L 10/30/2022 - 20:07:47: [SM]   [0] IsInPause
L 10/30/2022 - 20:07:47: [SM]   [1] Line 577, J:\Documents\GitHub\L4D2-Competitive-Rework\addons\sourcemod\scripting\spechud.sp::HudDrawTimer
L 10/30/2022 - 20:07:47: [SM] Exception reported: Native is not bound
L 10/30/2022 - 20:07:47: [SM] Blaming: spechud.smx
L 10/30/2022 - 20:07:47: [SM] Call stack trace:
L 10/30/2022 - 20:07:47: [SM]   [0] IsInPause
L 10/30/2022 - 20:07:47: [SM]   [1] Line 577, J:\Documents\GitHub\L4D2-Competitive-Rework\addons\sourcemod\scripting\spechud.sp::HudDrawTimer
L 10/30/2022 - 20:07:48: [SM] Exception reported: Native is not bound
L 10/30/2022 - 20:07:48: [SM] Blaming: spechud.smx
L 10/30/2022 - 20:07:48: [SM] Call stack trace:
L 10/30/2022 - 20:07:48: [SM]   [0] IsInPause
L 10/30/2022 - 20:07:48: [SM]   [1] Line 577, J:\Documents\GitHub\L4D2-Competitive-Rework\addons\sourcemod\scripting\spechud.sp::HudDrawTimer
L 10/30/2022 - 20:07:48: [SM] Exception reported: Native is not bound
L 10/30/2022 - 20:07:48: [SM] Blaming: spechud.smx
L 10/30/2022 - 20:07:48: [SM] Call stack trace:
L 10/30/2022 - 20:07:48: [SM]   [0] IsInPause
L 10/30/2022 - 20:07:48: [SM]   [1] Line 577, J:\Documents\GitHub\L4D2-Competitive-Rework\addons\sourcemod\scripting\spechud.sp::HudDrawTimer
L 10/30/2022 - 20:08:31: Error log file session closed.
L 10/30/2022 - 20:12:53: SourceMod error session started
L 10/30/2022 - 20:12:53: Info (map "c1m1_hotel") (file "/home/steam/l4d2/left4dead2/addons/sourcemod/logs/errors_20221030.log")
L 10/30/2022 - 20:12:53: [SM] Error parsing gameconfig file "/home/steam/l4d2/left4dead2/addons/sourcemod/gamedata/l4d2_si_ability.txt":
L 10/30/2022 - 20:12:53: [SM] Error 1 on line 0, col 0: Stream failed to open
L 10/30/2022 - 20:12:53: [SM] Exception reported: Unable to open l4d2_si_ability: File could not be opened: No such file or directory
L 10/30/2022 - 20:12:53: [SM] Blaming: playermanagement.smx
L 10/30/2022 - 20:12:53: [SM] Call stack trace:
L 10/30/2022 - 20:12:53: [SM]   [0] LoadGameConfigFile
L 10/30/2022 - 20:12:53: [SM]   [1] Line 79, J:\Documents\GitHub\L4D2-Competitive-Rework\addons\sourcemod\scripting\playermanagement.sp::OnPluginStart
L 10/30/2022 - 20:24:41: SourceMod error session started
L 10/30/2022 - 20:24:41: Info (map "c1m1_hotel") (file "/home/steam/l4d2/left4dead2/addons/sourcemod/logs/errors_20221030.log")
L 10/30/2022 - 20:24:41: [SM] Exception reported: Invalid convar handle 0 (error 4)
L 10/30/2022 - 20:24:41: [SM] Blaming: spechud.smx
L 10/30/2022 - 20:24:41: [SM] Call stack trace:
L 10/30/2022 - 20:24:41: [SM]   [0] ConVar.AddChangeHook
L 10/30/2022 - 20:24:41: [SM]   [1] Line 98, J:\Documents\GitHub\L4D2-Competitive-Rework\addons\sourcemod\scripting\spechud.sp::OnPluginStart
L 10/30/2022 - 20:24:41: [SM] Unable to load plugin "spechud.smx": Error detected in plugin startup (see error logs)
L 10/30/2022 - 20:25:56: Error log file session closed.
