L 11/03/2022 - 00:30:57: SourceMod error session started
L 11/03/2022 - 00:30:57: Info (map "c8m3_sewers") (file "/home/steam/l4d2/left4dead2/addons/sourcemod/logs/errors_20221103.log")
L 11/03/2022 - 00:30:57: [SM] Exception reported: Invalid convar handle 0 (error 4)
L 11/03/2022 - 00:30:57: [SM] Blaming: pause.smx
L 11/03/2022 - 00:30:57: [SM] Call stack trace:
L 11/03/2022 - 00:30:57: [SM]   [0] ConVar.IntValue.get
L 11/03/2022 - 00:30:57: [SM]   [1] Line 679, c:\Users\Sir\SourcePawn11\pause.sp::InitiateLiveCountdown
L 11/03/2022 - 00:30:57: [SM]   [2] Line 333, c:\Users\Sir\SourcePawn11\pause.sp::Unpause_Cmd
L 11/03/2022 - 00:30:59: [SM] Exception reported: Invalid convar handle 0 (error 4)
L 11/03/2022 - 00:30:59: [SM] Blaming: pause.smx
L 11/03/2022 - 00:30:59: [SM] Call stack trace:
L 11/03/2022 - 00:30:59: [SM]   [0] ConVar.IntValue.get
L 11/03/2022 - 00:30:59: [SM]   [1] Line 679, c:\Users\Sir\SourcePawn11\pause.sp::InitiateLiveCountdown
L 11/03/2022 - 00:30:59: [SM]   [2] Line 333, c:\Users\Sir\SourcePawn11\pause.sp::Unpause_Cmd
L 11/03/2022 - 00:31:09: [SM] Exception reported: Invalid convar handle 0 (error 4)
L 11/03/2022 - 00:31:09: [SM] Blaming: pause.smx
L 11/03/2022 - 00:31:09: [SM] Call stack trace:
L 11/03/2022 - 00:31:09: [SM]   [0] ConVar.IntValue.get
L 11/03/2022 - 00:31:09: [SM]   [1] Line 679, c:\Users\Sir\SourcePawn11\pause.sp::InitiateLiveCountdown
L 11/03/2022 - 00:31:09: [SM]   [2] Line 393, c:\Users\Sir\SourcePawn11\pause.sp::ForceUnpause_Cmd
L 11/03/2022 - 00:31:15: [SM] Exception reported: Invalid convar handle 0 (error 4)
L 11/03/2022 - 00:31:15: [SM] Blaming: pause.smx
L 11/03/2022 - 00:31:15: [SM] Call stack trace:
L 11/03/2022 - 00:31:15: [SM]   [0] ConVar.IntValue.get
L 11/03/2022 - 00:31:15: [SM]   [1] Line 679, c:\Users\Sir\SourcePawn11\pause.sp::InitiateLiveCountdown
L 11/03/2022 - 00:31:15: [SM]   [2] Line 393, c:\Users\Sir\SourcePawn11\pause.sp::ForceUnpause_Cmd
L 11/03/2022 - 00:32:58: [SM] Exception reported: Invalid convar handle 0 (error 4)
L 11/03/2022 - 00:32:58: [SM] Blaming: pause.smx
L 11/03/2022 - 00:32:58: [SM] Call stack trace:
L 11/03/2022 - 00:32:58: [SM]   [0] ConVar.IntValue.get
L 11/03/2022 - 00:32:58: [SM]   [1] Line 679, c:\Users\Sir\SourcePawn11\pause.sp::InitiateLiveCountdown
L 11/03/2022 - 00:32:58: [SM]   [2] Line 393, c:\Users\Sir\SourcePawn11\pause.sp::ForceUnpause_Cmd
L 11/03/2022 - 00:33:54: [SM] Exception reported: Native is not bound
L 11/03/2022 - 00:33:54: [SM] Blaming: spechud.smx
L 11/03/2022 - 00:33:54: [SM] Call stack trace:
L 11/03/2022 - 00:33:54: [SM]   [0] IsInPause
L 11/03/2022 - 00:33:54: [SM]   [1] Line 577, J:\Documents\GitHub\L4D2-Competitive-Rework\addons\sourcemod\scripting\spechud.sp::HudDrawTimer
L 11/03/2022 - 00:33:55: [SM] Exception reported: Native is not bound
L 11/03/2022 - 00:33:55: [SM] Blaming: spechud.smx
L 11/03/2022 - 00:33:55: [SM] Call stack trace:
L 11/03/2022 - 00:33:55: [SM]   [0] IsInPause
L 11/03/2022 - 00:33:55: [SM]   [1] Line 577, J:\Documents\GitHub\L4D2-Competitive-Rework\addons\sourcemod\scripting\spechud.sp::HudDrawTimer
L 11/03/2022 - 00:33:55: [SM] Exception reported: Native is not bound
L 11/03/2022 - 00:33:55: [SM] Blaming: spechud.smx
L 11/03/2022 - 00:33:55: [SM] Call stack trace:
L 11/03/2022 - 00:33:55: [SM]   [0] IsInPause
L 11/03/2022 - 00:33:55: [SM]   [1] Line 577, J:\Documents\GitHub\L4D2-Competitive-Rework\addons\sourcemod\scripting\spechud.sp::HudDrawTimer
L 11/03/2022 - 00:33:56: [SM] Exception reported: Native is not bound
L 11/03/2022 - 00:33:56: [SM] Blaming: spechud.smx
L 11/03/2022 - 00:33:56: [SM] Call stack trace:
L 11/03/2022 - 00:33:56: [SM]   [0] IsInPause
L 11/03/2022 - 00:33:56: [SM]   [1] Line 577, J:\Documents\GitHub\L4D2-Competitive-Rework\addons\sourcemod\scripting\spechud.sp::HudDrawTimer
L 11/03/2022 - 00:33:56: [SM] Exception reported: Native is not bound
L 11/03/2022 - 00:33:56: [SM] Blaming: spechud.smx
L 11/03/2022 - 00:33:56: [SM] Call stack trace:
L 11/03/2022 - 00:33:56: [SM]   [0] IsInPause
L 11/03/2022 - 00:33:56: [SM]   [1] Line 577, J:\Documents\GitHub\L4D2-Competitive-Rework\addons\sourcemod\scripting\spechud.sp::HudDrawTimer
L 11/03/2022 - 00:33:57: [SM] Exception reported: Native is not bound
L 11/03/2022 - 00:33:57: [SM] Blaming: spechud.smx
L 11/03/2022 - 00:33:57: [SM] Call stack trace:
L 11/03/2022 - 00:33:57: [SM]   [0] IsInPause
L 11/03/2022 - 00:33:57: [SM]   [1] Line 577, J:\Documents\GitHub\L4D2-Competitive-Rework\addons\sourcemod\scripting\spechud.sp::HudDrawTimer
L 11/03/2022 - 00:33:57: [SM] Exception reported: Native is not bound
L 11/03/2022 - 00:33:57: [SM] Blaming: spechud.smx
L 11/03/2022 - 00:33:57: [SM] Call stack trace:
L 11/03/2022 - 00:33:57: [SM]   [0] IsInPause
L 11/03/2022 - 00:33:57: [SM]   [1] Line 577, J:\Documents\GitHub\L4D2-Competitive-Rework\addons\sourcemod\scripting\spechud.sp::HudDrawTimer
L 11/03/2022 - 00:33:58: [SM] Exception reported: Native is not bound
L 11/03/2022 - 00:33:58: [SM] Blaming: spechud.smx
L 11/03/2022 - 00:33:58: [SM] Call stack trace:
L 11/03/2022 - 00:33:58: [SM]   [0] IsInPause
L 11/03/2022 - 00:33:58: [SM]   [1] Line 577, J:\Documents\GitHub\L4D2-Competitive-Rework\addons\sourcemod\scripting\spechud.sp::HudDrawTimer
L 11/03/2022 - 00:33:58: [SM] Exception reported: Native is not bound
L 11/03/2022 - 00:33:58: [SM] Blaming: spechud.smx
L 11/03/2022 - 00:33:58: [SM] Call stack trace:
L 11/03/2022 - 00:33:58: [SM]   [0] IsInPause
L 11/03/2022 - 00:33:58: [SM]   [1] Line 577, J:\Documents\GitHub\L4D2-Competitive-Rework\addons\sourcemod\scripting\spechud.sp::HudDrawTimer
L 11/03/2022 - 00:33:59: [SM] Exception reported: Native is not bound
L 11/03/2022 - 00:33:59: [SM] Blaming: spechud.smx
L 11/03/2022 - 00:33:59: [SM] Call stack trace:
L 11/03/2022 - 00:33:59: [SM]   [0] IsInPause
L 11/03/2022 - 00:33:59: [SM]   [1] Line 577, J:\Documents\GitHub\L4D2-Competitive-Rework\addons\sourcemod\scripting\spechud.sp::HudDrawTimer
L 11/03/2022 - 00:33:59: [SM] Exception reported: Native is not bound
L 11/03/2022 - 00:33:59: [SM] Blaming: spechud.smx
L 11/03/2022 - 00:33:59: [SM] Call stack trace:
L 11/03/2022 - 00:33:59: [SM]   [0] IsInPause
L 11/03/2022 - 00:33:59: [SM]   [1] Line 577, J:\Documents\GitHub\L4D2-Competitive-Rework\addons\sourcemod\scripting\spechud.sp::HudDrawTimer
L 11/03/2022 - 00:34:00: [SM] Exception reported: Native is not bound
L 11/03/2022 - 00:34:00: [SM] Blaming: spechud.smx
L 11/03/2022 - 00:34:00: [SM] Call stack trace:
L 11/03/2022 - 00:34:00: [SM]   [0] IsInPause
L 11/03/2022 - 00:34:00: [SM]   [1] Line 577, J:\Documents\GitHub\L4D2-Competitive-Rework\addons\sourcemod\scripting\spechud.sp::HudDrawTimer
L 11/03/2022 - 00:34:00: [SM] Exception reported: Native is not bound
L 11/03/2022 - 00:34:00: [SM] Blaming: spechud.smx
L 11/03/2022 - 00:34:00: [SM] Call stack trace:
L 11/03/2022 - 00:34:00: [SM]   [0] IsInPause
L 11/03/2022 - 00:34:00: [SM]   [1] Line 577, J:\Documents\GitHub\L4D2-Competitive-Rework\addons\sourcemod\scripting\spechud.sp::HudDrawTimer
L 11/03/2022 - 00:34:01: [SM] Exception reported: Native is not bound
L 11/03/2022 - 00:34:01: [SM] Blaming: spechud.smx
L 11/03/2022 - 00:34:01: [SM] Call stack trace:
L 11/03/2022 - 00:34:01: [SM]   [0] IsInPause
L 11/03/2022 - 00:34:01: [SM]   [1] Line 577, J:\Documents\GitHub\L4D2-Competitive-Rework\addons\sourcemod\scripting\spechud.sp::HudDrawTimer
L 11/03/2022 - 00:34:01: [SM] Exception reported: Native is not bound
L 11/03/2022 - 00:34:01: [SM] Blaming: spechud.smx
L 11/03/2022 - 00:34:01: [SM] Call stack trace:
L 11/03/2022 - 00:34:01: [SM]   [0] IsInPause
L 11/03/2022 - 00:34:01: [SM]   [1] Line 577, J:\Documents\GitHub\L4D2-Competitive-Rework\addons\sourcemod\scripting\spechud.sp::HudDrawTimer
L 11/03/2022 - 00:34:02: [SM] Exception reported: Native is not bound
L 11/03/2022 - 00:34:02: [SM] Blaming: spechud.smx
L 11/03/2022 - 00:34:02: [SM] Call stack trace:
L 11/03/2022 - 00:34:02: [SM]   [0] IsInPause
L 11/03/2022 - 00:34:02: [SM]   [1] Line 577, J:\Documents\GitHub\L4D2-Competitive-Rework\addons\sourcemod\scripting\spechud.sp::HudDrawTimer
L 11/03/2022 - 00:34:02: [SM] Exception reported: Native is not bound
L 11/03/2022 - 00:34:02: [SM] Blaming: spechud.smx
L 11/03/2022 - 00:34:02: [SM] Call stack trace:
L 11/03/2022 - 00:34:02: [SM]   [0] IsInPause
L 11/03/2022 - 00:34:02: [SM]   [1] Line 577, J:\Documents\GitHub\L4D2-Competitive-Rework\addons\sourcemod\scripting\spechud.sp::HudDrawTimer
L 11/03/2022 - 00:34:03: [SM] Exception reported: Native is not bound
L 11/03/2022 - 00:34:03: [SM] Blaming: spechud.smx
L 11/03/2022 - 00:34:03: [SM] Call stack trace:
L 11/03/2022 - 00:34:03: [SM]   [0] IsInPause
L 11/03/2022 - 00:34:03: [SM]   [1] Line 577, J:\Documents\GitHub\L4D2-Competitive-Rework\addons\sourcemod\scripting\spechud.sp::HudDrawTimer
L 11/03/2022 - 00:34:03: [SM] Exception reported: Native is not bound
L 11/03/2022 - 00:34:03: [SM] Blaming: spechud.smx
L 11/03/2022 - 00:34:03: [SM] Call stack trace:
L 11/03/2022 - 00:34:03: [SM]   [0] IsInPause
L 11/03/2022 - 00:34:03: [SM]   [1] Line 577, J:\Documents\GitHub\L4D2-Competitive-Rework\addons\sourcemod\scripting\spechud.sp::HudDrawTimer
L 11/03/2022 - 00:34:04: [SM] Exception reported: Native is not bound
L 11/03/2022 - 00:34:04: [SM] Blaming: spechud.smx
L 11/03/2022 - 00:34:04: [SM] Call stack trace:
L 11/03/2022 - 00:34:04: [SM]   [0] IsInPause
L 11/03/2022 - 00:34:04: [SM]   [1] Line 577, J:\Documents\GitHub\L4D2-Competitive-Rework\addons\sourcemod\scripting\spechud.sp::HudDrawTimer
L 11/03/2022 - 00:34:04: [SM] Exception reported: Native is not bound
L 11/03/2022 - 00:34:04: [SM] Blaming: spechud.smx
L 11/03/2022 - 00:34:04: [SM] Call stack trace:
L 11/03/2022 - 00:34:04: [SM]   [0] IsInPause
L 11/03/2022 - 00:34:04: [SM]   [1] Line 577, J:\Documents\GitHub\L4D2-Competitive-Rework\addons\sourcemod\scripting\spechud.sp::HudDrawTimer
L 11/03/2022 - 00:34:05: [SM] Exception reported: Native is not bound
L 11/03/2022 - 00:34:05: [SM] Blaming: spechud.smx
L 11/03/2022 - 00:34:05: [SM] Call stack trace:
L 11/03/2022 - 00:34:05: [SM]   [0] IsInPause
L 11/03/2022 - 00:34:05: [SM]   [1] Line 577, J:\Documents\GitHub\L4D2-Competitive-Rework\addons\sourcemod\scripting\spechud.sp::HudDrawTimer
L 11/03/2022 - 00:34:05: [SM] Exception reported: Native is not bound
L 11/03/2022 - 00:34:05: [SM] Blaming: spechud.smx
L 11/03/2022 - 00:34:05: [SM] Call stack trace:
L 11/03/2022 - 00:34:05: [SM]   [0] IsInPause
L 11/03/2022 - 00:34:05: [SM]   [1] Line 577, J:\Documents\GitHub\L4D2-Competitive-Rework\addons\sourcemod\scripting\spechud.sp::HudDrawTimer
L 11/03/2022 - 00:34:06: [SM] Exception reported: Native is not bound
L 11/03/2022 - 00:34:06: [SM] Blaming: spechud.smx
L 11/03/2022 - 00:34:06: [SM] Call stack trace:
L 11/03/2022 - 00:34:06: [SM]   [0] IsInPause
L 11/03/2022 - 00:34:06: [SM]   [1] Line 577, J:\Documents\GitHub\L4D2-Competitive-Rework\addons\sourcemod\scripting\spechud.sp::HudDrawTimer
L 11/03/2022 - 00:34:06: [SM] Exception reported: Native is not bound
L 11/03/2022 - 00:34:06: [SM] Blaming: spechud.smx
L 11/03/2022 - 00:34:06: [SM] Call stack trace:
L 11/03/2022 - 00:34:06: [SM]   [0] IsInPause
L 11/03/2022 - 00:34:06: [SM]   [1] Line 577, J:\Documents\GitHub\L4D2-Competitive-Rework\addons\sourcemod\scripting\spechud.sp::HudDrawTimer
L 11/03/2022 - 00:34:07: [SM] Exception reported: Native is not bound
L 11/03/2022 - 00:34:07: [SM] Blaming: spechud.smx
L 11/03/2022 - 00:34:07: [SM] Call stack trace:
L 11/03/2022 - 00:34:07: [SM]   [0] IsInPause
L 11/03/2022 - 00:34:07: [SM]   [1] Line 577, J:\Documents\GitHub\L4D2-Competitive-Rework\addons\sourcemod\scripting\spechud.sp::HudDrawTimer
L 11/03/2022 - 00:34:07: [SM] Exception reported: Native is not bound
L 11/03/2022 - 00:34:07: [SM] Blaming: spechud.smx
L 11/03/2022 - 00:34:07: [SM] Call stack trace:
L 11/03/2022 - 00:34:07: [SM]   [0] IsInPause
L 11/03/2022 - 00:34:07: [SM]   [1] Line 577, J:\Documents\GitHub\L4D2-Competitive-Rework\addons\sourcemod\scripting\spechud.sp::HudDrawTimer
L 11/03/2022 - 00:34:08: [SM] Exception reported: Native is not bound
L 11/03/2022 - 00:34:08: [SM] Blaming: spechud.smx
L 11/03/2022 - 00:34:08: [SM] Call stack trace:
L 11/03/2022 - 00:34:08: [SM]   [0] IsInPause
L 11/03/2022 - 00:34:08: [SM]   [1] Line 577, J:\Documents\GitHub\L4D2-Competitive-Rework\addons\sourcemod\scripting\spechud.sp::HudDrawTimer
L 11/03/2022 - 00:34:08: [SM] Exception reported: Native is not bound
L 11/03/2022 - 00:34:08: [SM] Blaming: spechud.smx
L 11/03/2022 - 00:34:08: [SM] Call stack trace:
L 11/03/2022 - 00:34:08: [SM]   [0] IsInPause
L 11/03/2022 - 00:34:08: [SM]   [1] Line 577, J:\Documents\GitHub\L4D2-Competitive-Rework\addons\sourcemod\scripting\spechud.sp::HudDrawTimer
L 11/03/2022 - 00:34:09: [SM] Exception reported: Native is not bound
L 11/03/2022 - 00:34:09: [SM] Blaming: spechud.smx
L 11/03/2022 - 00:34:09: [SM] Call stack trace:
L 11/03/2022 - 00:34:09: [SM]   [0] IsInPause
L 11/03/2022 - 00:34:09: [SM]   [1] Line 577, J:\Documents\GitHub\L4D2-Competitive-Rework\addons\sourcemod\scripting\spechud.sp::HudDrawTimer
L 11/03/2022 - 00:34:09: [SM] Exception reported: Native is not bound
L 11/03/2022 - 00:34:09: [SM] Blaming: spechud.smx
L 11/03/2022 - 00:34:09: [SM] Call stack trace:
L 11/03/2022 - 00:34:09: [SM]   [0] IsInPause
L 11/03/2022 - 00:34:09: [SM]   [1] Line 577, J:\Documents\GitHub\L4D2-Competitive-Rework\addons\sourcemod\scripting\spechud.sp::HudDrawTimer
L 11/03/2022 - 00:34:10: [SM] Exception reported: Native is not bound
L 11/03/2022 - 00:34:10: [SM] Blaming: spechud.smx
L 11/03/2022 - 00:34:10: [SM] Call stack trace:
L 11/03/2022 - 00:34:10: [SM]   [0] IsInPause
L 11/03/2022 - 00:34:10: [SM]   [1] Line 577, J:\Documents\GitHub\L4D2-Competitive-Rework\addons\sourcemod\scripting\spechud.sp::HudDrawTimer
L 11/03/2022 - 00:34:10: [SM] Exception reported: Native is not bound
L 11/03/2022 - 00:34:10: [SM] Blaming: spechud.smx
L 11/03/2022 - 00:34:10: [SM] Call stack trace:
L 11/03/2022 - 00:34:10: [SM]   [0] IsInPause
L 11/03/2022 - 00:34:10: [SM]   [1] Line 577, J:\Documents\GitHub\L4D2-Competitive-Rework\addons\sourcemod\scripting\spechud.sp::HudDrawTimer
L 11/03/2022 - 00:34:11: [SM] Exception reported: Native is not bound
L 11/03/2022 - 00:34:11: [SM] Blaming: spechud.smx
L 11/03/2022 - 00:34:11: [SM] Call stack trace:
L 11/03/2022 - 00:34:11: [SM]   [0] IsInPause
L 11/03/2022 - 00:34:11: [SM]   [1] Line 577, J:\Documents\GitHub\L4D2-Competitive-Rework\addons\sourcemod\scripting\spechud.sp::HudDrawTimer
L 11/03/2022 - 00:34:11: [SM] Exception reported: Native is not bound
L 11/03/2022 - 00:34:11: [SM] Blaming: spechud.smx
L 11/03/2022 - 00:34:11: [SM] Call stack trace:
L 11/03/2022 - 00:34:11: [SM]   [0] IsInPause
L 11/03/2022 - 00:34:11: [SM]   [1] Line 577, J:\Documents\GitHub\L4D2-Competitive-Rework\addons\sourcemod\scripting\spechud.sp::HudDrawTimer
L 11/03/2022 - 00:34:12: [SM] Exception reported: Native is not bound
L 11/03/2022 - 00:34:12: [SM] Blaming: spechud.smx
L 11/03/2022 - 00:34:12: [SM] Call stack trace:
L 11/03/2022 - 00:34:12: [SM]   [0] IsInPause
L 11/03/2022 - 00:34:12: [SM]   [1] Line 577, J:\Documents\GitHub\L4D2-Competitive-Rework\addons\sourcemod\scripting\spechud.sp::HudDrawTimer
L 11/03/2022 - 00:34:12: [SM] Exception reported: Native is not bound
L 11/03/2022 - 00:34:12: [SM] Blaming: spechud.smx
L 11/03/2022 - 00:34:12: [SM] Call stack trace:
L 11/03/2022 - 00:34:12: [SM]   [0] IsInPause
L 11/03/2022 - 00:34:12: [SM]   [1] Line 577, J:\Documents\GitHub\L4D2-Competitive-Rework\addons\sourcemod\scripting\spechud.sp::HudDrawTimer
L 11/03/2022 - 00:34:13: [SM] Exception reported: Native is not bound
L 11/03/2022 - 00:34:13: [SM] Blaming: spechud.smx
L 11/03/2022 - 00:34:13: [SM] Call stack trace:
L 11/03/2022 - 00:34:13: [SM]   [0] IsInPause
L 11/03/2022 - 00:34:13: [SM]   [1] Line 577, J:\Documents\GitHub\L4D2-Competitive-Rework\addons\sourcemod\scripting\spechud.sp::HudDrawTimer
L 11/03/2022 - 00:34:13: [SM] Exception reported: Native is not bound
L 11/03/2022 - 00:34:13: [SM] Blaming: spechud.smx
L 11/03/2022 - 00:34:13: [SM] Call stack trace:
L 11/03/2022 - 00:34:13: [SM]   [0] IsInPause
L 11/03/2022 - 00:34:13: [SM]   [1] Line 577, J:\Documents\GitHub\L4D2-Competitive-Rework\addons\sourcemod\scripting\spechud.sp::HudDrawTimer
L 11/03/2022 - 00:34:14: [SM] Exception reported: Native is not bound
L 11/03/2022 - 00:34:14: [SM] Blaming: spechud.smx
L 11/03/2022 - 00:34:14: [SM] Call stack trace:
L 11/03/2022 - 00:34:14: [SM]   [0] IsInPause
L 11/03/2022 - 00:34:14: [SM]   [1] Line 577, J:\Documents\GitHub\L4D2-Competitive-Rework\addons\sourcemod\scripting\spechud.sp::HudDrawTimer
L 11/03/2022 - 00:34:14: [SM] Exception reported: Native is not bound
L 11/03/2022 - 00:34:14: [SM] Blaming: spechud.smx
L 11/03/2022 - 00:34:14: [SM] Call stack trace:
L 11/03/2022 - 00:34:14: [SM]   [0] IsInPause
L 11/03/2022 - 00:34:14: [SM]   [1] Line 577, J:\Documents\GitHub\L4D2-Competitive-Rework\addons\sourcemod\scripting\spechud.sp::HudDrawTimer
L 11/03/2022 - 00:34:15: Error log file session closed.
L 11/03/2022 - 21:02:40: SourceMod error session started
L 11/03/2022 - 21:02:40: Info (map "c1m1_hotel") (file "/home/steam/l4d2/left4dead2/addons/sourcemod/logs/errors_20221103.log")
L 11/03/2022 - 21:02:40: [SM] Exception reported: Invalid convar handle 0 (error 4)
L 11/03/2022 - 21:02:40: [SM] Blaming: spechud.smx
L 11/03/2022 - 21:02:40: [SM] Call stack trace:
L 11/03/2022 - 21:02:40: [SM]   [0] ConVar.AddChangeHook
L 11/03/2022 - 21:02:40: [SM]   [1] Line 98, J:\Documents\GitHub\L4D2-Competitive-Rework\addons\sourcemod\scripting\spechud.sp::OnPluginStart
L 11/03/2022 - 21:02:40: [SM] Unable to load plugin "spechud.smx": Error detected in plugin startup (see error logs)
L 11/03/2022 - 21:04:23: [SM] Exception reported: Invalid convar handle 0 (error 4)
L 11/03/2022 - 21:04:23: [SM] Blaming: pause.smx
L 11/03/2022 - 21:04:23: [SM] Call stack trace:
L 11/03/2022 - 21:04:23: [SM]   [0] ConVar.IntValue.get
L 11/03/2022 - 21:04:23: [SM]   [1] Line 679, c:\Users\Sir\SourcePawn11\pause.sp::InitiateLiveCountdown
L 11/03/2022 - 21:04:23: [SM]   [2] Line 333, c:\Users\Sir\SourcePawn11\pause.sp::Unpause_Cmd
L 11/03/2022 - 21:04:38: [SM] Exception reported: Invalid convar handle 0 (error 4)
L 11/03/2022 - 21:04:38: [SM] Blaming: pause.smx
L 11/03/2022 - 21:04:38: [SM] Call stack trace:
L 11/03/2022 - 21:04:38: [SM]   [0] ConVar.IntValue.get
L 11/03/2022 - 21:04:38: [SM]   [1] Line 679, c:\Users\Sir\SourcePawn11\pause.sp::InitiateLiveCountdown
L 11/03/2022 - 21:04:38: [SM]   [2] Line 393, c:\Users\Sir\SourcePawn11\pause.sp::ForceUnpause_Cmd
L 11/03/2022 - 21:05:40: Error log file session closed.
L 11/03/2022 - 21:08:54: SourceMod error session started
L 11/03/2022 - 21:08:54: Info (map "c1m1_hotel") (file "/home/steam/l4d2/left4dead2/addons/sourcemod/logs/errors_20221103.log")
L 11/03/2022 - 21:08:54: [SM] Exception reported: Invalid convar handle 0 (error 4)
L 11/03/2022 - 21:08:54: [SM] Blaming: spechud.smx
L 11/03/2022 - 21:08:54: [SM] Call stack trace:
L 11/03/2022 - 21:08:54: [SM]   [0] ConVar.AddChangeHook
L 11/03/2022 - 21:08:54: [SM]   [1] Line 98, J:\Documents\GitHub\L4D2-Competitive-Rework\addons\sourcemod\scripting\spechud.sp::OnPluginStart
L 11/03/2022 - 21:08:54: [SM] Unable to load plugin "spechud.smx": Error detected in plugin startup (see error logs)
L 11/03/2022 - 21:14:26: SourceMod error session started
L 11/03/2022 - 21:14:26: Info (map "c1m1_hotel") (file "/home/steam/l4d2/left4dead2/addons/sourcemod/logs/errors_20221103.log")
L 11/03/2022 - 21:14:26: [SM] Exception reported: Invalid convar handle 0 (error 4)
L 11/03/2022 - 21:14:26: [SM] Blaming: spechud.smx
L 11/03/2022 - 21:14:26: [SM] Call stack trace:
L 11/03/2022 - 21:14:26: [SM]   [0] ConVar.AddChangeHook
L 11/03/2022 - 21:14:26: [SM]   [1] Line 98, J:\Documents\GitHub\L4D2-Competitive-Rework\addons\sourcemod\scripting\spechud.sp::OnPluginStart
L 11/03/2022 - 21:14:26: [SM] Unable to load plugin "spechud.smx": Error detected in plugin startup (see error logs)
L 11/03/2022 - 23:08:53: SourceMod error session started
L 11/03/2022 - 23:08:53: Info (map "c1m1_hotel") (file "/home/steam/l4d2/left4dead2/addons/sourcemod/logs/errors_20221103.log")
L 11/03/2022 - 23:08:53: [SM] Exception reported: Invalid convar handle 0 (error 4)
L 11/03/2022 - 23:08:53: [SM] Blaming: spechud.smx
L 11/03/2022 - 23:08:53: [SM] Call stack trace:
L 11/03/2022 - 23:08:53: [SM]   [0] ConVar.AddChangeHook
L 11/03/2022 - 23:08:53: [SM]   [1] Line 98, J:\Documents\GitHub\L4D2-Competitive-Rework\addons\sourcemod\scripting\spechud.sp::OnPluginStart
L 11/03/2022 - 23:08:53: [SM] Unable to load plugin "spechud.smx": Error detected in plugin startup (see error logs)
L 11/03/2022 - 23:09:54: Error log file session closed.
