L 11/11/2022 - 19:55:14: SourceMod error session started
L 11/11/2022 - 19:55:14: Info (map "c1m1_hotel") (file "/home/steam/l4d2/left4dead2/addons/sourcemod/logs/errors_20221111.log")
L 11/11/2022 - 19:55:14: [SM] Failed to load plugin "smac_css_antiflash.smx": This module will not work for this mod and should be removed..
L 11/11/2022 - 19:55:15: [SM] Failed to load plugin "smac_hl2dm_fixes.smx": This module will not work for this mod and should be removed..
L 11/11/2022 - 19:55:15: [SM] Failed to load plugin "smac_css_fixes.smx": This module will not work for this mod and should be removed..
L 11/11/2022 - 19:55:15: [SM] Failed to load plugin "smac_css_antismoke.smx": This module will not work for this mod and should be removed..
L 11/11/2022 - 19:55:15: [SM] Exception reported: Invalid convar handle 0 (error 4)
L 11/11/2022 - 19:55:15: [SM] Blaming: spechud.smx
L 11/11/2022 - 19:55:15: [SM] Call stack trace:
L 11/11/2022 - 19:55:15: [SM]   [0] ConVar.AddChangeHook
L 11/11/2022 - 19:55:15: [SM]   [1] Line 98, J:\Documents\GitHub\L4D2-Competitive-Rework\addons\sourcemod\scripting\spechud.sp::OnPluginStart
L 11/11/2022 - 19:55:15: [SM] Unable to load plugin "spechud.smx": Error detected in plugin startup (see error logs)
L 11/11/2022 - 20:03:36: Error log file session closed.
L 11/11/2022 - 20:03:50: SourceMod error session started
L 11/11/2022 - 20:03:50: Info (map "c1m1_hotel") (file "/home/steam/l4d2/left4dead2/addons/sourcemod/logs/errors_20221111.log")
L 11/11/2022 - 20:03:50: [SM] Failed to load plugin "smac_css_antiflash.smx": This module will not work for this mod and should be removed..
L 11/11/2022 - 20:03:50: [SM] Failed to load plugin "smac_hl2dm_fixes.smx": This module will not work for this mod and should be removed..
L 11/11/2022 - 20:03:50: [SM] Failed to load plugin "smac_css_fixes.smx": This module will not work for this mod and should be removed..
L 11/11/2022 - 20:03:50: [SM] Failed to load plugin "smac_css_antismoke.smx": This module will not work for this mod and should be removed..
L 11/11/2022 - 20:03:50: [SM] Exception reported: Invalid convar handle 0 (error 4)
L 11/11/2022 - 20:03:50: [SM] Blaming: spechud.smx
L 11/11/2022 - 20:03:50: [SM] Call stack trace:
L 11/11/2022 - 20:03:50: [SM]   [0] ConVar.AddChangeHook
L 11/11/2022 - 20:03:50: [SM]   [1] Line 98, J:\Documents\GitHub\L4D2-Competitive-Rework\addons\sourcemod\scripting\spechud.sp::OnPluginStart
L 11/11/2022 - 20:03:50: [SM] Unable to load plugin "spechud.smx": Error detected in plugin startup (see error logs)
L 11/11/2022 - 20:08:24: SourceMod error session started
L 11/11/2022 - 20:08:24: Info (map "c1m1_hotel") (file "/home/steam/l4d2/left4dead2/addons/sourcemod/logs/errors_20221111.log")
L 11/11/2022 - 20:08:24: [SM] Failed to load plugin "smac_css_antiflash.smx": This module will not work for this mod and should be removed..
L 11/11/2022 - 20:08:24: [SM] Failed to load plugin "smac_hl2dm_fixes.smx": This module will not work for this mod and should be removed..
L 11/11/2022 - 20:08:24: [SM] Failed to load plugin "smac_css_fixes.smx": This module will not work for this mod and should be removed..
L 11/11/2022 - 20:08:24: [SM] Failed to load plugin "smac_css_antismoke.smx": This module will not work for this mod and should be removed..
L 11/11/2022 - 20:08:24: [SM] Exception reported: Invalid convar handle 0 (error 4)
L 11/11/2022 - 20:08:24: [SM] Blaming: spechud.smx
L 11/11/2022 - 20:08:24: [SM] Call stack trace:
L 11/11/2022 - 20:08:24: [SM]   [0] ConVar.AddChangeHook
L 11/11/2022 - 20:08:24: [SM]   [1] Line 98, J:\Documents\GitHub\L4D2-Competitive-Rework\addons\sourcemod\scripting\spechud.sp::OnPluginStart
L 11/11/2022 - 20:08:24: [SM] Unable to load plugin "spechud.smx": Error detected in plugin startup (see error logs)
L 11/11/2022 - 20:21:05: SourceMod error session started
L 11/11/2022 - 20:21:05: Info (map "c1m1_hotel") (file "/home/steam/l4d2/left4dead2/addons/sourcemod/logs/errors_20221111.log")
L 11/11/2022 - 20:21:05: [SM] Failed to load plugin "smac_css_antiflash.smx": This module will not work for this mod and should be removed..
L 11/11/2022 - 20:21:05: [SM] Failed to load plugin "smac_hl2dm_fixes.smx": This module will not work for this mod and should be removed..
L 11/11/2022 - 20:21:05: [SM] Failed to load plugin "smac_css_fixes.smx": This module will not work for this mod and should be removed..
L 11/11/2022 - 20:21:05: [SM] Failed to load plugin "smac_css_antismoke.smx": This module will not work for this mod and should be removed..
L 11/11/2022 - 20:21:05: [SM] Exception reported: Invalid convar handle 0 (error 4)
L 11/11/2022 - 20:21:05: [SM] Blaming: spechud.smx
L 11/11/2022 - 20:21:05: [SM] Call stack trace:
L 11/11/2022 - 20:21:05: [SM]   [0] ConVar.AddChangeHook
L 11/11/2022 - 20:21:05: [SM]   [1] Line 98, J:\Documents\GitHub\L4D2-Competitive-Rework\addons\sourcemod\scripting\spechud.sp::OnPluginStart
L 11/11/2022 - 20:21:05: [SM] Unable to load plugin "spechud.smx": Error detected in plugin startup (see error logs)
L 11/11/2022 - 20:27:44: SourceMod error session started
L 11/11/2022 - 20:27:44: Info (map "c1m1_hotel") (file "/home/steam/l4d2/left4dead2/addons/sourcemod/logs/errors_20221111.log")
L 11/11/2022 - 20:27:44: [SM] Failed to load plugin "smac_css_antiflash.smx": This module will not work for this mod and should be removed..
L 11/11/2022 - 20:27:44: [SM] Failed to load plugin "smac_hl2dm_fixes.smx": This module will not work for this mod and should be removed..
L 11/11/2022 - 20:27:44: [SM] Failed to load plugin "smac_css_fixes.smx": This module will not work for this mod and should be removed..
L 11/11/2022 - 20:27:44: [SM] Failed to load plugin "smac_css_antismoke.smx": This module will not work for this mod and should be removed..
L 11/11/2022 - 20:27:44: [SM] Exception reported: Invalid convar handle 0 (error 4)
L 11/11/2022 - 20:27:44: [SM] Blaming: spechud.smx
L 11/11/2022 - 20:27:44: [SM] Call stack trace:
L 11/11/2022 - 20:27:44: [SM]   [0] ConVar.AddChangeHook
L 11/11/2022 - 20:27:44: [SM]   [1] Line 98, J:\Documents\GitHub\L4D2-Competitive-Rework\addons\sourcemod\scripting\spechud.sp::OnPluginStart
L 11/11/2022 - 20:27:44: [SM] Unable to load plugin "spechud.smx": Error detected in plugin startup (see error logs)
L 11/11/2022 - 20:33:27: Error log file session closed.
L 11/11/2022 - 20:33:40: SourceMod error session started
L 11/11/2022 - 20:33:40: Info (map "c1m1_hotel") (file "/home/steam/l4d2/left4dead2/addons/sourcemod/logs/errors_20221111.log")
L 11/11/2022 - 20:33:40: [SM] Failed to load plugin "smac_css_antiflash.smx": This module will not work for this mod and should be removed..
L 11/11/2022 - 20:33:40: [SM] Failed to load plugin "smac_hl2dm_fixes.smx": This module will not work for this mod and should be removed..
L 11/11/2022 - 20:33:40: [SM] Failed to load plugin "smac_css_fixes.smx": This module will not work for this mod and should be removed..
L 11/11/2022 - 20:33:40: [SM] Failed to load plugin "smac_css_antismoke.smx": This module will not work for this mod and should be removed..
L 11/11/2022 - 20:33:40: [SM] Exception reported: Invalid convar handle 0 (error 4)
L 11/11/2022 - 20:33:40: [SM] Blaming: spechud.smx
L 11/11/2022 - 20:33:40: [SM] Call stack trace:
L 11/11/2022 - 20:33:40: [SM]   [0] ConVar.AddChangeHook
L 11/11/2022 - 20:33:40: [SM]   [1] Line 98, J:\Documents\GitHub\L4D2-Competitive-Rework\addons\sourcemod\scripting\spechud.sp::OnPluginStart
L 11/11/2022 - 20:33:40: [SM] Unable to load plugin "spechud.smx": Error detected in plugin startup (see error logs)
L 11/11/2022 - 20:38:43: Error log file session closed.
L 11/11/2022 - 20:38:58: SourceMod error session started
L 11/11/2022 - 20:38:58: Info (map "c1m1_hotel") (file "/home/steam/l4d2/left4dead2/addons/sourcemod/logs/errors_20221111.log")
L 11/11/2022 - 20:38:58: [SM] Failed to load plugin "smac_css_antiflash.smx": This module will not work for this mod and should be removed..
L 11/11/2022 - 20:38:58: [SM] Failed to load plugin "smac_hl2dm_fixes.smx": This module will not work for this mod and should be removed..
L 11/11/2022 - 20:38:58: [SM] Failed to load plugin "smac_css_fixes.smx": This module will not work for this mod and should be removed..
L 11/11/2022 - 20:38:58: [SM] Failed to load plugin "smac_css_antismoke.smx": This module will not work for this mod and should be removed..
L 11/11/2022 - 20:38:58: [SM] Exception reported: Invalid convar handle 0 (error 4)
L 11/11/2022 - 20:38:58: [SM] Blaming: spechud.smx
L 11/11/2022 - 20:38:58: [SM] Call stack trace:
L 11/11/2022 - 20:38:58: [SM]   [0] ConVar.AddChangeHook
L 11/11/2022 - 20:38:58: [SM]   [1] Line 98, J:\Documents\GitHub\L4D2-Competitive-Rework\addons\sourcemod\scripting\spechud.sp::OnPluginStart
L 11/11/2022 - 20:38:58: [SM] Unable to load plugin "spechud.smx": Error detected in plugin startup (see error logs)
L 11/11/2022 - 20:40:13: Error log file session closed.
L 11/11/2022 - 20:40:25: SourceMod error session started
L 11/11/2022 - 20:40:25: Info (map "c1m1_hotel") (file "/home/steam/l4d2/left4dead2/addons/sourcemod/logs/errors_20221111.log")
L 11/11/2022 - 20:40:25: [SM] Failed to load plugin "smac_css_antiflash.smx": This module will not work for this mod and should be removed..
L 11/11/2022 - 20:40:25: [SM] Failed to load plugin "smac_hl2dm_fixes.smx": This module will not work for this mod and should be removed..
L 11/11/2022 - 20:40:25: [SM] Failed to load plugin "smac_css_fixes.smx": This module will not work for this mod and should be removed..
L 11/11/2022 - 20:40:25: [SM] Failed to load plugin "smac_css_antismoke.smx": This module will not work for this mod and should be removed..
L 11/11/2022 - 20:40:25: [SM] Exception reported: Invalid convar handle 0 (error 4)
L 11/11/2022 - 20:40:25: [SM] Blaming: spechud.smx
L 11/11/2022 - 20:40:25: [SM] Call stack trace:
L 11/11/2022 - 20:40:25: [SM]   [0] ConVar.AddChangeHook
L 11/11/2022 - 20:40:25: [SM]   [1] Line 98, J:\Documents\GitHub\L4D2-Competitive-Rework\addons\sourcemod\scripting\spechud.sp::OnPluginStart
L 11/11/2022 - 20:40:25: [SM] Unable to load plugin "spechud.smx": Error detected in plugin startup (see error logs)
L 11/11/2022 - 20:42:29: Error log file session closed.
L 11/11/2022 - 20:42:42: SourceMod error session started
L 11/11/2022 - 20:42:42: Info (map "c1m1_hotel") (file "/home/steam/l4d2/left4dead2/addons/sourcemod/logs/errors_20221111.log")
L 11/11/2022 - 20:42:42: [SM] Failed to load plugin "smac_css_antiflash.smx": This module will not work for this mod and should be removed..
L 11/11/2022 - 20:42:42: [SM] Failed to load plugin "smac_hl2dm_fixes.smx": This module will not work for this mod and should be removed..
L 11/11/2022 - 20:42:42: [SM] Failed to load plugin "smac_css_fixes.smx": This module will not work for this mod and should be removed..
L 11/11/2022 - 20:42:42: [SM] Failed to load plugin "smac_css_antismoke.smx": This module will not work for this mod and should be removed..
L 11/11/2022 - 20:42:42: [SM] Exception reported: Invalid convar handle 0 (error 4)
L 11/11/2022 - 20:42:42: [SM] Blaming: spechud.smx
L 11/11/2022 - 20:42:42: [SM] Call stack trace:
L 11/11/2022 - 20:42:42: [SM]   [0] ConVar.AddChangeHook
L 11/11/2022 - 20:42:42: [SM]   [1] Line 98, J:\Documents\GitHub\L4D2-Competitive-Rework\addons\sourcemod\scripting\spechud.sp::OnPluginStart
L 11/11/2022 - 20:42:42: [SM] Unable to load plugin "spechud.smx": Error detected in plugin startup (see error logs)
L 11/11/2022 - 20:43:08: Error log file session closed.
L 11/11/2022 - 20:43:20: SourceMod error session started
L 11/11/2022 - 20:43:20: Info (map "c1m1_hotel") (file "/home/steam/l4d2/left4dead2/addons/sourcemod/logs/errors_20221111.log")
L 11/11/2022 - 20:43:20: [SM] Failed to load plugin "smac_css_antiflash.smx": This module will not work for this mod and should be removed..
L 11/11/2022 - 20:43:20: [SM] Failed to load plugin "smac_hl2dm_fixes.smx": This module will not work for this mod and should be removed..
L 11/11/2022 - 20:43:20: [SM] Failed to load plugin "smac_css_fixes.smx": This module will not work for this mod and should be removed..
L 11/11/2022 - 20:43:20: [SM] Failed to load plugin "smac_css_antismoke.smx": This module will not work for this mod and should be removed..
L 11/11/2022 - 20:43:20: [SM] Exception reported: Invalid convar handle 0 (error 4)
L 11/11/2022 - 20:43:20: [SM] Blaming: spechud.smx
L 11/11/2022 - 20:43:20: [SM] Call stack trace:
L 11/11/2022 - 20:43:20: [SM]   [0] ConVar.AddChangeHook
L 11/11/2022 - 20:43:20: [SM]   [1] Line 98, J:\Documents\GitHub\L4D2-Competitive-Rework\addons\sourcemod\scripting\spechud.sp::OnPluginStart
L 11/11/2022 - 20:43:20: [SM] Unable to load plugin "spechud.smx": Error detected in plugin startup (see error logs)
L 11/11/2022 - 20:46:30: SourceMod error session started
L 11/11/2022 - 20:46:30: Info (map "c1m1_hotel") (file "/home/steam/l4d2/left4dead2/addons/sourcemod/logs/errors_20221111.log")
L 11/11/2022 - 20:46:30: [SM] Failed to load plugin "smac_css_antiflash.smx": This module will not work for this mod and should be removed..
L 11/11/2022 - 20:46:30: [SM] Failed to load plugin "smac_hl2dm_fixes.smx": This module will not work for this mod and should be removed..
L 11/11/2022 - 20:46:30: [SM] Failed to load plugin "smac_css_fixes.smx": This module will not work for this mod and should be removed..
L 11/11/2022 - 20:46:30: [SM] Failed to load plugin "smac_css_antismoke.smx": This module will not work for this mod and should be removed..
L 11/11/2022 - 20:46:30: [SM] Exception reported: Invalid convar handle 0 (error 4)
L 11/11/2022 - 20:46:30: [SM] Blaming: spechud.smx
L 11/11/2022 - 20:46:30: [SM] Call stack trace:
L 11/11/2022 - 20:46:30: [SM]   [0] ConVar.AddChangeHook
L 11/11/2022 - 20:46:30: [SM]   [1] Line 98, J:\Documents\GitHub\L4D2-Competitive-Rework\addons\sourcemod\scripting\spechud.sp::OnPluginStart
L 11/11/2022 - 20:46:30: [SM] Unable to load plugin "spechud.smx": Error detected in plugin startup (see error logs)
L 11/11/2022 - 20:48:40: Error log file session closed.
L 11/11/2022 - 20:48:53: SourceMod error session started
L 11/11/2022 - 20:48:53: Info (map "c1m1_hotel") (file "/home/steam/l4d2/left4dead2/addons/sourcemod/logs/errors_20221111.log")
L 11/11/2022 - 20:48:53: [SM] Failed to load plugin "smac_css_antiflash.smx": This module will not work for this mod and should be removed..
L 11/11/2022 - 20:48:53: [SM] Failed to load plugin "smac_hl2dm_fixes.smx": This module will not work for this mod and should be removed..
L 11/11/2022 - 20:48:53: [SM] Failed to load plugin "smac_css_fixes.smx": This module will not work for this mod and should be removed..
L 11/11/2022 - 20:48:53: [SM] Failed to load plugin "smac_css_antismoke.smx": This module will not work for this mod and should be removed..
L 11/11/2022 - 20:48:53: [SM] Exception reported: Invalid convar handle 0 (error 4)
L 11/11/2022 - 20:48:53: [SM] Blaming: spechud.smx
L 11/11/2022 - 20:48:53: [SM] Call stack trace:
L 11/11/2022 - 20:48:53: [SM]   [0] ConVar.AddChangeHook
L 11/11/2022 - 20:48:53: [SM]   [1] Line 98, J:\Documents\GitHub\L4D2-Competitive-Rework\addons\sourcemod\scripting\spechud.sp::OnPluginStart
L 11/11/2022 - 20:48:53: [SM] Unable to load plugin "spechud.smx": Error detected in plugin startup (see error logs)
L 11/11/2022 - 20:55:13: Error log file session closed.
L 11/11/2022 - 20:55:26: SourceMod error session started
L 11/11/2022 - 20:55:26: Info (map "c1m1_hotel") (file "/home/steam/l4d2/left4dead2/addons/sourcemod/logs/errors_20221111.log")
L 11/11/2022 - 20:55:26: [SM] Failed to load plugin "smac_css_antiflash.smx": This module will not work for this mod and should be removed..
L 11/11/2022 - 20:55:26: [SM] Failed to load plugin "smac_hl2dm_fixes.smx": This module will not work for this mod and should be removed..
L 11/11/2022 - 20:55:26: [SM] Failed to load plugin "smac_css_fixes.smx": This module will not work for this mod and should be removed..
L 11/11/2022 - 20:55:26: [SM] Failed to load plugin "smac_css_antismoke.smx": This module will not work for this mod and should be removed..
L 11/11/2022 - 20:55:26: [SM] Exception reported: Invalid convar handle 0 (error 4)
L 11/11/2022 - 20:55:26: [SM] Blaming: spechud.smx
L 11/11/2022 - 20:55:26: [SM] Call stack trace:
L 11/11/2022 - 20:55:26: [SM]   [0] ConVar.AddChangeHook
L 11/11/2022 - 20:55:26: [SM]   [1] Line 98, J:\Documents\GitHub\L4D2-Competitive-Rework\addons\sourcemod\scripting\spechud.sp::OnPluginStart
L 11/11/2022 - 20:55:26: [SM] Unable to load plugin "spechud.smx": Error detected in plugin startup (see error logs)
L 11/11/2022 - 20:59:51: SourceMod error session started
L 11/11/2022 - 20:59:51: Info (map "c1m1_hotel") (file "/home/steam/l4d2/left4dead2/addons/sourcemod/logs/errors_20221111.log")
L 11/11/2022 - 20:59:51: [SM] Failed to load plugin "smac_css_antiflash.smx": This module will not work for this mod and should be removed..
L 11/11/2022 - 20:59:51: [SM] Failed to load plugin "smac_hl2dm_fixes.smx": This module will not work for this mod and should be removed..
L 11/11/2022 - 20:59:51: [SM] Failed to load plugin "smac_css_fixes.smx": This module will not work for this mod and should be removed..
L 11/11/2022 - 20:59:51: [SM] Failed to load plugin "smac_css_antismoke.smx": This module will not work for this mod and should be removed..
L 11/11/2022 - 20:59:51: [SM] Exception reported: Invalid convar handle 0 (error 4)
L 11/11/2022 - 20:59:51: [SM] Blaming: spechud.smx
L 11/11/2022 - 20:59:51: [SM] Call stack trace:
L 11/11/2022 - 20:59:51: [SM]   [0] ConVar.AddChangeHook
L 11/11/2022 - 20:59:51: [SM]   [1] Line 98, J:\Documents\GitHub\L4D2-Competitive-Rework\addons\sourcemod\scripting\spechud.sp::OnPluginStart
L 11/11/2022 - 20:59:51: [SM] Unable to load plugin "spechud.smx": Error detected in plugin startup (see error logs)
L 11/11/2022 - 21:01:07: Error log file session closed.
