L 11/06/2022 - 17:15:03: SourceMod error session started
L 11/06/2022 - 17:15:03: Info (map "c1m1_hotel") (file "/home/steam/l4d2/left4dead2/addons/sourcemod/logs/errors_20221106.log")
L 11/06/2022 - 17:15:03: [SM] Failed to load plugin "smac_css_antiflash.smx": This module will not work for this mod and should be removed..
L 11/06/2022 - 17:15:04: [SM] Failed to load plugin "smac_hl2dm_fixes.smx": This module will not work for this mod and should be removed..
L 11/06/2022 - 17:15:04: [SM] Failed to load plugin "smac_css_fixes.smx": This module will not work for this mod and should be removed..
L 11/06/2022 - 17:15:04: [SM] Failed to load plugin "smac_css_antismoke.smx": This module will not work for this mod and should be removed..
L 11/06/2022 - 17:15:04: [SM] Exception reported: Invalid convar handle 0 (error 4)
L 11/06/2022 - 17:15:04: [SM] Blaming: spechud.smx
L 11/06/2022 - 17:15:04: [SM] Call stack trace:
L 11/06/2022 - 17:15:04: [SM]   [0] ConVar.AddChangeHook
L 11/06/2022 - 17:15:04: [SM]   [1] Line 98, J:\Documents\GitHub\L4D2-Competitive-Rework\addons\sourcemod\scripting\spechud.sp::OnPluginStart
L 11/06/2022 - 17:15:04: [SM] Unable to load plugin "spechud.smx": Error detected in plugin startup (see error logs)
L 11/06/2022 - 17:15:51: Error log file session closed.
L 11/06/2022 - 17:24:24: SourceMod error session started
L 11/06/2022 - 17:24:24: Info (map "c8m1_apartment") (file "/home/steam/l4d2/left4dead2/addons/sourcemod/logs/errors_20221106.log")
L 11/06/2022 - 17:24:24: [SM] Exception reported: Invalid timer handle b7c00427 (error 3)
L 11/06/2022 - 17:24:24: [SM] Blaming: l4d2_mix.smx
L 11/06/2022 - 17:24:24: [SM] Call stack trace:
L 11/06/2022 - 17:24:24: [SM]   [0] KillTimer
L 11/06/2022 - 17:24:24: [SM]   [1] Line 94, l4d2_mix.sp::StopMix
L 11/06/2022 - 17:24:24: [SM]   [2] Line 75, l4d2_mix.sp::OnRoundIsLive
L 11/06/2022 - 17:24:24: [SM]   [4] Call_Finish
L 11/06/2022 - 17:24:24: [SM]   [5] Line 37, readyup\util.inc::UTIL_WrapperForward
L 11/06/2022 - 17:24:24: [SM]   [6] Line 89, readyup\action.inc::InitiateLive
L 11/06/2022 - 17:24:24: [SM]   [7] Line 116, readyup\action.inc::ReadyCountdownDelay_Timer
L 11/06/2022 - 17:27:30: [SM] Exception reported: Invalid timer handle b7c00427 (error 1)
L 11/06/2022 - 17:27:30: [SM] Blaming: l4d2_mix.smx
L 11/06/2022 - 17:27:30: [SM] Call stack trace:
L 11/06/2022 - 17:27:30: [SM]   [0] KillTimer
L 11/06/2022 - 17:27:30: [SM]   [1] Line 94, l4d2_mix.sp::StopMix
L 11/06/2022 - 17:27:30: [SM]   [2] Line 75, l4d2_mix.sp::OnRoundIsLive
L 11/06/2022 - 17:27:30: [SM]   [4] Call_Finish
L 11/06/2022 - 17:27:30: [SM]   [5] Line 37, readyup\util.inc::UTIL_WrapperForward
L 11/06/2022 - 17:27:30: [SM]   [6] Line 89, readyup\action.inc::InitiateLive
L 11/06/2022 - 17:27:30: [SM]   [7] Line 116, readyup\action.inc::ReadyCountdownDelay_Timer
L 11/06/2022 - 17:29:22: Error log file session closed.
L 11/06/2022 - 17:29:23: SourceMod error session started
L 11/06/2022 - 17:29:23: Info (map "c8m2_subway") (file "/home/steam/l4d2/left4dead2/addons/sourcemod/logs/errors_20221106.log")
L 11/06/2022 - 17:29:23: [SM] Exception reported: Invalid timer handle b7c00427 (error 1)
L 11/06/2022 - 17:29:23: [SM] Blaming: l4d2_mix.smx
L 11/06/2022 - 17:29:23: [SM] Call stack trace:
L 11/06/2022 - 17:29:23: [SM]   [0] KillTimer
L 11/06/2022 - 17:29:23: [SM]   [1] Line 94, l4d2_mix.sp::StopMix
L 11/06/2022 - 17:29:23: [SM]   [2] Line 70, l4d2_mix.sp::OnMapStart
L 11/06/2022 - 17:31:25: [SM] Exception reported: Invalid timer handle b7c00427 (error 3)
L 11/06/2022 - 17:31:25: [SM] Blaming: l4d2_mix.smx
L 11/06/2022 - 17:31:25: [SM] Call stack trace:
L 11/06/2022 - 17:31:25: [SM]   [0] KillTimer
L 11/06/2022 - 17:31:25: [SM]   [1] Line 94, l4d2_mix.sp::StopMix
L 11/06/2022 - 17:31:25: [SM]   [2] Line 75, l4d2_mix.sp::OnRoundIsLive
L 11/06/2022 - 17:31:25: [SM]   [4] Call_Finish
L 11/06/2022 - 17:31:25: [SM]   [5] Line 37, readyup\util.inc::UTIL_WrapperForward
L 11/06/2022 - 17:31:25: [SM]   [6] Line 89, readyup\action.inc::InitiateLive
L 11/06/2022 - 17:31:25: [SM]   [7] Line 116, readyup\action.inc::ReadyCountdownDelay_Timer
L 11/06/2022 - 17:40:39: [SM] Exception reported: Invalid timer handle b7c00427 (error 3)
L 11/06/2022 - 17:40:39: [SM] Blaming: l4d2_mix.smx
L 11/06/2022 - 17:40:39: [SM] Call stack trace:
L 11/06/2022 - 17:40:39: [SM]   [0] KillTimer
L 11/06/2022 - 17:40:39: [SM]   [1] Line 94, l4d2_mix.sp::StopMix
L 11/06/2022 - 17:40:39: [SM]   [2] Line 75, l4d2_mix.sp::OnRoundIsLive
L 11/06/2022 - 17:40:39: [SM]   [4] Call_Finish
L 11/06/2022 - 17:40:39: [SM]   [5] Line 37, readyup\util.inc::UTIL_WrapperForward
L 11/06/2022 - 17:40:39: [SM]   [6] Line 89, readyup\action.inc::InitiateLive
L 11/06/2022 - 17:40:39: [SM]   [7] Line 116, readyup\action.inc::ReadyCountdownDelay_Timer
L 11/06/2022 - 17:47:13: Error log file session closed.
L 11/06/2022 - 17:47:15: SourceMod error session started
L 11/06/2022 - 17:47:15: Info (map "c8m3_sewers") (file "/home/steam/l4d2/left4dead2/addons/sourcemod/logs/errors_20221106.log")
L 11/06/2022 - 17:47:15: [SM] Exception reported: Invalid timer handle b7c00427 (error 1)
L 11/06/2022 - 17:47:15: [SM] Blaming: l4d2_mix.smx
L 11/06/2022 - 17:47:15: [SM] Call stack trace:
L 11/06/2022 - 17:47:15: [SM]   [0] KillTimer
L 11/06/2022 - 17:47:15: [SM]   [1] Line 94, l4d2_mix.sp::StopMix
L 11/06/2022 - 17:47:15: [SM]   [2] Line 70, l4d2_mix.sp::OnMapStart
L 11/06/2022 - 17:48:35: [SM] Exception reported: Invalid timer handle b7c00427 (error 3)
L 11/06/2022 - 17:48:35: [SM] Blaming: l4d2_mix.smx
L 11/06/2022 - 17:48:35: [SM] Call stack trace:
L 11/06/2022 - 17:48:35: [SM]   [0] KillTimer
L 11/06/2022 - 17:48:35: [SM]   [1] Line 94, l4d2_mix.sp::StopMix
L 11/06/2022 - 17:48:35: [SM]   [2] Line 75, l4d2_mix.sp::OnRoundIsLive
L 11/06/2022 - 17:48:35: [SM]   [4] Call_Finish
L 11/06/2022 - 17:48:35: [SM]   [5] Line 37, readyup\util.inc::UTIL_WrapperForward
L 11/06/2022 - 17:48:35: [SM]   [6] Line 89, readyup\action.inc::InitiateLive
L 11/06/2022 - 17:48:35: [SM]   [7] Line 116, readyup\action.inc::ReadyCountdownDelay_Timer
L 11/06/2022 - 17:56:41: [SM] Exception reported: Invalid timer handle b7c00427 (error 1)
L 11/06/2022 - 17:56:41: [SM] Blaming: l4d2_mix.smx
L 11/06/2022 - 17:56:41: [SM] Call stack trace:
L 11/06/2022 - 17:56:41: [SM]   [0] KillTimer
L 11/06/2022 - 17:56:41: [SM]   [1] Line 94, l4d2_mix.sp::StopMix
L 11/06/2022 - 17:56:41: [SM]   [2] Line 75, l4d2_mix.sp::OnRoundIsLive
L 11/06/2022 - 17:56:41: [SM]   [4] Call_Finish
L 11/06/2022 - 17:56:41: [SM]   [5] Line 37, readyup\util.inc::UTIL_WrapperForward
L 11/06/2022 - 17:56:41: [SM]   [6] Line 89, readyup\action.inc::InitiateLive
L 11/06/2022 - 17:56:41: [SM]   [7] Line 116, readyup\action.inc::ReadyCountdownDelay_Timer
L 11/06/2022 - 18:03:32: Error log file session closed.
L 11/06/2022 - 18:03:33: SourceMod error session started
L 11/06/2022 - 18:03:33: Info (map "c8m4_interior") (file "/home/steam/l4d2/left4dead2/addons/sourcemod/logs/errors_20221106.log")
L 11/06/2022 - 18:03:33: [SM] Exception reported: Invalid timer handle b7c00427 (error 1)
L 11/06/2022 - 18:03:33: [SM] Blaming: l4d2_mix.smx
L 11/06/2022 - 18:03:33: [SM] Call stack trace:
L 11/06/2022 - 18:03:33: [SM]   [0] KillTimer
L 11/06/2022 - 18:03:33: [SM]   [1] Line 94, l4d2_mix.sp::StopMix
L 11/06/2022 - 18:03:33: [SM]   [2] Line 70, l4d2_mix.sp::OnMapStart
L 11/06/2022 - 18:04:29: [SM] Exception reported: Invalid timer handle b7c00427 (error 3)
L 11/06/2022 - 18:04:29: [SM] Blaming: l4d2_mix.smx
L 11/06/2022 - 18:04:29: [SM] Call stack trace:
L 11/06/2022 - 18:04:29: [SM]   [0] KillTimer
L 11/06/2022 - 18:04:29: [SM]   [1] Line 94, l4d2_mix.sp::StopMix
L 11/06/2022 - 18:04:29: [SM]   [2] Line 75, l4d2_mix.sp::OnRoundIsLive
L 11/06/2022 - 18:04:29: [SM]   [4] Call_Finish
L 11/06/2022 - 18:04:29: [SM]   [5] Line 37, readyup\util.inc::UTIL_WrapperForward
L 11/06/2022 - 18:04:29: [SM]   [6] Line 89, readyup\action.inc::InitiateLive
L 11/06/2022 - 18:04:29: [SM]   [7] Line 116, readyup\action.inc::ReadyCountdownDelay_Timer
L 11/06/2022 - 18:13:08: [SM] Exception reported: Invalid timer handle b7c00427 (error 3)
L 11/06/2022 - 18:13:08: [SM] Blaming: l4d2_mix.smx
L 11/06/2022 - 18:13:08: [SM] Call stack trace:
L 11/06/2022 - 18:13:08: [SM]   [0] KillTimer
L 11/06/2022 - 18:13:08: [SM]   [1] Line 94, l4d2_mix.sp::StopMix
L 11/06/2022 - 18:13:08: [SM]   [2] Line 75, l4d2_mix.sp::OnRoundIsLive
L 11/06/2022 - 18:13:08: [SM]   [4] Call_Finish
L 11/06/2022 - 18:13:08: [SM]   [5] Line 37, readyup\util.inc::UTIL_WrapperForward
L 11/06/2022 - 18:13:08: [SM]   [6] Line 89, readyup\action.inc::InitiateLive
L 11/06/2022 - 18:13:08: [SM]   [7] Line 116, readyup\action.inc::ReadyCountdownDelay_Timer
L 11/06/2022 - 18:21:40: Error log file session closed.
L 11/06/2022 - 18:21:41: SourceMod error session started
L 11/06/2022 - 18:21:41: Info (map "c8m5_rooftop") (file "/home/steam/l4d2/left4dead2/addons/sourcemod/logs/errors_20221106.log")
L 11/06/2022 - 18:21:41: [SM] Exception reported: Invalid timer handle b7c00427 (error 3)
L 11/06/2022 - 18:21:41: [SM] Blaming: l4d2_mix.smx
L 11/06/2022 - 18:21:41: [SM] Call stack trace:
L 11/06/2022 - 18:21:41: [SM]   [0] KillTimer
L 11/06/2022 - 18:21:41: [SM]   [1] Line 94, l4d2_mix.sp::StopMix
L 11/06/2022 - 18:21:41: [SM]   [2] Line 70, l4d2_mix.sp::OnMapStart
L 11/06/2022 - 18:22:40: [SM] Exception reported: Invalid timer handle b7c00427 (error 1)
L 11/06/2022 - 18:22:40: [SM] Blaming: l4d2_mix.smx
L 11/06/2022 - 18:22:40: [SM] Call stack trace:
L 11/06/2022 - 18:22:40: [SM]   [0] KillTimer
L 11/06/2022 - 18:22:40: [SM]   [1] Line 94, l4d2_mix.sp::StopMix
L 11/06/2022 - 18:22:40: [SM]   [2] Line 75, l4d2_mix.sp::OnRoundIsLive
L 11/06/2022 - 18:22:40: [SM]   [4] Call_Finish
L 11/06/2022 - 18:22:40: [SM]   [5] Line 37, readyup\util.inc::UTIL_WrapperForward
L 11/06/2022 - 18:22:40: [SM]   [6] Line 89, readyup\action.inc::InitiateLive
L 11/06/2022 - 18:22:40: [SM]   [7] Line 116, readyup\action.inc::ReadyCountdownDelay_Timer
L 11/06/2022 - 18:32:41: [SM] Exception reported: Invalid timer handle b7c00427 (error 3)
L 11/06/2022 - 18:32:41: [SM] Blaming: l4d2_mix.smx
L 11/06/2022 - 18:32:41: [SM] Call stack trace:
L 11/06/2022 - 18:32:41: [SM]   [0] KillTimer
L 11/06/2022 - 18:32:41: [SM]   [1] Line 94, l4d2_mix.sp::StopMix
L 11/06/2022 - 18:32:41: [SM]   [2] Line 75, l4d2_mix.sp::OnRoundIsLive
L 11/06/2022 - 18:32:41: [SM]   [4] Call_Finish
L 11/06/2022 - 18:32:41: [SM]   [5] Line 37, readyup\util.inc::UTIL_WrapperForward
L 11/06/2022 - 18:32:41: [SM]   [6] Line 89, readyup\action.inc::InitiateLive
L 11/06/2022 - 18:32:41: [SM]   [7] Line 116, readyup\action.inc::ReadyCountdownDelay_Timer
L 11/06/2022 - 18:38:50: Error log file session closed.
L 11/06/2022 - 18:38:51: SourceMod error session started
L 11/06/2022 - 18:38:51: Info (map "c2m1_highway") (file "/home/steam/l4d2/left4dead2/addons/sourcemod/logs/errors_20221106.log")
L 11/06/2022 - 18:38:51: [SM] Exception reported: Invalid timer handle b7c00427 (error 3)
L 11/06/2022 - 18:38:51: [SM] Blaming: l4d2_mix.smx
L 11/06/2022 - 18:38:51: [SM] Call stack trace:
L 11/06/2022 - 18:38:51: [SM]   [0] KillTimer
L 11/06/2022 - 18:38:51: [SM]   [1] Line 94, l4d2_mix.sp::StopMix
L 11/06/2022 - 18:38:51: [SM]   [2] Line 70, l4d2_mix.sp::OnMapStart
L 11/06/2022 - 19:01:04: Error log file session closed.
