L 10/29/2022 - 00:05:30: SourceMod error session started
L 10/29/2022 - 00:05:30: Info (map "c1m1_hotel") (file "/home/steam/l4d2/left4dead2/addons/sourcemod/logs/errors_20221029.log")
L 10/29/2022 - 00:05:30: [SM] Exception reported: Invalid convar handle 0 (error 4)
L 10/29/2022 - 00:05:30: [SM] Blaming: spechud.smx
L 10/29/2022 - 00:05:30: [SM] Call stack trace:
L 10/29/2022 - 00:05:30: [SM]   [0] ConVar.AddChangeHook
L 10/29/2022 - 00:05:30: [SM]   [1] Line 98, J:\Documents\GitHub\L4D2-Competitive-Rework\addons\sourcemod\scripting\spechud.sp::OnPluginStart
L 10/29/2022 - 00:05:30: [SM] Unable to load plugin "spechud.smx": Error detected in plugin startup (see error logs)
L 10/29/2022 - 00:06:08: Error log file session closed.
L 10/29/2022 - 17:32:30: SourceMod error session started
L 10/29/2022 - 17:32:30: Info (map "c1m1_hotel") (file "/home/steam/l4d2/left4dead2/addons/sourcemod/logs/errors_20221029.log")
L 10/29/2022 - 17:32:30: [SM] Exception reported: Invalid convar handle 0 (error 4)
L 10/29/2022 - 17:32:30: [SM] Blaming: spechud.smx
L 10/29/2022 - 17:32:30: [SM] Call stack trace:
L 10/29/2022 - 17:32:30: [SM]   [0] ConVar.AddChangeHook
L 10/29/2022 - 17:32:30: [SM]   [1] Line 98, J:\Documents\GitHub\L4D2-Competitive-Rework\addons\sourcemod\scripting\spechud.sp::OnPluginStart
L 10/29/2022 - 17:32:30: [SM] Unable to load plugin "spechud.smx": Error detected in plugin startup (see error logs)
L 10/29/2022 - 20:28:12: SourceMod error session started
L 10/29/2022 - 20:28:12: Info (map "c1m1_hotel") (file "/home/steam/l4d2/left4dead2/addons/sourcemod/logs/errors_20221029.log")
L 10/29/2022 - 20:28:12: [SM] Exception reported: Invalid convar handle 0 (error 4)
L 10/29/2022 - 20:28:12: [SM] Blaming: spechud.smx
L 10/29/2022 - 20:28:12: [SM] Call stack trace:
L 10/29/2022 - 20:28:12: [SM]   [0] ConVar.AddChangeHook
L 10/29/2022 - 20:28:12: [SM]   [1] Line 98, J:\Documents\GitHub\L4D2-Competitive-Rework\addons\sourcemod\scripting\spechud.sp::OnPluginStart
L 10/29/2022 - 20:28:12: [SM] Unable to load plugin "spechud.smx": Error detected in plugin startup (see error logs)
L 10/29/2022 - 20:29:05: Error log file session closed.
L 10/29/2022 - 20:43:08: SourceMod error session started
L 10/29/2022 - 20:43:08: Info (map "c1m1_hotel") (file "/home/steam/l4d2/left4dead2/addons/sourcemod/logs/errors_20221029.log")
L 10/29/2022 - 20:43:08: [SM] Exception reported: Invalid convar handle 0 (error 4)
L 10/29/2022 - 20:43:08: [SM] Blaming: spechud.smx
L 10/29/2022 - 20:43:08: [SM] Call stack trace:
L 10/29/2022 - 20:43:08: [SM]   [0] ConVar.AddChangeHook
L 10/29/2022 - 20:43:08: [SM]   [1] Line 98, J:\Documents\GitHub\L4D2-Competitive-Rework\addons\sourcemod\scripting\spechud.sp::OnPluginStart
L 10/29/2022 - 20:43:08: [SM] Unable to load plugin "spechud.smx": Error detected in plugin startup (see error logs)
L 10/29/2022 - 20:43:33: Error log file session closed.
L 10/29/2022 - 22:51:17: SourceMod error session started
L 10/29/2022 - 22:51:17: Info (map "c1m2_streets") (file "/home/steam/l4d2/left4dead2/addons/sourcemod/logs/errors_20221029.log")
L 10/29/2022 - 22:51:17: [SM] Exception reported: Invalid convar handle 0 (error 4)
L 10/29/2022 - 22:51:17: [SM] Blaming: pause.smx
L 10/29/2022 - 22:51:17: [SM] Call stack trace:
L 10/29/2022 - 22:51:17: [SM]   [0] ConVar.IntValue.get
L 10/29/2022 - 22:51:17: [SM]   [1] Line 679, c:\Users\Sir\SourcePawn11\pause.sp::InitiateLiveCountdown
L 10/29/2022 - 22:51:17: [SM]   [2] Line 333, c:\Users\Sir\SourcePawn11\pause.sp::Unpause_Cmd
L 10/29/2022 - 22:51:45: [SM] Exception reported: Invalid convar handle 0 (error 4)
L 10/29/2022 - 22:51:45: [SM] Blaming: pause.smx
L 10/29/2022 - 22:51:45: [SM] Call stack trace:
L 10/29/2022 - 22:51:45: [SM]   [0] ConVar.IntValue.get
L 10/29/2022 - 22:51:45: [SM]   [1] Line 679, c:\Users\Sir\SourcePawn11\pause.sp::InitiateLiveCountdown
L 10/29/2022 - 22:51:45: [SM]   [2] Line 333, c:\Users\Sir\SourcePawn11\pause.sp::Unpause_Cmd
L 10/29/2022 - 22:51:53: [SM] Exception reported: Invalid convar handle 0 (error 4)
L 10/29/2022 - 22:51:53: [SM] Blaming: pause.smx
L 10/29/2022 - 22:51:53: [SM] Call stack trace:
L 10/29/2022 - 22:51:53: [SM]   [0] ConVar.IntValue.get
L 10/29/2022 - 22:51:53: [SM]   [1] Line 679, c:\Users\Sir\SourcePawn11\pause.sp::InitiateLiveCountdown
L 10/29/2022 - 22:51:53: [SM]   [2] Line 333, c:\Users\Sir\SourcePawn11\pause.sp::Unpause_Cmd
L 10/29/2022 - 22:51:58: [SM] Exception reported: Invalid convar handle 0 (error 4)
L 10/29/2022 - 22:51:58: [SM] Blaming: pause.smx
L 10/29/2022 - 22:51:58: [SM] Call stack trace:
L 10/29/2022 - 22:51:58: [SM]   [0] ConVar.IntValue.get
L 10/29/2022 - 22:51:58: [SM]   [1] Line 679, c:\Users\Sir\SourcePawn11\pause.sp::InitiateLiveCountdown
L 10/29/2022 - 22:51:58: [SM]   [2] Line 333, c:\Users\Sir\SourcePawn11\pause.sp::Unpause_Cmd
L 10/29/2022 - 22:52:27: [SM] Exception reported: Invalid convar handle 0 (error 4)
L 10/29/2022 - 22:52:27: [SM] Blaming: pause.smx
L 10/29/2022 - 22:52:27: [SM] Call stack trace:
L 10/29/2022 - 22:52:27: [SM]   [0] ConVar.IntValue.get
L 10/29/2022 - 22:52:27: [SM]   [1] Line 679, c:\Users\Sir\SourcePawn11\pause.sp::InitiateLiveCountdown
L 10/29/2022 - 22:52:27: [SM]   [2] Line 333, c:\Users\Sir\SourcePawn11\pause.sp::Unpause_Cmd
L 10/29/2022 - 22:52:32: [SM] Exception reported: Invalid convar handle 0 (error 4)
L 10/29/2022 - 22:52:32: [SM] Blaming: pause.smx
L 10/29/2022 - 22:52:32: [SM] Call stack trace:
L 10/29/2022 - 22:52:32: [SM]   [0] ConVar.IntValue.get
L 10/29/2022 - 22:52:32: [SM]   [1] Line 679, c:\Users\Sir\SourcePawn11\pause.sp::InitiateLiveCountdown
L 10/29/2022 - 22:52:32: [SM]   [2] Line 333, c:\Users\Sir\SourcePawn11\pause.sp::Unpause_Cmd
L 10/29/2022 - 22:52:44: [SM] Exception reported: Invalid convar handle 0 (error 4)
L 10/29/2022 - 22:52:44: [SM] Blaming: pause.smx
L 10/29/2022 - 22:52:44: [SM] Call stack trace:
L 10/29/2022 - 22:52:44: [SM]   [0] ConVar.IntValue.get
L 10/29/2022 - 22:52:44: [SM]   [1] Line 679, c:\Users\Sir\SourcePawn11\pause.sp::InitiateLiveCountdown
L 10/29/2022 - 22:52:44: [SM]   [2] Line 333, c:\Users\Sir\SourcePawn11\pause.sp::Unpause_Cmd
L 10/29/2022 - 22:52:55: [SM] Exception reported: Invalid convar handle 0 (error 4)
L 10/29/2022 - 22:52:55: [SM] Blaming: pause.smx
L 10/29/2022 - 22:52:55: [SM] Call stack trace:
L 10/29/2022 - 22:52:55: [SM]   [0] ConVar.IntValue.get
L 10/29/2022 - 22:52:55: [SM]   [1] Line 679, c:\Users\Sir\SourcePawn11\pause.sp::InitiateLiveCountdown
L 10/29/2022 - 22:52:55: [SM]   [2] Line 193, c:\Users\Sir\SourcePawn11\pause.sp::OnClientDisconnect_Post
L 10/29/2022 - 22:52:56: [SM] Exception reported: Invalid convar handle 0 (error 4)
L 10/29/2022 - 22:52:56: [SM] Blaming: pause.smx
L 10/29/2022 - 22:52:56: [SM] Call stack trace:
L 10/29/2022 - 22:52:56: [SM]   [0] ConVar.IntValue.get
L 10/29/2022 - 22:52:56: [SM]   [1] Line 679, c:\Users\Sir\SourcePawn11\pause.sp::InitiateLiveCountdown
L 10/29/2022 - 22:52:56: [SM]   [2] Line 333, c:\Users\Sir\SourcePawn11\pause.sp::Unpause_Cmd
L 10/29/2022 - 22:54:04: [SM] Exception reported: Invalid convar handle 0 (error 4)
L 10/29/2022 - 22:54:04: [SM] Blaming: pause.smx
L 10/29/2022 - 22:54:04: [SM] Call stack trace:
L 10/29/2022 - 22:54:04: [SM]   [0] ConVar.IntValue.get
L 10/29/2022 - 22:54:04: [SM]   [1] Line 679, c:\Users\Sir\SourcePawn11\pause.sp::InitiateLiveCountdown
L 10/29/2022 - 22:54:04: [SM]   [2] Line 193, c:\Users\Sir\SourcePawn11\pause.sp::OnClientDisconnect_Post
L 10/29/2022 - 22:54:24: [SM] Exception reported: Invalid convar handle 0 (error 4)
L 10/29/2022 - 22:54:24: [SM] Blaming: pause.smx
L 10/29/2022 - 22:54:24: [SM] Call stack trace:
L 10/29/2022 - 22:54:24: [SM]   [0] ConVar.IntValue.get
L 10/29/2022 - 22:54:24: [SM]   [1] Line 679, c:\Users\Sir\SourcePawn11\pause.sp::InitiateLiveCountdown
L 10/29/2022 - 22:54:24: [SM]   [2] Line 193, c:\Users\Sir\SourcePawn11\pause.sp::OnClientDisconnect_Post
L 10/29/2022 - 22:54:36: [SM] Exception reported: Invalid convar handle 0 (error 4)
L 10/29/2022 - 22:54:36: [SM] Blaming: pause.smx
L 10/29/2022 - 22:54:36: [SM] Call stack trace:
L 10/29/2022 - 22:54:36: [SM]   [0] ConVar.IntValue.get
L 10/29/2022 - 22:54:36: [SM]   [1] Line 679, c:\Users\Sir\SourcePawn11\pause.sp::InitiateLiveCountdown
L 10/29/2022 - 22:54:36: [SM]   [2] Line 193, c:\Users\Sir\SourcePawn11\pause.sp::OnClientDisconnect_Post
L 10/29/2022 - 22:54:39: [SM] Exception reported: Invalid convar handle 0 (error 4)
L 10/29/2022 - 22:54:39: [SM] Blaming: pause.smx
L 10/29/2022 - 22:54:39: [SM] Call stack trace:
L 10/29/2022 - 22:54:39: [SM]   [0] ConVar.IntValue.get
L 10/29/2022 - 22:54:39: [SM]   [1] Line 679, c:\Users\Sir\SourcePawn11\pause.sp::InitiateLiveCountdown
L 10/29/2022 - 22:54:39: [SM]   [2] Line 193, c:\Users\Sir\SourcePawn11\pause.sp::OnClientDisconnect_Post
L 10/29/2022 - 22:54:48: [SM] Exception reported: Invalid convar handle 0 (error 4)
L 10/29/2022 - 22:54:48: [SM] Blaming: pause.smx
L 10/29/2022 - 22:54:48: [SM] Call stack trace:
L 10/29/2022 - 22:54:48: [SM]   [0] ConVar.IntValue.get
L 10/29/2022 - 22:54:48: [SM]   [1] Line 679, c:\Users\Sir\SourcePawn11\pause.sp::InitiateLiveCountdown
L 10/29/2022 - 22:54:48: [SM]   [2] Line 193, c:\Users\Sir\SourcePawn11\pause.sp::OnClientDisconnect_Post
L 10/29/2022 - 22:54:53: [SM] Exception reported: Invalid convar handle 0 (error 4)
L 10/29/2022 - 22:54:53: [SM] Blaming: pause.smx
L 10/29/2022 - 22:54:53: [SM] Call stack trace:
L 10/29/2022 - 22:54:53: [SM]   [0] ConVar.IntValue.get
L 10/29/2022 - 22:54:53: [SM]   [1] Line 679, c:\Users\Sir\SourcePawn11\pause.sp::InitiateLiveCountdown
L 10/29/2022 - 22:54:53: [SM]   [2] Line 193, c:\Users\Sir\SourcePawn11\pause.sp::OnClientDisconnect_Post
L 10/29/2022 - 22:56:11: [SM] Exception reported: Invalid convar handle 0 (error 4)
L 10/29/2022 - 22:56:11: [SM] Blaming: pause.smx
L 10/29/2022 - 22:56:11: [SM] Call stack trace:
L 10/29/2022 - 22:56:11: [SM]   [0] ConVar.IntValue.get
L 10/29/2022 - 22:56:11: [SM]   [1] Line 679, c:\Users\Sir\SourcePawn11\pause.sp::InitiateLiveCountdown
L 10/29/2022 - 22:56:11: [SM]   [2] Line 193, c:\Users\Sir\SourcePawn11\pause.sp::OnClientDisconnect_Post
L 10/29/2022 - 22:56:11: [SM] Exception reported: Invalid convar handle 0 (error 4)
L 10/29/2022 - 22:56:11: [SM] Blaming: pause.smx
L 10/29/2022 - 22:56:11: [SM] Call stack trace:
L 10/29/2022 - 22:56:11: [SM]   [0] ConVar.IntValue.get
L 10/29/2022 - 22:56:11: [SM]   [1] Line 679, c:\Users\Sir\SourcePawn11\pause.sp::InitiateLiveCountdown
L 10/29/2022 - 22:56:11: [SM]   [2] Line 193, c:\Users\Sir\SourcePawn11\pause.sp::OnClientDisconnect_Post
L 10/29/2022 - 22:56:11: [SM] Exception reported: Invalid convar handle 0 (error 4)
L 10/29/2022 - 22:56:11: [SM] Blaming: pause.smx
L 10/29/2022 - 22:56:11: [SM] Call stack trace:
L 10/29/2022 - 22:56:11: [SM]   [0] ConVar.IntValue.get
L 10/29/2022 - 22:56:11: [SM]   [1] Line 679, c:\Users\Sir\SourcePawn11\pause.sp::InitiateLiveCountdown
L 10/29/2022 - 22:56:11: [SM]   [2] Line 193, c:\Users\Sir\SourcePawn11\pause.sp::OnClientDisconnect_Post
L 10/29/2022 - 22:56:11: [SM] Exception reported: Invalid convar handle 0 (error 4)
L 10/29/2022 - 22:56:11: [SM] Blaming: pause.smx
L 10/29/2022 - 22:56:11: [SM] Call stack trace:
L 10/29/2022 - 22:56:11: [SM]   [0] ConVar.IntValue.get
L 10/29/2022 - 22:56:11: [SM]   [1] Line 679, c:\Users\Sir\SourcePawn11\pause.sp::InitiateLiveCountdown
L 10/29/2022 - 22:56:11: [SM]   [2] Line 193, c:\Users\Sir\SourcePawn11\pause.sp::OnClientDisconnect_Post
L 10/29/2022 - 22:56:11: [SM] Exception reported: Invalid convar handle 0 (error 4)
L 10/29/2022 - 22:56:11: [SM] Blaming: pause.smx
L 10/29/2022 - 22:56:11: [SM] Call stack trace:
L 10/29/2022 - 22:56:11: [SM]   [0] ConVar.IntValue.get
L 10/29/2022 - 22:56:11: [SM]   [1] Line 679, c:\Users\Sir\SourcePawn11\pause.sp::InitiateLiveCountdown
L 10/29/2022 - 22:56:11: [SM]   [2] Line 193, c:\Users\Sir\SourcePawn11\pause.sp::OnClientDisconnect_Post
L 10/29/2022 - 22:56:11: [SM] Exception reported: Invalid convar handle 0 (error 4)
L 10/29/2022 - 22:56:11: [SM] Blaming: pause.smx
L 10/29/2022 - 22:56:11: [SM] Call stack trace:
L 10/29/2022 - 22:56:11: [SM]   [0] ConVar.IntValue.get
L 10/29/2022 - 22:56:11: [SM]   [1] Line 679, c:\Users\Sir\SourcePawn11\pause.sp::InitiateLiveCountdown
L 10/29/2022 - 22:56:11: [SM]   [2] Line 193, c:\Users\Sir\SourcePawn11\pause.sp::OnClientDisconnect_Post
L 10/29/2022 - 22:56:11: [SM] Exception reported: Invalid convar handle 0 (error 4)
L 10/29/2022 - 22:56:11: [SM] Blaming: pause.smx
L 10/29/2022 - 22:56:11: [SM] Call stack trace:
L 10/29/2022 - 22:56:11: [SM]   [0] ConVar.IntValue.get
L 10/29/2022 - 22:56:11: [SM]   [1] Line 679, c:\Users\Sir\SourcePawn11\pause.sp::InitiateLiveCountdown
L 10/29/2022 - 22:56:11: [SM]   [2] Line 193, c:\Users\Sir\SourcePawn11\pause.sp::OnClientDisconnect_Post
L 10/29/2022 - 22:58:49: Error log file session closed.
