L 11/12/2022 - 00:47:43: SourceMod error session started
L 11/12/2022 - 00:47:43: Info (map "c1m1_hotel") (file "/home/steam/l4d2/left4dead2/addons/sourcemod/logs/errors_20221112.log")
L 11/12/2022 - 00:47:43: [SM] Failed to load plugin "smac_css_antiflash.smx": This module will not work for this mod and should be removed..
L 11/12/2022 - 00:47:43: [SM] Failed to load plugin "smac_hl2dm_fixes.smx": This module will not work for this mod and should be removed..
L 11/12/2022 - 00:47:43: [SM] Failed to load plugin "smac_css_fixes.smx": This module will not work for this mod and should be removed..
L 11/12/2022 - 00:47:43: [SM] Failed to load plugin "smac_css_antismoke.smx": This module will not work for this mod and should be removed..
L 11/12/2022 - 00:47:44: [SM] Exception reported: Invalid convar handle 0 (error 4)
L 11/12/2022 - 00:47:44: [SM] Blaming: spechud.smx
L 11/12/2022 - 00:47:44: [SM] Call stack trace:
L 11/12/2022 - 00:47:44: [SM]   [0] ConVar.AddChangeHook
L 11/12/2022 - 00:47:44: [SM]   [1] Line 98, J:\Documents\GitHub\L4D2-Competitive-Rework\addons\sourcemod\scripting\spechud.sp::OnPluginStart
L 11/12/2022 - 00:47:44: [SM] Unable to load plugin "spechud.smx": Error detected in plugin startup (see error logs)
L 11/12/2022 - 00:51:15: Error log file session closed.
L 11/12/2022 - 18:44:58: SourceMod error session started
L 11/12/2022 - 18:44:58: Info (map "c1m1_hotel") (file "/home/steam/l4d2/left4dead2/addons/sourcemod/logs/errors_20221112.log")
L 11/12/2022 - 18:44:58: [SM] Failed to load plugin "smac_css_antiflash.smx": This module will not work for this mod and should be removed..
L 11/12/2022 - 18:44:59: [SM] Failed to load plugin "smac_hl2dm_fixes.smx": This module will not work for this mod and should be removed..
L 11/12/2022 - 18:44:59: [SM] Failed to load plugin "smac_css_fixes.smx": This module will not work for this mod and should be removed..
L 11/12/2022 - 18:44:59: [SM] Failed to load plugin "smac_css_antismoke.smx": This module will not work for this mod and should be removed..
L 11/12/2022 - 18:44:59: [SM] Exception reported: Invalid convar handle 0 (error 4)
L 11/12/2022 - 18:44:59: [SM] Blaming: spechud.smx
L 11/12/2022 - 18:44:59: [SM] Call stack trace:
L 11/12/2022 - 18:44:59: [SM]   [0] ConVar.AddChangeHook
L 11/12/2022 - 18:44:59: [SM]   [1] Line 98, J:\Documents\GitHub\L4D2-Competitive-Rework\addons\sourcemod\scripting\spechud.sp::OnPluginStart
L 11/12/2022 - 18:44:59: [SM] Unable to load plugin "spechud.smx": Error detected in plugin startup (see error logs)
L 11/12/2022 - 18:45:58: Error log file session closed.
L 11/12/2022 - 22:14:42: SourceMod error session started
L 11/12/2022 - 22:14:42: Info (map "c1m1_hotel") (file "/home/steam/l4d2/left4dead2/addons/sourcemod/logs/errors_20221112.log")
L 11/12/2022 - 22:14:42: [SM] Failed to load plugin "smac_css_antiflash.smx": This module will not work for this mod and should be removed..
L 11/12/2022 - 22:14:42: [SM] Failed to load plugin "smac_hl2dm_fixes.smx": This module will not work for this mod and should be removed..
L 11/12/2022 - 22:14:42: [SM] Failed to load plugin "smac_css_fixes.smx": This module will not work for this mod and should be removed..
L 11/12/2022 - 22:14:42: [SM] Failed to load plugin "smac_css_antismoke.smx": This module will not work for this mod and should be removed..
L 11/12/2022 - 22:14:43: [SM] Exception reported: Invalid convar handle 0 (error 4)
L 11/12/2022 - 22:14:43: [SM] Blaming: spechud.smx
L 11/12/2022 - 22:14:43: [SM] Call stack trace:
L 11/12/2022 - 22:14:43: [SM]   [0] ConVar.AddChangeHook
L 11/12/2022 - 22:14:43: [SM]   [1] Line 98, J:\Documents\GitHub\L4D2-Competitive-Rework\addons\sourcemod\scripting\spechud.sp::OnPluginStart
L 11/12/2022 - 22:14:43: [SM] Unable to load plugin "spechud.smx": Error detected in plugin startup (see error logs)
L 11/12/2022 - 22:22:53: Error log file session closed.
L 11/12/2022 - 22:47:32: SourceMod error session started
L 11/12/2022 - 22:47:32: Info (map "c1m1_hotel") (file "/home/steam/l4d2/left4dead2/addons/sourcemod/logs/errors_20221112.log")
L 11/12/2022 - 22:47:32: [SM] Failed to load plugin "smac_css_antiflash.smx": This module will not work for this mod and should be removed..
L 11/12/2022 - 22:47:32: [SM] Failed to load plugin "smac_hl2dm_fixes.smx": This module will not work for this mod and should be removed..
L 11/12/2022 - 22:47:33: [SM] Failed to load plugin "smac_css_fixes.smx": This module will not work for this mod and should be removed..
L 11/12/2022 - 22:47:33: [SM] Failed to load plugin "smac_css_antismoke.smx": This module will not work for this mod and should be removed..
L 11/12/2022 - 22:47:33: [SM] Exception reported: Invalid convar handle 0 (error 4)
L 11/12/2022 - 22:47:33: [SM] Blaming: spechud.smx
L 11/12/2022 - 22:47:33: [SM] Call stack trace:
L 11/12/2022 - 22:47:33: [SM]   [0] ConVar.AddChangeHook
L 11/12/2022 - 22:47:33: [SM]   [1] Line 98, J:\Documents\GitHub\L4D2-Competitive-Rework\addons\sourcemod\scripting\spechud.sp::OnPluginStart
L 11/12/2022 - 22:47:33: [SM] Unable to load plugin "spechud.smx": Error detected in plugin startup (see error logs)
L 11/12/2022 - 22:52:43: Error log file session closed.
L 11/12/2022 - 23:11:48: SourceMod error session started
L 11/12/2022 - 23:11:48: Info (map "c1m1_hotel") (file "/home/steam/l4d2/left4dead2/addons/sourcemod/logs/errors_20221112.log")
L 11/12/2022 - 23:11:48: [SM] Failed to load plugin "smac_css_antiflash.smx": This module will not work for this mod and should be removed..
L 11/12/2022 - 23:11:48: [SM] Failed to load plugin "smac_hl2dm_fixes.smx": This module will not work for this mod and should be removed..
L 11/12/2022 - 23:11:48: [SM] Failed to load plugin "smac_css_fixes.smx": This module will not work for this mod and should be removed..
L 11/12/2022 - 23:11:48: [SM] Failed to load plugin "smac_css_antismoke.smx": This module will not work for this mod and should be removed..
L 11/12/2022 - 23:11:49: [SM] Exception reported: Invalid convar handle 0 (error 4)
L 11/12/2022 - 23:11:49: [SM] Blaming: spechud.smx
L 11/12/2022 - 23:11:49: [SM] Call stack trace:
L 11/12/2022 - 23:11:49: [SM]   [0] ConVar.AddChangeHook
L 11/12/2022 - 23:11:49: [SM]   [1] Line 98, J:\Documents\GitHub\L4D2-Competitive-Rework\addons\sourcemod\scripting\spechud.sp::OnPluginStart
L 11/12/2022 - 23:11:49: [SM] Unable to load plugin "spechud.smx": Error detected in plugin startup (see error logs)
L 11/12/2022 - 23:18:43: Error log file session closed.
L 11/12/2022 - 23:37:20: SourceMod error session started
L 11/12/2022 - 23:37:20: Info (map "c1m1_hotel") (file "/home/steam/l4d2/left4dead2/addons/sourcemod/logs/errors_20221112.log")
L 11/12/2022 - 23:37:20: [SM] Failed to load plugin "smac_css_antiflash.smx": This module will not work for this mod and should be removed..
L 11/12/2022 - 23:37:20: [SM] Failed to load plugin "smac_hl2dm_fixes.smx": This module will not work for this mod and should be removed..
L 11/12/2022 - 23:37:20: [SM] Failed to load plugin "smac_css_fixes.smx": This module will not work for this mod and should be removed..
L 11/12/2022 - 23:37:21: [SM] Failed to load plugin "smac_css_antismoke.smx": This module will not work for this mod and should be removed..
L 11/12/2022 - 23:37:21: [SM] Exception reported: Invalid convar handle 0 (error 4)
L 11/12/2022 - 23:37:21: [SM] Blaming: spechud.smx
L 11/12/2022 - 23:37:21: [SM] Call stack trace:
L 11/12/2022 - 23:37:21: [SM]   [0] ConVar.AddChangeHook
L 11/12/2022 - 23:37:21: [SM]   [1] Line 98, J:\Documents\GitHub\L4D2-Competitive-Rework\addons\sourcemod\scripting\spechud.sp::OnPluginStart
L 11/12/2022 - 23:37:21: [SM] Unable to load plugin "spechud.smx": Error detected in plugin startup (see error logs)
L 11/12/2022 - 23:37:58: Error log file session closed.
