L 11/05/2022 - 02:39:23: SourceMod error session started
L 11/05/2022 - 02:39:23: Info (map "c1m1_hotel") (file "/home/steam/l4d2/left4dead2/addons/sourcemod/logs/errors_20221105.log")
L 11/05/2022 - 02:39:23: [SM] Failed to load plugin "smac_css_antiflash.smx": This module will not work for this mod and should be removed..
L 11/05/2022 - 02:39:23: [SM] Failed to load plugin "smac_hl2dm_fixes.smx": This module will not work for this mod and should be removed..
L 11/05/2022 - 02:39:23: [SM] Failed to load plugin "smac_css_fixes.smx": This module will not work for this mod and should be removed..
L 11/05/2022 - 02:39:23: [SM] Failed to load plugin "smac_css_antismoke.smx": This module will not work for this mod and should be removed..
L 11/05/2022 - 02:39:23: [SM] Exception reported: Invalid convar handle 0 (error 4)
L 11/05/2022 - 02:39:23: [SM] Blaming: spechud.smx
L 11/05/2022 - 02:39:23: [SM] Call stack trace:
L 11/05/2022 - 02:39:23: [SM]   [0] ConVar.AddChangeHook
L 11/05/2022 - 02:39:23: [SM]   [1] Line 98, J:\Documents\GitHub\L4D2-Competitive-Rework\addons\sourcemod\scripting\spechud.sp::OnPluginStart
L 11/05/2022 - 02:39:23: [SM] Unable to load plugin "spechud.smx": Error detected in plugin startup (see error logs)
L 11/05/2022 - 02:55:27: SourceMod error session started
L 11/05/2022 - 02:55:27: Info (map "c1m1_hotel") (file "/home/steam/l4d2/left4dead2/addons/sourcemod/logs/errors_20221105.log")
L 11/05/2022 - 02:55:27: [SM] Failed to load plugin "smac_css_antiflash.smx": This module will not work for this mod and should be removed..
L 11/05/2022 - 02:55:27: [SM] Failed to load plugin "smac_hl2dm_fixes.smx": This module will not work for this mod and should be removed..
L 11/05/2022 - 02:55:27: [SM] Failed to load plugin "smac_css_fixes.smx": This module will not work for this mod and should be removed..
L 11/05/2022 - 02:55:27: [SM] Failed to load plugin "smac_css_antismoke.smx": This module will not work for this mod and should be removed..
L 11/05/2022 - 02:55:27: [SM] Exception reported: Invalid convar handle 0 (error 4)
L 11/05/2022 - 02:55:27: [SM] Blaming: spechud.smx
L 11/05/2022 - 02:55:27: [SM] Call stack trace:
L 11/05/2022 - 02:55:27: [SM]   [0] ConVar.AddChangeHook
L 11/05/2022 - 02:55:27: [SM]   [1] Line 98, J:\Documents\GitHub\L4D2-Competitive-Rework\addons\sourcemod\scripting\spechud.sp::OnPluginStart
L 11/05/2022 - 02:55:27: [SM] Unable to load plugin "spechud.smx": Error detected in plugin startup (see error logs)
L 11/05/2022 - 17:59:53: SourceMod error session started
L 11/05/2022 - 17:59:53: Info (map "c1m1_hotel") (file "/home/steam/l4d2/left4dead2/addons/sourcemod/logs/errors_20221105.log")
L 11/05/2022 - 17:59:53: [SM] Failed to load plugin "smac_css_antiflash.smx": This module will not work for this mod and should be removed..
L 11/05/2022 - 17:59:53: [SM] Failed to load plugin "smac_hl2dm_fixes.smx": This module will not work for this mod and should be removed..
L 11/05/2022 - 17:59:53: [SM] Failed to load plugin "smac_css_fixes.smx": This module will not work for this mod and should be removed..
L 11/05/2022 - 17:59:53: [SM] Failed to load plugin "smac_css_antismoke.smx": This module will not work for this mod and should be removed..
L 11/05/2022 - 17:59:54: [SM] Exception reported: Invalid convar handle 0 (error 4)
L 11/05/2022 - 17:59:54: [SM] Blaming: spechud.smx
L 11/05/2022 - 17:59:54: [SM] Call stack trace:
L 11/05/2022 - 17:59:54: [SM]   [0] ConVar.AddChangeHook
L 11/05/2022 - 17:59:54: [SM]   [1] Line 98, J:\Documents\GitHub\L4D2-Competitive-Rework\addons\sourcemod\scripting\spechud.sp::OnPluginStart
L 11/05/2022 - 17:59:54: [SM] Unable to load plugin "spechud.smx": Error detected in plugin startup (see error logs)
L 11/05/2022 - 18:00:48: Error log file session closed.
L 11/05/2022 - 21:49:01: SourceMod error session started
L 11/05/2022 - 21:49:01: Info (map "c1m1_hotel") (file "/home/steam/l4d2/left4dead2/addons/sourcemod/logs/errors_20221105.log")
L 11/05/2022 - 21:49:01: [SM] Failed to load plugin "smac_css_antiflash.smx": This module will not work for this mod and should be removed..
L 11/05/2022 - 21:49:01: [SM] Failed to load plugin "smac_hl2dm_fixes.smx": This module will not work for this mod and should be removed..
L 11/05/2022 - 21:49:01: [SM] Failed to load plugin "smac_css_fixes.smx": This module will not work for this mod and should be removed..
L 11/05/2022 - 21:49:02: [SM] Failed to load plugin "smac_css_antismoke.smx": This module will not work for this mod and should be removed..
L 11/05/2022 - 21:49:02: [SM] Exception reported: Invalid convar handle 0 (error 4)
L 11/05/2022 - 21:49:02: [SM] Blaming: spechud.smx
L 11/05/2022 - 21:49:02: [SM] Call stack trace:
L 11/05/2022 - 21:49:02: [SM]   [0] ConVar.AddChangeHook
L 11/05/2022 - 21:49:02: [SM]   [1] Line 98, J:\Documents\GitHub\L4D2-Competitive-Rework\addons\sourcemod\scripting\spechud.sp::OnPluginStart
L 11/05/2022 - 21:49:02: [SM] Unable to load plugin "spechud.smx": Error detected in plugin startup (see error logs)
L 11/05/2022 - 21:51:03: Error log file session closed.
