L 10/26/2022 - 00:13:36: SourceMod log file session started (file "/home/steam/l4d2/left4dead2/addons/sourcemod/logs/L20221026.log") (Version "1.11.0.6911")
L 10/26/2022 - 00:13:36: [basecommands.smx] "Console<0><Console><Console>" changed cvar (cvar "vs_max_team_switches") (value "999")
L 10/26/2022 - 00:13:36: [basecommands.smx] "Console<0><Console><Console>" changed cvar (cvar "sv_minrate") (value "100000")
L 10/26/2022 - 00:13:36: [basecommands.smx] "Console<0><Console><Console>" changed cvar (cvar "sv_maxrate") (value "100000")
L 10/26/2022 - 00:13:36: [basecommands.smx] "Console<0><Console><Console>" changed cvar (cvar "sv_mincmdrate") (value "100")
L 10/26/2022 - 00:13:36: [basecommands.smx] "Console<0><Console><Console>" changed cvar (cvar "sv_maxcmdrate") (value "100")
L 10/26/2022 - 00:13:36: [basecommands.smx] "Console<0><Console><Console>" changed cvar (cvar "sv_maxupdaterate") (value "10sm_cvar")
L 10/26/2022 - 00:13:36: [basecommands.smx] "Console<0><Console><Console>" changed cvar (cvar "sv_maxrate") (value "100000")
L 10/26/2022 - 00:13:36: [basecommands.smx] "Console<0><Console><Console>" changed cvar (cvar "sv_minupdaterate") (value "100")
L 10/26/2022 - 00:13:36: [basecommands.smx] "Console<0><Console><Console>" changed cvar (cvar "sv_maxupdaterate") (value "100")
L 10/26/2022 - 00:13:36: [basecommands.smx] "Console<0><Console><Console>" changed cvar (cvar "sv_mincmdrate") (value "100")
L 10/26/2022 - 00:13:36: [basecommands.smx] "Console<0><Console><Console>" changed cvar (cvar "sv_maxcmdrate") (value "100")
L 10/26/2022 - 00:13:36: [basecommands.smx] "Console<0><Console><Console>" changed cvar (cvar "sv_client_min_interp_ratio") (value "-1")
L 10/26/2022 - 00:13:36: [basecommands.smx] "Console<0><Console><Console>" changed cvar (cvar "sv_client_max_interp_ratio") (value "0")
L 10/26/2022 - 00:13:36: [basecommands.smx] "Console<0><Console><Console>" changed cvar (cvar "nb_update_frequency") (value "0.014")
L 10/26/2022 - 00:13:36: [basecommands.smx] "Console<0><Console><Console>" changed cvar (cvar "net_splitpacket_maxrate") (value "50000")
L 10/26/2022 - 00:13:36: [basecommands.smx] "Console<0><Console><Console>" changed cvar (cvar "fps_max") (value "0")
L 10/26/2022 - 00:13:36: [basecommands.smx] "Console<0><Console><Console>" changed cvar (cvar "sv_allowupload") (value "0")
L 10/26/2022 - 00:13:36: [basecommands.smx] "Console<0><Console><Console>" changed cvar (cvar "sv_allowdownload") (value "1")
L 10/26/2022 - 00:13:36: [basecommands.smx] "Console<0><Console><Console>" changed cvar (cvar "sb_all_bot_game") (value "1")
L 10/26/2022 - 00:13:36: [basecommands.smx] "Console<0><Console><Console>" changed cvar (cvar "allow_all_bot_survivor_team") (value "0")
L 10/26/2022 - 00:13:36: [basecommands.smx] "Console<0><Console><Console>" changed cvar (cvar "z_tank_damage_slow_min_range") (value "0")
L 10/26/2022 - 00:13:36: [basecommands.smx] "Console<0><Console><Console>" changed cvar (cvar "z_tank_damage_slow_max_range") (value "0")
L 10/26/2022 - 00:13:36: [basecommands.smx] "Console<0><Console><Console>" changed cvar (cvar "versus_tank_chance_intro") (value "1")
L 10/26/2022 - 00:13:36: [basecommands.smx] "Console<0><Console><Console>" changed cvar (cvar "versus_tank_chance") (value "1")
L 10/26/2022 - 00:13:36: [basecommands.smx] "Console<0><Console><Console>" changed cvar (cvar "versus_tank_chance_finale") (value "0")
L 10/26/2022 - 00:13:36: [basecommands.smx] "Console<0><Console><Console>" changed cvar (cvar "versus_witch_chance_intro") (value "1")
L 10/26/2022 - 00:13:36: [basecommands.smx] "Console<0><Console><Console>" changed cvar (cvar "versus_witch_chance") (value "1")
L 10/26/2022 - 00:13:36: [basecommands.smx] "Console<0><Console><Console>" changed cvar (cvar "versus_witch_chance_finale") (value "1")
L 10/26/2022 - 00:13:36: [basecommands.smx] "Console<0><Console><Console>" changed cvar (cvar "versus_boss_flow_max") (value "0.9")
L 10/26/2022 - 00:13:36: [basecommands.smx] "Console<0><Console><Console>" changed cvar (cvar "versus_boss_flow_min") (value "0.2")
L 10/26/2022 - 00:13:36: [basecommands.smx] "Console<0><Console><Console>" changed cvar (cvar "z_difficulty") (value "normal")
L 10/26/2022 - 00:13:36: [basecommands.smx] "Console<0><Console><Console>" changed cvar (cvar "z_ghost_delay_min") (value "15")
L 10/26/2022 - 00:13:36: [basecommands.smx] "Console<0><Console><Console>" changed cvar (cvar "z_ghost_delay_max") (value "17")
L 10/26/2022 - 00:13:36: [basecommands.smx] "Console<0><Console><Console>" changed cvar (cvar "z_mob_spawn_min_size") (value "15")
L 10/26/2022 - 00:13:36: [basecommands.smx] "Console<0><Console><Console>" changed cvar (cvar "z_jockey_control_min") (value "1")
L 10/26/2022 - 00:13:36: [basecommands.smx] "Console<0><Console><Console>" changed cvar (cvar "z_jockey_control_max") (value "1")
L 10/26/2022 - 00:13:36: [basecommands.smx] "Console<0><Console><Console>" changed cvar (cvar "z_jockey_control_variance") (value "0")
L 10/26/2022 - 00:13:36: [basecommands.smx] "Console<0><Console><Console>" changed cvar (cvar "boomer_exposed_time_tolerance") (value "0.2")
L 10/26/2022 - 00:13:36: [basecommands.smx] "Console<0><Console><Console>" changed cvar (cvar "boomer_vomit_delay") (value "0")
L 10/26/2022 - 00:13:36: [basecommands.smx] "Console<0><Console><Console>" changed cvar (cvar "z_spit_interval") (value "16")
L 10/26/2022 - 00:13:36: [basecommands.smx] "Console<0><Console><Console>" changed cvar (cvar "z_vomit_interval") (value "20")
L 10/26/2022 - 00:13:36: [basecommands.smx] "Console<0><Console><Console>" changed cvar (cvar "steamworks_immediate_upload") (value "0")
L 10/26/2022 - 00:13:36: [basecommands.smx] "Console<0><Console><Console>" changed cvar (cvar "steamworks_stats_disable") (value "1")
L 10/26/2022 - 00:13:36: [basecommands.smx] "Console<0><Console><Console>" changed cvar (cvar "mp_autoteambalance") (value "0")
L 10/26/2022 - 00:13:36: [basecommands.smx] "Console<0><Console><Console>" changed cvar (cvar "sv_unlag_fixstuck") (value "1")
L 10/26/2022 - 00:13:36: [basecommands.smx] "Console<0><Console><Console>" changed cvar (cvar "z_brawl_chance") (value "0")
L 10/26/2022 - 00:13:36: [basecommands.smx] "Console<0><Console><Console>" changed cvar (cvar "sv_maxunlag") (value "1")
L 10/26/2022 - 00:13:36: [basecommands.smx] "Console<0><Console><Console>" changed cvar (cvar "sv_forcepreload") (value "1")
L 10/26/2022 - 00:13:36: [basecommands.smx] "Console<0><Console><Console>" changed cvar (cvar "sv_client_predict") (value "1")
L 10/26/2022 - 00:13:36: [basecommands.smx] "Console<0><Console><Console>" changed cvar (cvar "sv_client_cmdrate_difference") (value "0")
L 10/26/2022 - 00:13:36: [basecommands.smx] "Console<0><Console><Console>" changed cvar (cvar "sv_max_queries_sec_global") (value "10")
L 10/26/2022 - 00:13:36: [basecommands.smx] "Console<0><Console><Console>" changed cvar (cvar "sv_max_queries_sec") (value "3")
L 10/26/2022 - 00:13:36: [basecommands.smx] "Console<0><Console><Console>" changed cvar (cvar "sv_max_queries_window") (value "10")
L 10/26/2022 - 00:13:36: [basecommands.smx] "Console<0><Console><Console>" changed cvar (cvar "sv_player_stuck_tolerance") (value "5")
L 10/26/2022 - 00:13:36: [basecommands.smx] "Console<0><Console><Console>" changed cvar (cvar "sv_stats") (value "0")
L 10/26/2022 - 00:13:36: [basecommands.smx] "Console<0><Console><Console>" changed cvar (cvar "sv_clockcorrection_msecs") (value "25")
L 10/26/2022 - 00:13:36: [basecommands.smx] "Console<0><Console><Console>" changed cvar (cvar "vs_tiebreak_bonus") (value "100")
L 10/26/2022 - 00:13:36: [basecommands.smx] "Console<0><Console><Console>" changed cvar (cvar "vs_survival_bonus") (value "25")
L 10/26/2022 - 00:13:36: [basecommands.smx] "Console<0><Console><Console>" changed cvar (cvar "sm_simple_witch_bonus") (value "100")
L 10/26/2022 - 00:13:36: [basecommands.smx] "Console<0><Console><Console>" changed cvar (cvar "l4d_ready_survivor_freeze") (value "0")
L 10/26/2022 - 00:13:36: [basecommands.smx] "Console<0><Console><Console>" changed cvar (cvar "l4d_ready_delay") (value "3")
L 10/26/2022 - 00:13:36: [basecommands.smx] "Console<0><Console><Console>" changed cvar (cvar "l4d_ready_enable_sound") (value "1")
L 10/26/2022 - 00:13:36: [basecommands.smx] "Console<0><Console><Console>" changed cvar (cvar "l4d_ready_chuckle") (value "0")
L 10/26/2022 - 00:13:36: [basecommands.smx] "Console<0><Console><Console>" changed cvar (cvar "sm_max_lerp") (value "1")
L 10/26/2022 - 00:13:36: [basecommands.smx] "Console<0><Console><Console>" changed cvar (cvar "mp_autoteambalance") (value "0")
L 10/26/2022 - 00:13:36: [basecommands.smx] "Console<0><Console><Console>" changed cvar (cvar "sv_unlag_fixstuck") (value "1")
L 10/26/2022 - 00:13:36: [basecommands.smx] "Console<0><Console><Console>" changed cvar (cvar "z_brawl_chance") (value "0")
L 10/26/2022 - 00:13:36: [basecommands.smx] "Console<0><Console><Console>" changed cvar (cvar "sv_forcepreload") (value "1")
L 10/26/2022 - 00:13:36: [basecommands.smx] "Console<0><Console><Console>" changed cvar (cvar "sv_client_predict") (value "1")
L 10/26/2022 - 00:13:36: [basecommands.smx] "Console<0><Console><Console>" changed cvar (cvar "sv_client_cmdrate_difference") (value "0")
L 10/26/2022 - 00:13:36: [basecommands.smx] "Console<0><Console><Console>" changed cvar (cvar "sv_max_queries_sec_global") (value "10")
L 10/26/2022 - 00:13:36: [basecommands.smx] "Console<0><Console><Console>" changed cvar (cvar "sv_max_queries_sec") (value "3")
L 10/26/2022 - 00:13:36: [basecommands.smx] "Console<0><Console><Console>" changed cvar (cvar "sv_max_queries_window") (value "10")
L 10/26/2022 - 00:13:36: [basecommands.smx] "Console<0><Console><Console>" changed cvar (cvar "sv_player_stuck_tolerance") (value "5")
L 10/26/2022 - 00:13:36: [basecommands.smx] "Console<0><Console><Console>" changed cvar (cvar "sv_clockcorrection_msecs") (value "25")
L 10/26/2022 - 00:17:04: -------- Mapchange to c8m1_apartment --------
L 10/26/2022 - 00:17:07: [basecommands.smx] "Console<0><Console><Console>" changed cvar (cvar "vs_max_team_switches") (value "999")
L 10/26/2022 - 00:17:07: [basecommands.smx] "Console<0><Console><Console>" changed cvar (cvar "sv_minrate") (value "100000")
L 10/26/2022 - 00:17:07: [basecommands.smx] "Console<0><Console><Console>" changed cvar (cvar "sv_maxrate") (value "100000")
L 10/26/2022 - 00:17:07: [basecommands.smx] "Console<0><Console><Console>" changed cvar (cvar "sv_mincmdrate") (value "100")
L 10/26/2022 - 00:17:07: [basecommands.smx] "Console<0><Console><Console>" changed cvar (cvar "sv_maxcmdrate") (value "100")
L 10/26/2022 - 00:17:07: [basecommands.smx] "Console<0><Console><Console>" changed cvar (cvar "sv_maxupdaterate") (value "10sm_cvar")
L 10/26/2022 - 00:17:07: [basecommands.smx] "Console<0><Console><Console>" changed cvar (cvar "sv_maxrate") (value "100000")
L 10/26/2022 - 00:17:07: [basecommands.smx] "Console<0><Console><Console>" changed cvar (cvar "sv_minupdaterate") (value "100")
L 10/26/2022 - 00:17:07: [basecommands.smx] "Console<0><Console><Console>" changed cvar (cvar "sv_maxupdaterate") (value "100")
L 10/26/2022 - 00:17:07: [basecommands.smx] "Console<0><Console><Console>" changed cvar (cvar "sv_mincmdrate") (value "100")
L 10/26/2022 - 00:17:07: [basecommands.smx] "Console<0><Console><Console>" changed cvar (cvar "sv_maxcmdrate") (value "100")
L 10/26/2022 - 00:17:07: [basecommands.smx] "Console<0><Console><Console>" changed cvar (cvar "sv_client_min_interp_ratio") (value "-1")
L 10/26/2022 - 00:17:07: [basecommands.smx] "Console<0><Console><Console>" changed cvar (cvar "sv_client_max_interp_ratio") (value "0")
L 10/26/2022 - 00:17:07: [basecommands.smx] "Console<0><Console><Console>" changed cvar (cvar "nb_update_frequency") (value "0.014")
L 10/26/2022 - 00:17:07: [basecommands.smx] "Console<0><Console><Console>" changed cvar (cvar "net_splitpacket_maxrate") (value "50000")
L 10/26/2022 - 00:17:07: [basecommands.smx] "Console<0><Console><Console>" changed cvar (cvar "fps_max") (value "0")
L 10/26/2022 - 00:17:07: [basecommands.smx] "Console<0><Console><Console>" changed cvar (cvar "sv_allowupload") (value "0")
L 10/26/2022 - 00:17:07: [basecommands.smx] "Console<0><Console><Console>" changed cvar (cvar "sv_allowdownload") (value "1")
L 10/26/2022 - 00:17:07: [basecommands.smx] "Console<0><Console><Console>" changed cvar (cvar "sb_all_bot_game") (value "1")
L 10/26/2022 - 00:17:07: [basecommands.smx] "Console<0><Console><Console>" changed cvar (cvar "allow_all_bot_survivor_team") (value "0")
L 10/26/2022 - 00:17:07: [basecommands.smx] "Console<0><Console><Console>" changed cvar (cvar "z_tank_damage_slow_min_range") (value "0")
L 10/26/2022 - 00:17:07: [basecommands.smx] "Console<0><Console><Console>" changed cvar (cvar "z_tank_damage_slow_max_range") (value "0")
L 10/26/2022 - 00:17:07: [basecommands.smx] "Console<0><Console><Console>" changed cvar (cvar "versus_tank_chance_intro") (value "1")
L 10/26/2022 - 00:17:07: [basecommands.smx] "Console<0><Console><Console>" changed cvar (cvar "versus_tank_chance") (value "1")
L 10/26/2022 - 00:17:07: [basecommands.smx] "Console<0><Console><Console>" changed cvar (cvar "versus_tank_chance_finale") (value "0")
L 10/26/2022 - 00:17:07: [basecommands.smx] "Console<0><Console><Console>" changed cvar (cvar "versus_witch_chance_intro") (value "1")
L 10/26/2022 - 00:17:07: [basecommands.smx] "Console<0><Console><Console>" changed cvar (cvar "versus_witch_chance") (value "1")
L 10/26/2022 - 00:17:07: [basecommands.smx] "Console<0><Console><Console>" changed cvar (cvar "versus_witch_chance_finale") (value "1")
L 10/26/2022 - 00:17:07: [basecommands.smx] "Console<0><Console><Console>" changed cvar (cvar "versus_boss_flow_max") (value "0.9")
L 10/26/2022 - 00:17:07: [basecommands.smx] "Console<0><Console><Console>" changed cvar (cvar "versus_boss_flow_min") (value "0.2")
L 10/26/2022 - 00:17:07: [basecommands.smx] "Console<0><Console><Console>" changed cvar (cvar "z_difficulty") (value "normal")
L 10/26/2022 - 00:17:07: [basecommands.smx] "Console<0><Console><Console>" changed cvar (cvar "z_ghost_delay_min") (value "15")
L 10/26/2022 - 00:17:07: [basecommands.smx] "Console<0><Console><Console>" changed cvar (cvar "z_ghost_delay_max") (value "17")
L 10/26/2022 - 00:17:07: [basecommands.smx] "Console<0><Console><Console>" changed cvar (cvar "z_mob_spawn_min_size") (value "15")
L 10/26/2022 - 00:17:07: [basecommands.smx] "Console<0><Console><Console>" changed cvar (cvar "z_jockey_control_min") (value "1")
L 10/26/2022 - 00:17:07: [basecommands.smx] "Console<0><Console><Console>" changed cvar (cvar "z_jockey_control_max") (value "1")
L 10/26/2022 - 00:17:07: [basecommands.smx] "Console<0><Console><Console>" changed cvar (cvar "z_jockey_control_variance") (value "0")
L 10/26/2022 - 00:17:07: [basecommands.smx] "Console<0><Console><Console>" changed cvar (cvar "boomer_exposed_time_tolerance") (value "0.2")
L 10/26/2022 - 00:17:07: [basecommands.smx] "Console<0><Console><Console>" changed cvar (cvar "boomer_vomit_delay") (value "0")
L 10/26/2022 - 00:17:07: [basecommands.smx] "Console<0><Console><Console>" changed cvar (cvar "z_spit_interval") (value "16")
L 10/26/2022 - 00:17:07: [basecommands.smx] "Console<0><Console><Console>" changed cvar (cvar "z_vomit_interval") (value "20")
L 10/26/2022 - 00:17:07: [basecommands.smx] "Console<0><Console><Console>" changed cvar (cvar "steamworks_immediate_upload") (value "0")
L 10/26/2022 - 00:17:07: [basecommands.smx] "Console<0><Console><Console>" changed cvar (cvar "steamworks_stats_disable") (value "1")
L 10/26/2022 - 00:17:07: [basecommands.smx] "Console<0><Console><Console>" changed cvar (cvar "mp_autoteambalance") (value "0")
L 10/26/2022 - 00:17:07: [basecommands.smx] "Console<0><Console><Console>" changed cvar (cvar "sv_unlag_fixstuck") (value "1")
L 10/26/2022 - 00:17:07: [basecommands.smx] "Console<0><Console><Console>" changed cvar (cvar "z_brawl_chance") (value "0")
L 10/26/2022 - 00:17:07: [basecommands.smx] "Console<0><Console><Console>" changed cvar (cvar "sv_maxunlag") (value "1")
L 10/26/2022 - 00:17:07: [basecommands.smx] "Console<0><Console><Console>" changed cvar (cvar "sv_forcepreload") (value "1")
L 10/26/2022 - 00:17:07: [basecommands.smx] "Console<0><Console><Console>" changed cvar (cvar "sv_client_predict") (value "1")
L 10/26/2022 - 00:17:07: [basecommands.smx] "Console<0><Console><Console>" changed cvar (cvar "sv_client_cmdrate_difference") (value "0")
L 10/26/2022 - 00:17:07: [basecommands.smx] "Console<0><Console><Console>" changed cvar (cvar "sv_max_queries_sec_global") (value "10")
L 10/26/2022 - 00:17:07: [basecommands.smx] "Console<0><Console><Console>" changed cvar (cvar "sv_max_queries_sec") (value "3")
L 10/26/2022 - 00:17:07: [basecommands.smx] "Console<0><Console><Console>" changed cvar (cvar "sv_max_queries_window") (value "10")
L 10/26/2022 - 00:17:07: [basecommands.smx] "Console<0><Console><Console>" changed cvar (cvar "sv_player_stuck_tolerance") (value "5")
L 10/26/2022 - 00:17:07: [basecommands.smx] "Console<0><Console><Console>" changed cvar (cvar "sv_stats") (value "0")
L 10/26/2022 - 00:17:07: [basecommands.smx] "Console<0><Console><Console>" changed cvar (cvar "sv_clockcorrection_msecs") (value "25")
L 10/26/2022 - 00:17:07: [basecommands.smx] "Console<0><Console><Console>" changed cvar (cvar "vs_tiebreak_bonus") (value "100")
L 10/26/2022 - 00:17:07: [basecommands.smx] "Console<0><Console><Console>" changed cvar (cvar "vs_survival_bonus") (value "25")
L 10/26/2022 - 00:17:07: [basecommands.smx] "Console<0><Console><Console>" changed cvar (cvar "sm_simple_witch_bonus") (value "100")
L 10/26/2022 - 00:17:07: [basecommands.smx] "Console<0><Console><Console>" changed cvar (cvar "l4d_ready_survivor_freeze") (value "0")
L 10/26/2022 - 00:17:07: [basecommands.smx] "Console<0><Console><Console>" changed cvar (cvar "l4d_ready_delay") (value "3")
L 10/26/2022 - 00:17:07: [basecommands.smx] "Console<0><Console><Console>" changed cvar (cvar "l4d_ready_enable_sound") (value "1")
L 10/26/2022 - 00:17:07: [basecommands.smx] "Console<0><Console><Console>" changed cvar (cvar "l4d_ready_chuckle") (value "0")
L 10/26/2022 - 00:17:07: [basecommands.smx] "Console<0><Console><Console>" changed cvar (cvar "sm_max_lerp") (value "1")
L 10/26/2022 - 00:17:07: [basecommands.smx] "Console<0><Console><Console>" changed cvar (cvar "mp_autoteambalance") (value "0")
L 10/26/2022 - 00:17:07: [basecommands.smx] "Console<0><Console><Console>" changed cvar (cvar "sv_unlag_fixstuck") (value "1")
L 10/26/2022 - 00:17:07: [basecommands.smx] "Console<0><Console><Console>" changed cvar (cvar "z_brawl_chance") (value "0")
L 10/26/2022 - 00:17:07: [basecommands.smx] "Console<0><Console><Console>" changed cvar (cvar "sv_forcepreload") (value "1")
L 10/26/2022 - 00:17:07: [basecommands.smx] "Console<0><Console><Console>" changed cvar (cvar "sv_client_predict") (value "1")
L 10/26/2022 - 00:17:07: [basecommands.smx] "Console<0><Console><Console>" changed cvar (cvar "sv_client_cmdrate_difference") (value "0")
L 10/26/2022 - 00:17:07: [basecommands.smx] "Console<0><Console><Console>" changed cvar (cvar "sv_max_queries_sec_global") (value "10")
L 10/26/2022 - 00:17:07: [basecommands.smx] "Console<0><Console><Console>" changed cvar (cvar "sv_max_queries_sec") (value "3")
L 10/26/2022 - 00:17:07: [basecommands.smx] "Console<0><Console><Console>" changed cvar (cvar "sv_max_queries_window") (value "10")
L 10/26/2022 - 00:17:07: [basecommands.smx] "Console<0><Console><Console>" changed cvar (cvar "sv_player_stuck_tolerance") (value "5")
L 10/26/2022 - 00:17:07: [basecommands.smx] "Console<0><Console><Console>" changed cvar (cvar "sv_clockcorrection_msecs") (value "25")
L 10/26/2022 - 00:29:17: -------- Mapchange to c8m2_subway --------
L 10/26/2022 - 00:29:18: [basecommands.smx] "Console<0><Console><Console>" changed cvar (cvar "vs_max_team_switches") (value "999")
L 10/26/2022 - 00:29:18: [basecommands.smx] "Console<0><Console><Console>" changed cvar (cvar "sv_minrate") (value "100000")
L 10/26/2022 - 00:29:18: [basecommands.smx] "Console<0><Console><Console>" changed cvar (cvar "sv_maxrate") (value "100000")
L 10/26/2022 - 00:29:18: [basecommands.smx] "Console<0><Console><Console>" changed cvar (cvar "sv_mincmdrate") (value "100")
L 10/26/2022 - 00:29:18: [basecommands.smx] "Console<0><Console><Console>" changed cvar (cvar "sv_maxcmdrate") (value "100")
L 10/26/2022 - 00:29:18: [basecommands.smx] "Console<0><Console><Console>" changed cvar (cvar "sv_maxupdaterate") (value "10sm_cvar")
L 10/26/2022 - 00:29:18: [basecommands.smx] "Console<0><Console><Console>" changed cvar (cvar "sv_maxrate") (value "100000")
L 10/26/2022 - 00:29:18: [basecommands.smx] "Console<0><Console><Console>" changed cvar (cvar "sv_minupdaterate") (value "100")
L 10/26/2022 - 00:29:18: [basecommands.smx] "Console<0><Console><Console>" changed cvar (cvar "sv_maxupdaterate") (value "100")
L 10/26/2022 - 00:29:18: [basecommands.smx] "Console<0><Console><Console>" changed cvar (cvar "sv_mincmdrate") (value "100")
L 10/26/2022 - 00:29:18: [basecommands.smx] "Console<0><Console><Console>" changed cvar (cvar "sv_maxcmdrate") (value "100")
L 10/26/2022 - 00:29:18: [basecommands.smx] "Console<0><Console><Console>" changed cvar (cvar "sv_client_min_interp_ratio") (value "-1")
L 10/26/2022 - 00:29:18: [basecommands.smx] "Console<0><Console><Console>" changed cvar (cvar "sv_client_max_interp_ratio") (value "0")
L 10/26/2022 - 00:29:18: [basecommands.smx] "Console<0><Console><Console>" changed cvar (cvar "nb_update_frequency") (value "0.014")
L 10/26/2022 - 00:29:18: [basecommands.smx] "Console<0><Console><Console>" changed cvar (cvar "net_splitpacket_maxrate") (value "50000")
L 10/26/2022 - 00:29:18: [basecommands.smx] "Console<0><Console><Console>" changed cvar (cvar "fps_max") (value "0")
L 10/26/2022 - 00:29:18: [basecommands.smx] "Console<0><Console><Console>" changed cvar (cvar "sv_allowupload") (value "0")
L 10/26/2022 - 00:29:18: [basecommands.smx] "Console<0><Console><Console>" changed cvar (cvar "sv_allowdownload") (value "1")
L 10/26/2022 - 00:29:18: [basecommands.smx] "Console<0><Console><Console>" changed cvar (cvar "sb_all_bot_game") (value "1")
L 10/26/2022 - 00:29:18: [basecommands.smx] "Console<0><Console><Console>" changed cvar (cvar "allow_all_bot_survivor_team") (value "0")
L 10/26/2022 - 00:29:18: [basecommands.smx] "Console<0><Console><Console>" changed cvar (cvar "z_tank_damage_slow_min_range") (value "0")
L 10/26/2022 - 00:29:18: [basecommands.smx] "Console<0><Console><Console>" changed cvar (cvar "z_tank_damage_slow_max_range") (value "0")
L 10/26/2022 - 00:29:18: [basecommands.smx] "Console<0><Console><Console>" changed cvar (cvar "versus_tank_chance_intro") (value "1")
L 10/26/2022 - 00:29:18: [basecommands.smx] "Console<0><Console><Console>" changed cvar (cvar "versus_tank_chance") (value "1")
L 10/26/2022 - 00:29:18: [basecommands.smx] "Console<0><Console><Console>" changed cvar (cvar "versus_tank_chance_finale") (value "0")
L 10/26/2022 - 00:29:18: [basecommands.smx] "Console<0><Console><Console>" changed cvar (cvar "versus_witch_chance_intro") (value "1")
L 10/26/2022 - 00:29:18: [basecommands.smx] "Console<0><Console><Console>" changed cvar (cvar "versus_witch_chance") (value "1")
L 10/26/2022 - 00:29:18: [basecommands.smx] "Console<0><Console><Console>" changed cvar (cvar "versus_witch_chance_finale") (value "1")
L 10/26/2022 - 00:29:18: [basecommands.smx] "Console<0><Console><Console>" changed cvar (cvar "versus_boss_flow_max") (value "0.9")
L 10/26/2022 - 00:29:18: [basecommands.smx] "Console<0><Console><Console>" changed cvar (cvar "versus_boss_flow_min") (value "0.2")
L 10/26/2022 - 00:29:18: [basecommands.smx] "Console<0><Console><Console>" changed cvar (cvar "z_difficulty") (value "normal")
L 10/26/2022 - 00:29:18: [basecommands.smx] "Console<0><Console><Console>" changed cvar (cvar "z_ghost_delay_min") (value "15")
L 10/26/2022 - 00:29:18: [basecommands.smx] "Console<0><Console><Console>" changed cvar (cvar "z_ghost_delay_max") (value "17")
L 10/26/2022 - 00:29:18: [basecommands.smx] "Console<0><Console><Console>" changed cvar (cvar "z_mob_spawn_min_size") (value "15")
L 10/26/2022 - 00:29:18: [basecommands.smx] "Console<0><Console><Console>" changed cvar (cvar "z_jockey_control_min") (value "1")
L 10/26/2022 - 00:29:18: [basecommands.smx] "Console<0><Console><Console>" changed cvar (cvar "z_jockey_control_max") (value "1")
L 10/26/2022 - 00:29:18: [basecommands.smx] "Console<0><Console><Console>" changed cvar (cvar "z_jockey_control_variance") (value "0")
L 10/26/2022 - 00:29:18: [basecommands.smx] "Console<0><Console><Console>" changed cvar (cvar "boomer_exposed_time_tolerance") (value "0.2")
L 10/26/2022 - 00:29:18: [basecommands.smx] "Console<0><Console><Console>" changed cvar (cvar "boomer_vomit_delay") (value "0")
L 10/26/2022 - 00:29:18: [basecommands.smx] "Console<0><Console><Console>" changed cvar (cvar "z_spit_interval") (value "16")
L 10/26/2022 - 00:29:18: [basecommands.smx] "Console<0><Console><Console>" changed cvar (cvar "z_vomit_interval") (value "20")
L 10/26/2022 - 00:29:18: [basecommands.smx] "Console<0><Console><Console>" changed cvar (cvar "steamworks_immediate_upload") (value "0")
L 10/26/2022 - 00:29:18: [basecommands.smx] "Console<0><Console><Console>" changed cvar (cvar "steamworks_stats_disable") (value "1")
L 10/26/2022 - 00:29:18: [basecommands.smx] "Console<0><Console><Console>" changed cvar (cvar "mp_autoteambalance") (value "0")
L 10/26/2022 - 00:29:18: [basecommands.smx] "Console<0><Console><Console>" changed cvar (cvar "sv_unlag_fixstuck") (value "1")
L 10/26/2022 - 00:29:18: [basecommands.smx] "Console<0><Console><Console>" changed cvar (cvar "z_brawl_chance") (value "0")
L 10/26/2022 - 00:29:18: [basecommands.smx] "Console<0><Console><Console>" changed cvar (cvar "sv_maxunlag") (value "1")
L 10/26/2022 - 00:29:18: [basecommands.smx] "Console<0><Console><Console>" changed cvar (cvar "sv_forcepreload") (value "1")
L 10/26/2022 - 00:29:18: [basecommands.smx] "Console<0><Console><Console>" changed cvar (cvar "sv_client_predict") (value "1")
L 10/26/2022 - 00:29:18: [basecommands.smx] "Console<0><Console><Console>" changed cvar (cvar "sv_client_cmdrate_difference") (value "0")
L 10/26/2022 - 00:29:18: [basecommands.smx] "Console<0><Console><Console>" changed cvar (cvar "sv_max_queries_sec_global") (value "10")
L 10/26/2022 - 00:29:18: [basecommands.smx] "Console<0><Console><Console>" changed cvar (cvar "sv_max_queries_sec") (value "3")
L 10/26/2022 - 00:29:18: [basecommands.smx] "Console<0><Console><Console>" changed cvar (cvar "sv_max_queries_window") (value "10")
L 10/26/2022 - 00:29:18: [basecommands.smx] "Console<0><Console><Console>" changed cvar (cvar "sv_player_stuck_tolerance") (value "5")
L 10/26/2022 - 00:29:18: [basecommands.smx] "Console<0><Console><Console>" changed cvar (cvar "sv_stats") (value "0")
L 10/26/2022 - 00:29:18: [basecommands.smx] "Console<0><Console><Console>" changed cvar (cvar "sv_clockcorrection_msecs") (value "25")
L 10/26/2022 - 00:29:18: [basecommands.smx] "Console<0><Console><Console>" changed cvar (cvar "vs_tiebreak_bonus") (value "100")
L 10/26/2022 - 00:29:18: [basecommands.smx] "Console<0><Console><Console>" changed cvar (cvar "vs_survival_bonus") (value "25")
L 10/26/2022 - 00:29:18: [basecommands.smx] "Console<0><Console><Console>" changed cvar (cvar "sm_simple_witch_bonus") (value "100")
L 10/26/2022 - 00:29:18: [basecommands.smx] "Console<0><Console><Console>" changed cvar (cvar "l4d_ready_survivor_freeze") (value "0")
L 10/26/2022 - 00:29:18: [basecommands.smx] "Console<0><Console><Console>" changed cvar (cvar "l4d_ready_delay") (value "3")
L 10/26/2022 - 00:29:18: [basecommands.smx] "Console<0><Console><Console>" changed cvar (cvar "l4d_ready_enable_sound") (value "1")
L 10/26/2022 - 00:29:18: [basecommands.smx] "Console<0><Console><Console>" changed cvar (cvar "l4d_ready_chuckle") (value "0")
L 10/26/2022 - 00:29:18: [basecommands.smx] "Console<0><Console><Console>" changed cvar (cvar "sm_max_lerp") (value "1")
L 10/26/2022 - 00:29:18: [basecommands.smx] "Console<0><Console><Console>" changed cvar (cvar "mp_autoteambalance") (value "0")
L 10/26/2022 - 00:29:18: [basecommands.smx] "Console<0><Console><Console>" changed cvar (cvar "sv_unlag_fixstuck") (value "1")
L 10/26/2022 - 00:29:18: [basecommands.smx] "Console<0><Console><Console>" changed cvar (cvar "z_brawl_chance") (value "0")
L 10/26/2022 - 00:29:18: [basecommands.smx] "Console<0><Console><Console>" changed cvar (cvar "sv_forcepreload") (value "1")
L 10/26/2022 - 00:29:18: [basecommands.smx] "Console<0><Console><Console>" changed cvar (cvar "sv_client_predict") (value "1")
L 10/26/2022 - 00:29:18: [basecommands.smx] "Console<0><Console><Console>" changed cvar (cvar "sv_client_cmdrate_difference") (value "0")
L 10/26/2022 - 00:29:18: [basecommands.smx] "Console<0><Console><Console>" changed cvar (cvar "sv_max_queries_sec_global") (value "10")
L 10/26/2022 - 00:29:18: [basecommands.smx] "Console<0><Console><Console>" changed cvar (cvar "sv_max_queries_sec") (value "3")
L 10/26/2022 - 00:29:18: [basecommands.smx] "Console<0><Console><Console>" changed cvar (cvar "sv_max_queries_window") (value "10")
L 10/26/2022 - 00:29:18: [basecommands.smx] "Console<0><Console><Console>" changed cvar (cvar "sv_player_stuck_tolerance") (value "5")
L 10/26/2022 - 00:29:18: [basecommands.smx] "Console<0><Console><Console>" changed cvar (cvar "sv_clockcorrection_msecs") (value "25")
L 10/26/2022 - 00:36:47: -------- Mapchange to c8m3_sewers --------
L 10/26/2022 - 00:36:48: [basecommands.smx] "Console<0><Console><Console>" changed cvar (cvar "vs_max_team_switches") (value "999")
L 10/26/2022 - 00:36:48: [basecommands.smx] "Console<0><Console><Console>" changed cvar (cvar "sv_minrate") (value "100000")
L 10/26/2022 - 00:36:48: [basecommands.smx] "Console<0><Console><Console>" changed cvar (cvar "sv_maxrate") (value "100000")
L 10/26/2022 - 00:36:48: [basecommands.smx] "Console<0><Console><Console>" changed cvar (cvar "sv_mincmdrate") (value "100")
L 10/26/2022 - 00:36:48: [basecommands.smx] "Console<0><Console><Console>" changed cvar (cvar "sv_maxcmdrate") (value "100")
L 10/26/2022 - 00:36:48: [basecommands.smx] "Console<0><Console><Console>" changed cvar (cvar "sv_maxupdaterate") (value "10sm_cvar")
L 10/26/2022 - 00:36:48: [basecommands.smx] "Console<0><Console><Console>" changed cvar (cvar "sv_maxrate") (value "100000")
L 10/26/2022 - 00:36:48: [basecommands.smx] "Console<0><Console><Console>" changed cvar (cvar "sv_minupdaterate") (value "100")
L 10/26/2022 - 00:36:48: [basecommands.smx] "Console<0><Console><Console>" changed cvar (cvar "sv_maxupdaterate") (value "100")
L 10/26/2022 - 00:36:48: [basecommands.smx] "Console<0><Console><Console>" changed cvar (cvar "sv_mincmdrate") (value "100")
L 10/26/2022 - 00:36:48: [basecommands.smx] "Console<0><Console><Console>" changed cvar (cvar "sv_maxcmdrate") (value "100")
L 10/26/2022 - 00:36:48: [basecommands.smx] "Console<0><Console><Console>" changed cvar (cvar "sv_client_min_interp_ratio") (value "-1")
L 10/26/2022 - 00:36:48: [basecommands.smx] "Console<0><Console><Console>" changed cvar (cvar "sv_client_max_interp_ratio") (value "0")
L 10/26/2022 - 00:36:48: [basecommands.smx] "Console<0><Console><Console>" changed cvar (cvar "nb_update_frequency") (value "0.014")
L 10/26/2022 - 00:36:48: [basecommands.smx] "Console<0><Console><Console>" changed cvar (cvar "net_splitpacket_maxrate") (value "50000")
L 10/26/2022 - 00:36:48: [basecommands.smx] "Console<0><Console><Console>" changed cvar (cvar "fps_max") (value "0")
L 10/26/2022 - 00:36:48: [basecommands.smx] "Console<0><Console><Console>" changed cvar (cvar "sv_allowupload") (value "0")
L 10/26/2022 - 00:36:48: [basecommands.smx] "Console<0><Console><Console>" changed cvar (cvar "sv_allowdownload") (value "1")
L 10/26/2022 - 00:36:48: [basecommands.smx] "Console<0><Console><Console>" changed cvar (cvar "sb_all_bot_game") (value "1")
L 10/26/2022 - 00:36:48: [basecommands.smx] "Console<0><Console><Console>" changed cvar (cvar "allow_all_bot_survivor_team") (value "0")
L 10/26/2022 - 00:36:48: [basecommands.smx] "Console<0><Console><Console>" changed cvar (cvar "z_tank_damage_slow_min_range") (value "0")
L 10/26/2022 - 00:36:48: [basecommands.smx] "Console<0><Console><Console>" changed cvar (cvar "z_tank_damage_slow_max_range") (value "0")
L 10/26/2022 - 00:36:48: [basecommands.smx] "Console<0><Console><Console>" changed cvar (cvar "versus_tank_chance_intro") (value "1")
L 10/26/2022 - 00:36:48: [basecommands.smx] "Console<0><Console><Console>" changed cvar (cvar "versus_tank_chance") (value "1")
L 10/26/2022 - 00:36:48: [basecommands.smx] "Console<0><Console><Console>" changed cvar (cvar "versus_tank_chance_finale") (value "0")
L 10/26/2022 - 00:36:48: [basecommands.smx] "Console<0><Console><Console>" changed cvar (cvar "versus_witch_chance_intro") (value "1")
L 10/26/2022 - 00:36:48: [basecommands.smx] "Console<0><Console><Console>" changed cvar (cvar "versus_witch_chance") (value "1")
L 10/26/2022 - 00:36:48: [basecommands.smx] "Console<0><Console><Console>" changed cvar (cvar "versus_witch_chance_finale") (value "1")
L 10/26/2022 - 00:36:48: [basecommands.smx] "Console<0><Console><Console>" changed cvar (cvar "versus_boss_flow_max") (value "0.9")
L 10/26/2022 - 00:36:48: [basecommands.smx] "Console<0><Console><Console>" changed cvar (cvar "versus_boss_flow_min") (value "0.2")
L 10/26/2022 - 00:36:48: [basecommands.smx] "Console<0><Console><Console>" changed cvar (cvar "z_difficulty") (value "normal")
L 10/26/2022 - 00:36:48: [basecommands.smx] "Console<0><Console><Console>" changed cvar (cvar "z_ghost_delay_min") (value "15")
L 10/26/2022 - 00:36:48: [basecommands.smx] "Console<0><Console><Console>" changed cvar (cvar "z_ghost_delay_max") (value "17")
L 10/26/2022 - 00:36:48: [basecommands.smx] "Console<0><Console><Console>" changed cvar (cvar "z_mob_spawn_min_size") (value "15")
L 10/26/2022 - 00:36:48: [basecommands.smx] "Console<0><Console><Console>" changed cvar (cvar "z_jockey_control_min") (value "1")
L 10/26/2022 - 00:36:48: [basecommands.smx] "Console<0><Console><Console>" changed cvar (cvar "z_jockey_control_max") (value "1")
L 10/26/2022 - 00:36:48: [basecommands.smx] "Console<0><Console><Console>" changed cvar (cvar "z_jockey_control_variance") (value "0")
L 10/26/2022 - 00:36:48: [basecommands.smx] "Console<0><Console><Console>" changed cvar (cvar "boomer_exposed_time_tolerance") (value "0.2")
L 10/26/2022 - 00:36:48: [basecommands.smx] "Console<0><Console><Console>" changed cvar (cvar "boomer_vomit_delay") (value "0")
L 10/26/2022 - 00:36:48: [basecommands.smx] "Console<0><Console><Console>" changed cvar (cvar "z_spit_interval") (value "16")
L 10/26/2022 - 00:36:48: [basecommands.smx] "Console<0><Console><Console>" changed cvar (cvar "z_vomit_interval") (value "20")
L 10/26/2022 - 00:36:48: [basecommands.smx] "Console<0><Console><Console>" changed cvar (cvar "steamworks_immediate_upload") (value "0")
L 10/26/2022 - 00:36:48: [basecommands.smx] "Console<0><Console><Console>" changed cvar (cvar "steamworks_stats_disable") (value "1")
L 10/26/2022 - 00:36:48: [basecommands.smx] "Console<0><Console><Console>" changed cvar (cvar "mp_autoteambalance") (value "0")
L 10/26/2022 - 00:36:48: [basecommands.smx] "Console<0><Console><Console>" changed cvar (cvar "sv_unlag_fixstuck") (value "1")
L 10/26/2022 - 00:36:48: [basecommands.smx] "Console<0><Console><Console>" changed cvar (cvar "z_brawl_chance") (value "0")
L 10/26/2022 - 00:36:48: [basecommands.smx] "Console<0><Console><Console>" changed cvar (cvar "sv_maxunlag") (value "1")
L 10/26/2022 - 00:36:48: [basecommands.smx] "Console<0><Console><Console>" changed cvar (cvar "sv_forcepreload") (value "1")
L 10/26/2022 - 00:36:48: [basecommands.smx] "Console<0><Console><Console>" changed cvar (cvar "sv_client_predict") (value "1")
L 10/26/2022 - 00:36:48: [basecommands.smx] "Console<0><Console><Console>" changed cvar (cvar "sv_client_cmdrate_difference") (value "0")
L 10/26/2022 - 00:36:48: [basecommands.smx] "Console<0><Console><Console>" changed cvar (cvar "sv_max_queries_sec_global") (value "10")
L 10/26/2022 - 00:36:48: [basecommands.smx] "Console<0><Console><Console>" changed cvar (cvar "sv_max_queries_sec") (value "3")
L 10/26/2022 - 00:36:48: [basecommands.smx] "Console<0><Console><Console>" changed cvar (cvar "sv_max_queries_window") (value "10")
L 10/26/2022 - 00:36:48: [basecommands.smx] "Console<0><Console><Console>" changed cvar (cvar "sv_player_stuck_tolerance") (value "5")
L 10/26/2022 - 00:36:48: [basecommands.smx] "Console<0><Console><Console>" changed cvar (cvar "sv_stats") (value "0")
L 10/26/2022 - 00:36:48: [basecommands.smx] "Console<0><Console><Console>" changed cvar (cvar "sv_clockcorrection_msecs") (value "25")
L 10/26/2022 - 00:36:48: [basecommands.smx] "Console<0><Console><Console>" changed cvar (cvar "vs_tiebreak_bonus") (value "100")
L 10/26/2022 - 00:36:48: [basecommands.smx] "Console<0><Console><Console>" changed cvar (cvar "vs_survival_bonus") (value "25")
L 10/26/2022 - 00:36:48: [basecommands.smx] "Console<0><Console><Console>" changed cvar (cvar "sm_simple_witch_bonus") (value "100")
L 10/26/2022 - 00:36:48: [basecommands.smx] "Console<0><Console><Console>" changed cvar (cvar "l4d_ready_survivor_freeze") (value "0")
L 10/26/2022 - 00:36:48: [basecommands.smx] "Console<0><Console><Console>" changed cvar (cvar "l4d_ready_delay") (value "3")
L 10/26/2022 - 00:36:48: [basecommands.smx] "Console<0><Console><Console>" changed cvar (cvar "l4d_ready_enable_sound") (value "1")
L 10/26/2022 - 00:36:48: [basecommands.smx] "Console<0><Console><Console>" changed cvar (cvar "l4d_ready_chuckle") (value "0")
L 10/26/2022 - 00:36:48: [basecommands.smx] "Console<0><Console><Console>" changed cvar (cvar "sm_max_lerp") (value "1")
L 10/26/2022 - 00:36:48: [basecommands.smx] "Console<0><Console><Console>" changed cvar (cvar "mp_autoteambalance") (value "0")
L 10/26/2022 - 00:36:48: [basecommands.smx] "Console<0><Console><Console>" changed cvar (cvar "sv_unlag_fixstuck") (value "1")
L 10/26/2022 - 00:36:48: [basecommands.smx] "Console<0><Console><Console>" changed cvar (cvar "z_brawl_chance") (value "0")
L 10/26/2022 - 00:36:48: [basecommands.smx] "Console<0><Console><Console>" changed cvar (cvar "sv_forcepreload") (value "1")
L 10/26/2022 - 00:36:48: [basecommands.smx] "Console<0><Console><Console>" changed cvar (cvar "sv_client_predict") (value "1")
L 10/26/2022 - 00:36:48: [basecommands.smx] "Console<0><Console><Console>" changed cvar (cvar "sv_client_cmdrate_difference") (value "0")
L 10/26/2022 - 00:36:48: [basecommands.smx] "Console<0><Console><Console>" changed cvar (cvar "sv_max_queries_sec_global") (value "10")
L 10/26/2022 - 00:36:48: [basecommands.smx] "Console<0><Console><Console>" changed cvar (cvar "sv_max_queries_sec") (value "3")
L 10/26/2022 - 00:36:48: [basecommands.smx] "Console<0><Console><Console>" changed cvar (cvar "sv_max_queries_window") (value "10")
L 10/26/2022 - 00:36:48: [basecommands.smx] "Console<0><Console><Console>" changed cvar (cvar "sv_player_stuck_tolerance") (value "5")
L 10/26/2022 - 00:36:48: [basecommands.smx] "Console<0><Console><Console>" changed cvar (cvar "sv_clockcorrection_msecs") (value "25")
L 10/26/2022 - 01:00:39: -------- Mapchange to c8m4_interior --------
L 10/26/2022 - 01:00:40: [basecommands.smx] "Console<0><Console><Console>" changed cvar (cvar "vs_max_team_switches") (value "999")
L 10/26/2022 - 01:00:40: [basecommands.smx] "Console<0><Console><Console>" changed cvar (cvar "sv_minrate") (value "100000")
L 10/26/2022 - 01:00:40: [basecommands.smx] "Console<0><Console><Console>" changed cvar (cvar "sv_maxrate") (value "100000")
L 10/26/2022 - 01:00:40: [basecommands.smx] "Console<0><Console><Console>" changed cvar (cvar "sv_mincmdrate") (value "100")
L 10/26/2022 - 01:00:40: [basecommands.smx] "Console<0><Console><Console>" changed cvar (cvar "sv_maxcmdrate") (value "100")
L 10/26/2022 - 01:00:40: [basecommands.smx] "Console<0><Console><Console>" changed cvar (cvar "sv_maxupdaterate") (value "10sm_cvar")
L 10/26/2022 - 01:00:40: [basecommands.smx] "Console<0><Console><Console>" changed cvar (cvar "sv_maxrate") (value "100000")
L 10/26/2022 - 01:00:40: [basecommands.smx] "Console<0><Console><Console>" changed cvar (cvar "sv_minupdaterate") (value "100")
L 10/26/2022 - 01:00:40: [basecommands.smx] "Console<0><Console><Console>" changed cvar (cvar "sv_maxupdaterate") (value "100")
L 10/26/2022 - 01:00:40: [basecommands.smx] "Console<0><Console><Console>" changed cvar (cvar "sv_mincmdrate") (value "100")
L 10/26/2022 - 01:00:40: [basecommands.smx] "Console<0><Console><Console>" changed cvar (cvar "sv_maxcmdrate") (value "100")
L 10/26/2022 - 01:00:40: [basecommands.smx] "Console<0><Console><Console>" changed cvar (cvar "sv_client_min_interp_ratio") (value "-1")
L 10/26/2022 - 01:00:40: [basecommands.smx] "Console<0><Console><Console>" changed cvar (cvar "sv_client_max_interp_ratio") (value "0")
L 10/26/2022 - 01:00:40: [basecommands.smx] "Console<0><Console><Console>" changed cvar (cvar "nb_update_frequency") (value "0.014")
L 10/26/2022 - 01:00:40: [basecommands.smx] "Console<0><Console><Console>" changed cvar (cvar "net_splitpacket_maxrate") (value "50000")
L 10/26/2022 - 01:00:40: [basecommands.smx] "Console<0><Console><Console>" changed cvar (cvar "fps_max") (value "0")
L 10/26/2022 - 01:00:40: [basecommands.smx] "Console<0><Console><Console>" changed cvar (cvar "sv_allowupload") (value "0")
L 10/26/2022 - 01:00:40: [basecommands.smx] "Console<0><Console><Console>" changed cvar (cvar "sv_allowdownload") (value "1")
L 10/26/2022 - 01:00:40: [basecommands.smx] "Console<0><Console><Console>" changed cvar (cvar "sb_all_bot_game") (value "1")
L 10/26/2022 - 01:00:40: [basecommands.smx] "Console<0><Console><Console>" changed cvar (cvar "allow_all_bot_survivor_team") (value "0")
L 10/26/2022 - 01:00:40: [basecommands.smx] "Console<0><Console><Console>" changed cvar (cvar "z_tank_damage_slow_min_range") (value "0")
L 10/26/2022 - 01:00:40: [basecommands.smx] "Console<0><Console><Console>" changed cvar (cvar "z_tank_damage_slow_max_range") (value "0")
L 10/26/2022 - 01:00:40: [basecommands.smx] "Console<0><Console><Console>" changed cvar (cvar "versus_tank_chance_intro") (value "1")
L 10/26/2022 - 01:00:40: [basecommands.smx] "Console<0><Console><Console>" changed cvar (cvar "versus_tank_chance") (value "1")
L 10/26/2022 - 01:00:40: [basecommands.smx] "Console<0><Console><Console>" changed cvar (cvar "versus_tank_chance_finale") (value "0")
L 10/26/2022 - 01:00:40: [basecommands.smx] "Console<0><Console><Console>" changed cvar (cvar "versus_witch_chance_intro") (value "1")
L 10/26/2022 - 01:00:40: [basecommands.smx] "Console<0><Console><Console>" changed cvar (cvar "versus_witch_chance") (value "1")
L 10/26/2022 - 01:00:40: [basecommands.smx] "Console<0><Console><Console>" changed cvar (cvar "versus_witch_chance_finale") (value "1")
L 10/26/2022 - 01:00:40: [basecommands.smx] "Console<0><Console><Console>" changed cvar (cvar "versus_boss_flow_max") (value "0.9")
L 10/26/2022 - 01:00:40: [basecommands.smx] "Console<0><Console><Console>" changed cvar (cvar "versus_boss_flow_min") (value "0.2")
L 10/26/2022 - 01:00:40: [basecommands.smx] "Console<0><Console><Console>" changed cvar (cvar "z_difficulty") (value "normal")
L 10/26/2022 - 01:00:40: [basecommands.smx] "Console<0><Console><Console>" changed cvar (cvar "z_ghost_delay_min") (value "15")
L 10/26/2022 - 01:00:40: [basecommands.smx] "Console<0><Console><Console>" changed cvar (cvar "z_ghost_delay_max") (value "17")
L 10/26/2022 - 01:00:40: [basecommands.smx] "Console<0><Console><Console>" changed cvar (cvar "z_mob_spawn_min_size") (value "15")
L 10/26/2022 - 01:00:40: [basecommands.smx] "Console<0><Console><Console>" changed cvar (cvar "z_jockey_control_min") (value "1")
L 10/26/2022 - 01:00:40: [basecommands.smx] "Console<0><Console><Console>" changed cvar (cvar "z_jockey_control_max") (value "1")
L 10/26/2022 - 01:00:40: [basecommands.smx] "Console<0><Console><Console>" changed cvar (cvar "z_jockey_control_variance") (value "0")
L 10/26/2022 - 01:00:40: [basecommands.smx] "Console<0><Console><Console>" changed cvar (cvar "boomer_exposed_time_tolerance") (value "0.2")
L 10/26/2022 - 01:00:40: [basecommands.smx] "Console<0><Console><Console>" changed cvar (cvar "boomer_vomit_delay") (value "0")
L 10/26/2022 - 01:00:40: [basecommands.smx] "Console<0><Console><Console>" changed cvar (cvar "z_spit_interval") (value "16")
L 10/26/2022 - 01:00:40: [basecommands.smx] "Console<0><Console><Console>" changed cvar (cvar "z_vomit_interval") (value "20")
L 10/26/2022 - 01:00:40: [basecommands.smx] "Console<0><Console><Console>" changed cvar (cvar "steamworks_immediate_upload") (value "0")
L 10/26/2022 - 01:00:40: [basecommands.smx] "Console<0><Console><Console>" changed cvar (cvar "steamworks_stats_disable") (value "1")
L 10/26/2022 - 01:00:40: [basecommands.smx] "Console<0><Console><Console>" changed cvar (cvar "mp_autoteambalance") (value "0")
L 10/26/2022 - 01:00:40: [basecommands.smx] "Console<0><Console><Console>" changed cvar (cvar "sv_unlag_fixstuck") (value "1")
L 10/26/2022 - 01:00:40: [basecommands.smx] "Console<0><Console><Console>" changed cvar (cvar "z_brawl_chance") (value "0")
L 10/26/2022 - 01:00:40: [basecommands.smx] "Console<0><Console><Console>" changed cvar (cvar "sv_maxunlag") (value "1")
L 10/26/2022 - 01:00:40: [basecommands.smx] "Console<0><Console><Console>" changed cvar (cvar "sv_forcepreload") (value "1")
L 10/26/2022 - 01:00:40: [basecommands.smx] "Console<0><Console><Console>" changed cvar (cvar "sv_client_predict") (value "1")
L 10/26/2022 - 01:00:40: [basecommands.smx] "Console<0><Console><Console>" changed cvar (cvar "sv_client_cmdrate_difference") (value "0")
L 10/26/2022 - 01:00:40: [basecommands.smx] "Console<0><Console><Console>" changed cvar (cvar "sv_max_queries_sec_global") (value "10")
L 10/26/2022 - 01:00:40: [basecommands.smx] "Console<0><Console><Console>" changed cvar (cvar "sv_max_queries_sec") (value "3")
L 10/26/2022 - 01:00:40: [basecommands.smx] "Console<0><Console><Console>" changed cvar (cvar "sv_max_queries_window") (value "10")
L 10/26/2022 - 01:00:40: [basecommands.smx] "Console<0><Console><Console>" changed cvar (cvar "sv_player_stuck_tolerance") (value "5")
L 10/26/2022 - 01:00:40: [basecommands.smx] "Console<0><Console><Console>" changed cvar (cvar "sv_stats") (value "0")
L 10/26/2022 - 01:00:40: [basecommands.smx] "Console<0><Console><Console>" changed cvar (cvar "sv_clockcorrection_msecs") (value "25")
L 10/26/2022 - 01:00:40: [basecommands.smx] "Console<0><Console><Console>" changed cvar (cvar "vs_tiebreak_bonus") (value "100")
L 10/26/2022 - 01:00:40: [basecommands.smx] "Console<0><Console><Console>" changed cvar (cvar "vs_survival_bonus") (value "25")
L 10/26/2022 - 01:00:40: [basecommands.smx] "Console<0><Console><Console>" changed cvar (cvar "sm_simple_witch_bonus") (value "100")
L 10/26/2022 - 01:00:40: [basecommands.smx] "Console<0><Console><Console>" changed cvar (cvar "l4d_ready_survivor_freeze") (value "0")
L 10/26/2022 - 01:00:40: [basecommands.smx] "Console<0><Console><Console>" changed cvar (cvar "l4d_ready_delay") (value "3")
L 10/26/2022 - 01:00:40: [basecommands.smx] "Console<0><Console><Console>" changed cvar (cvar "l4d_ready_enable_sound") (value "1")
L 10/26/2022 - 01:00:40: [basecommands.smx] "Console<0><Console><Console>" changed cvar (cvar "l4d_ready_chuckle") (value "0")
L 10/26/2022 - 01:00:40: [basecommands.smx] "Console<0><Console><Console>" changed cvar (cvar "sm_max_lerp") (value "1")
L 10/26/2022 - 01:00:40: [basecommands.smx] "Console<0><Console><Console>" changed cvar (cvar "mp_autoteambalance") (value "0")
L 10/26/2022 - 01:00:40: [basecommands.smx] "Console<0><Console><Console>" changed cvar (cvar "sv_unlag_fixstuck") (value "1")
L 10/26/2022 - 01:00:40: [basecommands.smx] "Console<0><Console><Console>" changed cvar (cvar "z_brawl_chance") (value "0")
L 10/26/2022 - 01:00:40: [basecommands.smx] "Console<0><Console><Console>" changed cvar (cvar "sv_forcepreload") (value "1")
L 10/26/2022 - 01:00:40: [basecommands.smx] "Console<0><Console><Console>" changed cvar (cvar "sv_client_predict") (value "1")
L 10/26/2022 - 01:00:40: [basecommands.smx] "Console<0><Console><Console>" changed cvar (cvar "sv_client_cmdrate_difference") (value "0")
L 10/26/2022 - 01:00:40: [basecommands.smx] "Console<0><Console><Console>" changed cvar (cvar "sv_max_queries_sec_global") (value "10")
L 10/26/2022 - 01:00:40: [basecommands.smx] "Console<0><Console><Console>" changed cvar (cvar "sv_max_queries_sec") (value "3")
L 10/26/2022 - 01:00:40: [basecommands.smx] "Console<0><Console><Console>" changed cvar (cvar "sv_max_queries_window") (value "10")
L 10/26/2022 - 01:00:40: [basecommands.smx] "Console<0><Console><Console>" changed cvar (cvar "sv_player_stuck_tolerance") (value "5")
L 10/26/2022 - 01:00:40: [basecommands.smx] "Console<0><Console><Console>" changed cvar (cvar "sv_clockcorrection_msecs") (value "25")
L 10/26/2022 - 01:17:45: -------- Mapchange to c8m5_rooftop --------
L 10/26/2022 - 01:17:46: [basecommands.smx] "Console<0><Console><Console>" changed cvar (cvar "vs_max_team_switches") (value "999")
L 10/26/2022 - 01:17:46: [basecommands.smx] "Console<0><Console><Console>" changed cvar (cvar "sv_minrate") (value "100000")
L 10/26/2022 - 01:17:46: [basecommands.smx] "Console<0><Console><Console>" changed cvar (cvar "sv_maxrate") (value "100000")
L 10/26/2022 - 01:17:46: [basecommands.smx] "Console<0><Console><Console>" changed cvar (cvar "sv_mincmdrate") (value "100")
L 10/26/2022 - 01:17:46: [basecommands.smx] "Console<0><Console><Console>" changed cvar (cvar "sv_maxcmdrate") (value "100")
L 10/26/2022 - 01:17:46: [basecommands.smx] "Console<0><Console><Console>" changed cvar (cvar "sv_maxupdaterate") (value "10sm_cvar")
L 10/26/2022 - 01:17:46: [basecommands.smx] "Console<0><Console><Console>" changed cvar (cvar "sv_maxrate") (value "100000")
L 10/26/2022 - 01:17:46: [basecommands.smx] "Console<0><Console><Console>" changed cvar (cvar "sv_minupdaterate") (value "100")
L 10/26/2022 - 01:17:46: [basecommands.smx] "Console<0><Console><Console>" changed cvar (cvar "sv_maxupdaterate") (value "100")
L 10/26/2022 - 01:17:46: [basecommands.smx] "Console<0><Console><Console>" changed cvar (cvar "sv_mincmdrate") (value "100")
L 10/26/2022 - 01:17:46: [basecommands.smx] "Console<0><Console><Console>" changed cvar (cvar "sv_maxcmdrate") (value "100")
L 10/26/2022 - 01:17:46: [basecommands.smx] "Console<0><Console><Console>" changed cvar (cvar "sv_client_min_interp_ratio") (value "-1")
L 10/26/2022 - 01:17:46: [basecommands.smx] "Console<0><Console><Console>" changed cvar (cvar "sv_client_max_interp_ratio") (value "0")
L 10/26/2022 - 01:17:46: [basecommands.smx] "Console<0><Console><Console>" changed cvar (cvar "nb_update_frequency") (value "0.014")
L 10/26/2022 - 01:17:46: [basecommands.smx] "Console<0><Console><Console>" changed cvar (cvar "net_splitpacket_maxrate") (value "50000")
L 10/26/2022 - 01:17:46: [basecommands.smx] "Console<0><Console><Console>" changed cvar (cvar "fps_max") (value "0")
L 10/26/2022 - 01:17:46: [basecommands.smx] "Console<0><Console><Console>" changed cvar (cvar "sv_allowupload") (value "0")
L 10/26/2022 - 01:17:46: [basecommands.smx] "Console<0><Console><Console>" changed cvar (cvar "sv_allowdownload") (value "1")
L 10/26/2022 - 01:17:46: [basecommands.smx] "Console<0><Console><Console>" changed cvar (cvar "sb_all_bot_game") (value "1")
L 10/26/2022 - 01:17:46: [basecommands.smx] "Console<0><Console><Console>" changed cvar (cvar "allow_all_bot_survivor_team") (value "0")
L 10/26/2022 - 01:17:46: [basecommands.smx] "Console<0><Console><Console>" changed cvar (cvar "z_tank_damage_slow_min_range") (value "0")
L 10/26/2022 - 01:17:46: [basecommands.smx] "Console<0><Console><Console>" changed cvar (cvar "z_tank_damage_slow_max_range") (value "0")
L 10/26/2022 - 01:17:46: [basecommands.smx] "Console<0><Console><Console>" changed cvar (cvar "versus_tank_chance_intro") (value "1")
L 10/26/2022 - 01:17:46: [basecommands.smx] "Console<0><Console><Console>" changed cvar (cvar "versus_tank_chance") (value "1")
L 10/26/2022 - 01:17:46: [basecommands.smx] "Console<0><Console><Console>" changed cvar (cvar "versus_tank_chance_finale") (value "0")
L 10/26/2022 - 01:17:46: [basecommands.smx] "Console<0><Console><Console>" changed cvar (cvar "versus_witch_chance_intro") (value "1")
L 10/26/2022 - 01:17:46: [basecommands.smx] "Console<0><Console><Console>" changed cvar (cvar "versus_witch_chance") (value "1")
L 10/26/2022 - 01:17:46: [basecommands.smx] "Console<0><Console><Console>" changed cvar (cvar "versus_witch_chance_finale") (value "1")
L 10/26/2022 - 01:17:46: [basecommands.smx] "Console<0><Console><Console>" changed cvar (cvar "versus_boss_flow_max") (value "0.9")
L 10/26/2022 - 01:17:46: [basecommands.smx] "Console<0><Console><Console>" changed cvar (cvar "versus_boss_flow_min") (value "0.2")
L 10/26/2022 - 01:17:46: [basecommands.smx] "Console<0><Console><Console>" changed cvar (cvar "z_difficulty") (value "normal")
L 10/26/2022 - 01:17:46: [basecommands.smx] "Console<0><Console><Console>" changed cvar (cvar "z_ghost_delay_min") (value "15")
L 10/26/2022 - 01:17:46: [basecommands.smx] "Console<0><Console><Console>" changed cvar (cvar "z_ghost_delay_max") (value "17")
L 10/26/2022 - 01:17:46: [basecommands.smx] "Console<0><Console><Console>" changed cvar (cvar "z_mob_spawn_min_size") (value "15")
L 10/26/2022 - 01:17:46: [basecommands.smx] "Console<0><Console><Console>" changed cvar (cvar "z_jockey_control_min") (value "1")
L 10/26/2022 - 01:17:46: [basecommands.smx] "Console<0><Console><Console>" changed cvar (cvar "z_jockey_control_max") (value "1")
L 10/26/2022 - 01:17:46: [basecommands.smx] "Console<0><Console><Console>" changed cvar (cvar "z_jockey_control_variance") (value "0")
L 10/26/2022 - 01:17:46: [basecommands.smx] "Console<0><Console><Console>" changed cvar (cvar "boomer_exposed_time_tolerance") (value "0.2")
L 10/26/2022 - 01:17:46: [basecommands.smx] "Console<0><Console><Console>" changed cvar (cvar "boomer_vomit_delay") (value "0")
L 10/26/2022 - 01:17:46: [basecommands.smx] "Console<0><Console><Console>" changed cvar (cvar "z_spit_interval") (value "16")
L 10/26/2022 - 01:17:46: [basecommands.smx] "Console<0><Console><Console>" changed cvar (cvar "z_vomit_interval") (value "20")
L 10/26/2022 - 01:17:46: [basecommands.smx] "Console<0><Console><Console>" changed cvar (cvar "steamworks_immediate_upload") (value "0")
L 10/26/2022 - 01:17:46: [basecommands.smx] "Console<0><Console><Console>" changed cvar (cvar "steamworks_stats_disable") (value "1")
L 10/26/2022 - 01:17:46: [basecommands.smx] "Console<0><Console><Console>" changed cvar (cvar "mp_autoteambalance") (value "0")
L 10/26/2022 - 01:17:46: [basecommands.smx] "Console<0><Console><Console>" changed cvar (cvar "sv_unlag_fixstuck") (value "1")
L 10/26/2022 - 01:17:46: [basecommands.smx] "Console<0><Console><Console>" changed cvar (cvar "z_brawl_chance") (value "0")
L 10/26/2022 - 01:17:46: [basecommands.smx] "Console<0><Console><Console>" changed cvar (cvar "sv_maxunlag") (value "1")
L 10/26/2022 - 01:17:46: [basecommands.smx] "Console<0><Console><Console>" changed cvar (cvar "sv_forcepreload") (value "1")
L 10/26/2022 - 01:17:46: [basecommands.smx] "Console<0><Console><Console>" changed cvar (cvar "sv_client_predict") (value "1")
L 10/26/2022 - 01:17:46: [basecommands.smx] "Console<0><Console><Console>" changed cvar (cvar "sv_client_cmdrate_difference") (value "0")
L 10/26/2022 - 01:17:46: [basecommands.smx] "Console<0><Console><Console>" changed cvar (cvar "sv_max_queries_sec_global") (value "10")
L 10/26/2022 - 01:17:46: [basecommands.smx] "Console<0><Console><Console>" changed cvar (cvar "sv_max_queries_sec") (value "3")
L 10/26/2022 - 01:17:46: [basecommands.smx] "Console<0><Console><Console>" changed cvar (cvar "sv_max_queries_window") (value "10")
L 10/26/2022 - 01:17:46: [basecommands.smx] "Console<0><Console><Console>" changed cvar (cvar "sv_player_stuck_tolerance") (value "5")
L 10/26/2022 - 01:17:46: [basecommands.smx] "Console<0><Console><Console>" changed cvar (cvar "sv_stats") (value "0")
L 10/26/2022 - 01:17:46: [basecommands.smx] "Console<0><Console><Console>" changed cvar (cvar "sv_clockcorrection_msecs") (value "25")
L 10/26/2022 - 01:17:46: [basecommands.smx] "Console<0><Console><Console>" changed cvar (cvar "vs_tiebreak_bonus") (value "100")
L 10/26/2022 - 01:17:46: [basecommands.smx] "Console<0><Console><Console>" changed cvar (cvar "vs_survival_bonus") (value "25")
L 10/26/2022 - 01:17:46: [basecommands.smx] "Console<0><Console><Console>" changed cvar (cvar "sm_simple_witch_bonus") (value "100")
L 10/26/2022 - 01:17:46: [basecommands.smx] "Console<0><Console><Console>" changed cvar (cvar "l4d_ready_survivor_freeze") (value "0")
L 10/26/2022 - 01:17:46: [basecommands.smx] "Console<0><Console><Console>" changed cvar (cvar "l4d_ready_delay") (value "3")
L 10/26/2022 - 01:17:46: [basecommands.smx] "Console<0><Console><Console>" changed cvar (cvar "l4d_ready_enable_sound") (value "1")
L 10/26/2022 - 01:17:46: [basecommands.smx] "Console<0><Console><Console>" changed cvar (cvar "l4d_ready_chuckle") (value "0")
L 10/26/2022 - 01:17:46: [basecommands.smx] "Console<0><Console><Console>" changed cvar (cvar "sm_max_lerp") (value "1")
L 10/26/2022 - 01:17:46: [basecommands.smx] "Console<0><Console><Console>" changed cvar (cvar "mp_autoteambalance") (value "0")
L 10/26/2022 - 01:17:46: [basecommands.smx] "Console<0><Console><Console>" changed cvar (cvar "sv_unlag_fixstuck") (value "1")
L 10/26/2022 - 01:17:46: [basecommands.smx] "Console<0><Console><Console>" changed cvar (cvar "z_brawl_chance") (value "0")
L 10/26/2022 - 01:17:46: [basecommands.smx] "Console<0><Console><Console>" changed cvar (cvar "sv_forcepreload") (value "1")
L 10/26/2022 - 01:17:46: [basecommands.smx] "Console<0><Console><Console>" changed cvar (cvar "sv_client_predict") (value "1")
L 10/26/2022 - 01:17:46: [basecommands.smx] "Console<0><Console><Console>" changed cvar (cvar "sv_client_cmdrate_difference") (value "0")
L 10/26/2022 - 01:17:46: [basecommands.smx] "Console<0><Console><Console>" changed cvar (cvar "sv_max_queries_sec_global") (value "10")
L 10/26/2022 - 01:17:46: [basecommands.smx] "Console<0><Console><Console>" changed cvar (cvar "sv_max_queries_sec") (value "3")
L 10/26/2022 - 01:17:46: [basecommands.smx] "Console<0><Console><Console>" changed cvar (cvar "sv_max_queries_window") (value "10")
L 10/26/2022 - 01:17:46: [basecommands.smx] "Console<0><Console><Console>" changed cvar (cvar "sv_player_stuck_tolerance") (value "5")
L 10/26/2022 - 01:17:46: [basecommands.smx] "Console<0><Console><Console>" changed cvar (cvar "sv_clockcorrection_msecs") (value "25")
L 10/26/2022 - 01:32:08: [basecommands.smx] "Altair<4><STEAM_1:0:90628109><>" changed map to "c2m1_highway"
L 10/26/2022 - 01:32:11: [SM] Changed map to "c2m1_highway"
L 10/26/2022 - 01:32:13: -------- Mapchange to c2m1_highway --------
L 10/26/2022 - 01:32:14: [basecommands.smx] "Console<0><Console><Console>" changed cvar (cvar "vs_max_team_switches") (value "999")
L 10/26/2022 - 01:32:14: [basecommands.smx] "Console<0><Console><Console>" changed cvar (cvar "sv_minrate") (value "100000")
L 10/26/2022 - 01:32:14: [basecommands.smx] "Console<0><Console><Console>" changed cvar (cvar "sv_maxrate") (value "100000")
L 10/26/2022 - 01:32:14: [basecommands.smx] "Console<0><Console><Console>" changed cvar (cvar "sv_mincmdrate") (value "100")
L 10/26/2022 - 01:32:14: [basecommands.smx] "Console<0><Console><Console>" changed cvar (cvar "sv_maxcmdrate") (value "100")
L 10/26/2022 - 01:32:14: [basecommands.smx] "Console<0><Console><Console>" changed cvar (cvar "sv_maxupdaterate") (value "10sm_cvar")
L 10/26/2022 - 01:32:14: [basecommands.smx] "Console<0><Console><Console>" changed cvar (cvar "sv_maxrate") (value "100000")
L 10/26/2022 - 01:32:14: [basecommands.smx] "Console<0><Console><Console>" changed cvar (cvar "sv_minupdaterate") (value "100")
L 10/26/2022 - 01:32:14: [basecommands.smx] "Console<0><Console><Console>" changed cvar (cvar "sv_maxupdaterate") (value "100")
L 10/26/2022 - 01:32:14: [basecommands.smx] "Console<0><Console><Console>" changed cvar (cvar "sv_mincmdrate") (value "100")
L 10/26/2022 - 01:32:14: [basecommands.smx] "Console<0><Console><Console>" changed cvar (cvar "sv_maxcmdrate") (value "100")
L 10/26/2022 - 01:32:14: [basecommands.smx] "Console<0><Console><Console>" changed cvar (cvar "sv_client_min_interp_ratio") (value "-1")
L 10/26/2022 - 01:32:14: [basecommands.smx] "Console<0><Console><Console>" changed cvar (cvar "sv_client_max_interp_ratio") (value "0")
L 10/26/2022 - 01:32:14: [basecommands.smx] "Console<0><Console><Console>" changed cvar (cvar "nb_update_frequency") (value "0.014")
L 10/26/2022 - 01:32:14: [basecommands.smx] "Console<0><Console><Console>" changed cvar (cvar "net_splitpacket_maxrate") (value "50000")
L 10/26/2022 - 01:32:14: [basecommands.smx] "Console<0><Console><Console>" changed cvar (cvar "fps_max") (value "0")
L 10/26/2022 - 01:32:14: [basecommands.smx] "Console<0><Console><Console>" changed cvar (cvar "sv_allowupload") (value "0")
L 10/26/2022 - 01:32:14: [basecommands.smx] "Console<0><Console><Console>" changed cvar (cvar "sv_allowdownload") (value "1")
L 10/26/2022 - 01:32:14: [basecommands.smx] "Console<0><Console><Console>" changed cvar (cvar "sb_all_bot_game") (value "1")
L 10/26/2022 - 01:32:14: [basecommands.smx] "Console<0><Console><Console>" changed cvar (cvar "allow_all_bot_survivor_team") (value "0")
L 10/26/2022 - 01:32:14: [basecommands.smx] "Console<0><Console><Console>" changed cvar (cvar "z_tank_damage_slow_min_range") (value "0")
L 10/26/2022 - 01:32:14: [basecommands.smx] "Console<0><Console><Console>" changed cvar (cvar "z_tank_damage_slow_max_range") (value "0")
L 10/26/2022 - 01:32:14: [basecommands.smx] "Console<0><Console><Console>" changed cvar (cvar "versus_tank_chance_intro") (value "1")
L 10/26/2022 - 01:32:14: [basecommands.smx] "Console<0><Console><Console>" changed cvar (cvar "versus_tank_chance") (value "1")
L 10/26/2022 - 01:32:14: [basecommands.smx] "Console<0><Console><Console>" changed cvar (cvar "versus_tank_chance_finale") (value "0")
L 10/26/2022 - 01:32:14: [basecommands.smx] "Console<0><Console><Console>" changed cvar (cvar "versus_witch_chance_intro") (value "1")
L 10/26/2022 - 01:32:14: [basecommands.smx] "Console<0><Console><Console>" changed cvar (cvar "versus_witch_chance") (value "1")
L 10/26/2022 - 01:32:14: [basecommands.smx] "Console<0><Console><Console>" changed cvar (cvar "versus_witch_chance_finale") (value "1")
L 10/26/2022 - 01:32:14: [basecommands.smx] "Console<0><Console><Console>" changed cvar (cvar "versus_boss_flow_max") (value "0.9")
L 10/26/2022 - 01:32:14: [basecommands.smx] "Console<0><Console><Console>" changed cvar (cvar "versus_boss_flow_min") (value "0.2")
L 10/26/2022 - 01:32:14: [basecommands.smx] "Console<0><Console><Console>" changed cvar (cvar "z_difficulty") (value "normal")
L 10/26/2022 - 01:32:14: [basecommands.smx] "Console<0><Console><Console>" changed cvar (cvar "z_ghost_delay_min") (value "15")
L 10/26/2022 - 01:32:14: [basecommands.smx] "Console<0><Console><Console>" changed cvar (cvar "z_ghost_delay_max") (value "17")
L 10/26/2022 - 01:32:14: [basecommands.smx] "Console<0><Console><Console>" changed cvar (cvar "z_mob_spawn_min_size") (value "15")
L 10/26/2022 - 01:32:14: [basecommands.smx] "Console<0><Console><Console>" changed cvar (cvar "z_jockey_control_min") (value "1")
L 10/26/2022 - 01:32:14: [basecommands.smx] "Console<0><Console><Console>" changed cvar (cvar "z_jockey_control_max") (value "1")
L 10/26/2022 - 01:32:14: [basecommands.smx] "Console<0><Console><Console>" changed cvar (cvar "z_jockey_control_variance") (value "0")
L 10/26/2022 - 01:32:14: [basecommands.smx] "Console<0><Console><Console>" changed cvar (cvar "boomer_exposed_time_tolerance") (value "0.2")
L 10/26/2022 - 01:32:14: [basecommands.smx] "Console<0><Console><Console>" changed cvar (cvar "boomer_vomit_delay") (value "0")
L 10/26/2022 - 01:32:14: [basecommands.smx] "Console<0><Console><Console>" changed cvar (cvar "z_spit_interval") (value "16")
L 10/26/2022 - 01:32:14: [basecommands.smx] "Console<0><Console><Console>" changed cvar (cvar "z_vomit_interval") (value "20")
L 10/26/2022 - 01:32:14: [basecommands.smx] "Console<0><Console><Console>" changed cvar (cvar "steamworks_immediate_upload") (value "0")
L 10/26/2022 - 01:32:14: [basecommands.smx] "Console<0><Console><Console>" changed cvar (cvar "steamworks_stats_disable") (value "1")
L 10/26/2022 - 01:32:14: [basecommands.smx] "Console<0><Console><Console>" changed cvar (cvar "mp_autoteambalance") (value "0")
L 10/26/2022 - 01:32:14: [basecommands.smx] "Console<0><Console><Console>" changed cvar (cvar "sv_unlag_fixstuck") (value "1")
L 10/26/2022 - 01:32:14: [basecommands.smx] "Console<0><Console><Console>" changed cvar (cvar "z_brawl_chance") (value "0")
L 10/26/2022 - 01:32:14: [basecommands.smx] "Console<0><Console><Console>" changed cvar (cvar "sv_maxunlag") (value "1")
L 10/26/2022 - 01:32:14: [basecommands.smx] "Console<0><Console><Console>" changed cvar (cvar "sv_forcepreload") (value "1")
L 10/26/2022 - 01:32:14: [basecommands.smx] "Console<0><Console><Console>" changed cvar (cvar "sv_client_predict") (value "1")
L 10/26/2022 - 01:32:14: [basecommands.smx] "Console<0><Console><Console>" changed cvar (cvar "sv_client_cmdrate_difference") (value "0")
L 10/26/2022 - 01:32:14: [basecommands.smx] "Console<0><Console><Console>" changed cvar (cvar "sv_max_queries_sec_global") (value "10")
L 10/26/2022 - 01:32:14: [basecommands.smx] "Console<0><Console><Console>" changed cvar (cvar "sv_max_queries_sec") (value "3")
L 10/26/2022 - 01:32:14: [basecommands.smx] "Console<0><Console><Console>" changed cvar (cvar "sv_max_queries_window") (value "10")
L 10/26/2022 - 01:32:14: [basecommands.smx] "Console<0><Console><Console>" changed cvar (cvar "sv_player_stuck_tolerance") (value "5")
L 10/26/2022 - 01:32:14: [basecommands.smx] "Console<0><Console><Console>" changed cvar (cvar "sv_stats") (value "0")
L 10/26/2022 - 01:32:14: [basecommands.smx] "Console<0><Console><Console>" changed cvar (cvar "sv_clockcorrection_msecs") (value "25")
L 10/26/2022 - 01:32:14: [basecommands.smx] "Console<0><Console><Console>" changed cvar (cvar "vs_tiebreak_bonus") (value "100")
L 10/26/2022 - 01:32:14: [basecommands.smx] "Console<0><Console><Console>" changed cvar (cvar "vs_survival_bonus") (value "25")
L 10/26/2022 - 01:32:14: [basecommands.smx] "Console<0><Console><Console>" changed cvar (cvar "sm_simple_witch_bonus") (value "100")
L 10/26/2022 - 01:32:14: [basecommands.smx] "Console<0><Console><Console>" changed cvar (cvar "l4d_ready_survivor_freeze") (value "0")
L 10/26/2022 - 01:32:14: [basecommands.smx] "Console<0><Console><Console>" changed cvar (cvar "l4d_ready_delay") (value "3")
L 10/26/2022 - 01:32:14: [basecommands.smx] "Console<0><Console><Console>" changed cvar (cvar "l4d_ready_enable_sound") (value "1")
L 10/26/2022 - 01:32:14: [basecommands.smx] "Console<0><Console><Console>" changed cvar (cvar "l4d_ready_chuckle") (value "0")
L 10/26/2022 - 01:32:14: [basecommands.smx] "Console<0><Console><Console>" changed cvar (cvar "sm_max_lerp") (value "1")
L 10/26/2022 - 01:32:14: [basecommands.smx] "Console<0><Console><Console>" changed cvar (cvar "mp_autoteambalance") (value "0")
L 10/26/2022 - 01:32:14: [basecommands.smx] "Console<0><Console><Console>" changed cvar (cvar "sv_unlag_fixstuck") (value "1")
L 10/26/2022 - 01:32:14: [basecommands.smx] "Console<0><Console><Console>" changed cvar (cvar "z_brawl_chance") (value "0")
L 10/26/2022 - 01:32:14: [basecommands.smx] "Console<0><Console><Console>" changed cvar (cvar "sv_forcepreload") (value "1")
L 10/26/2022 - 01:32:14: [basecommands.smx] "Console<0><Console><Console>" changed cvar (cvar "sv_client_predict") (value "1")
L 10/26/2022 - 01:32:14: [basecommands.smx] "Console<0><Console><Console>" changed cvar (cvar "sv_client_cmdrate_difference") (value "0")
L 10/26/2022 - 01:32:14: [basecommands.smx] "Console<0><Console><Console>" changed cvar (cvar "sv_max_queries_sec_global") (value "10")
L 10/26/2022 - 01:32:14: [basecommands.smx] "Console<0><Console><Console>" changed cvar (cvar "sv_max_queries_sec") (value "3")
L 10/26/2022 - 01:32:14: [basecommands.smx] "Console<0><Console><Console>" changed cvar (cvar "sv_max_queries_window") (value "10")
L 10/26/2022 - 01:32:14: [basecommands.smx] "Console<0><Console><Console>" changed cvar (cvar "sv_player_stuck_tolerance") (value "5")
L 10/26/2022 - 01:32:14: [basecommands.smx] "Console<0><Console><Console>" changed cvar (cvar "sv_clockcorrection_msecs") (value "25")
L 10/26/2022 - 21:13:52: SourceMod log file session started (file "/home/steam/l4d2/left4dead2/addons/sourcemod/logs/L20221026.log") (Version "1.11.0.6911")
L 10/26/2022 - 21:13:52: [basecommands.smx] "Console<0><Console><Console>" changed cvar (cvar "vs_max_team_switches") (value "999")
L 10/26/2022 - 21:13:52: [basecommands.smx] "Console<0><Console><Console>" changed cvar (cvar "sv_minrate") (value "100000")
L 10/26/2022 - 21:13:52: [basecommands.smx] "Console<0><Console><Console>" changed cvar (cvar "sv_maxrate") (value "100000")
L 10/26/2022 - 21:13:52: [basecommands.smx] "Console<0><Console><Console>" changed cvar (cvar "sv_mincmdrate") (value "100")
L 10/26/2022 - 21:13:52: [basecommands.smx] "Console<0><Console><Console>" changed cvar (cvar "sv_maxcmdrate") (value "100")
L 10/26/2022 - 21:13:52: [basecommands.smx] "Console<0><Console><Console>" changed cvar (cvar "sv_maxupdaterate") (value "10sm_cvar")
L 10/26/2022 - 21:13:52: [basecommands.smx] "Console<0><Console><Console>" changed cvar (cvar "sv_maxrate") (value "100000")
L 10/26/2022 - 21:13:52: [basecommands.smx] "Console<0><Console><Console>" changed cvar (cvar "sv_minupdaterate") (value "100")
L 10/26/2022 - 21:13:52: [basecommands.smx] "Console<0><Console><Console>" changed cvar (cvar "sv_maxupdaterate") (value "100")
L 10/26/2022 - 21:13:52: [basecommands.smx] "Console<0><Console><Console>" changed cvar (cvar "sv_mincmdrate") (value "100")
L 10/26/2022 - 21:13:52: [basecommands.smx] "Console<0><Console><Console>" changed cvar (cvar "sv_maxcmdrate") (value "100")
L 10/26/2022 - 21:13:52: [basecommands.smx] "Console<0><Console><Console>" changed cvar (cvar "sv_client_min_interp_ratio") (value "-1")
L 10/26/2022 - 21:13:52: [basecommands.smx] "Console<0><Console><Console>" changed cvar (cvar "sv_client_max_interp_ratio") (value "0")
L 10/26/2022 - 21:13:52: [basecommands.smx] "Console<0><Console><Console>" changed cvar (cvar "nb_update_frequency") (value "0.014")
L 10/26/2022 - 21:13:52: [basecommands.smx] "Console<0><Console><Console>" changed cvar (cvar "net_splitpacket_maxrate") (value "50000")
L 10/26/2022 - 21:13:52: [basecommands.smx] "Console<0><Console><Console>" changed cvar (cvar "fps_max") (value "0")
L 10/26/2022 - 21:13:52: [basecommands.smx] "Console<0><Console><Console>" changed cvar (cvar "sv_allowupload") (value "0")
L 10/26/2022 - 21:13:52: [basecommands.smx] "Console<0><Console><Console>" changed cvar (cvar "sv_allowdownload") (value "1")
L 10/26/2022 - 21:13:52: [basecommands.smx] "Console<0><Console><Console>" changed cvar (cvar "sb_all_bot_game") (value "1")
L 10/26/2022 - 21:13:52: [basecommands.smx] "Console<0><Console><Console>" changed cvar (cvar "allow_all_bot_survivor_team") (value "0")
L 10/26/2022 - 21:13:52: [basecommands.smx] "Console<0><Console><Console>" changed cvar (cvar "z_tank_damage_slow_min_range") (value "0")
L 10/26/2022 - 21:13:52: [basecommands.smx] "Console<0><Console><Console>" changed cvar (cvar "z_tank_damage_slow_max_range") (value "0")
L 10/26/2022 - 21:13:52: [basecommands.smx] "Console<0><Console><Console>" changed cvar (cvar "versus_tank_chance_intro") (value "1")
L 10/26/2022 - 21:13:52: [basecommands.smx] "Console<0><Console><Console>" changed cvar (cvar "versus_tank_chance") (value "1")
L 10/26/2022 - 21:13:52: [basecommands.smx] "Console<0><Console><Console>" changed cvar (cvar "versus_tank_chance_finale") (value "0")
L 10/26/2022 - 21:13:52: [basecommands.smx] "Console<0><Console><Console>" changed cvar (cvar "versus_witch_chance_intro") (value "1")
L 10/26/2022 - 21:13:52: [basecommands.smx] "Console<0><Console><Console>" changed cvar (cvar "versus_witch_chance") (value "1")
L 10/26/2022 - 21:13:52: [basecommands.smx] "Console<0><Console><Console>" changed cvar (cvar "versus_witch_chance_finale") (value "1")
L 10/26/2022 - 21:13:52: [basecommands.smx] "Console<0><Console><Console>" changed cvar (cvar "versus_boss_flow_max") (value "0.9")
L 10/26/2022 - 21:13:52: [basecommands.smx] "Console<0><Console><Console>" changed cvar (cvar "versus_boss_flow_min") (value "0.2")
L 10/26/2022 - 21:13:52: [basecommands.smx] "Console<0><Console><Console>" changed cvar (cvar "z_difficulty") (value "normal")
L 10/26/2022 - 21:13:52: [basecommands.smx] "Console<0><Console><Console>" changed cvar (cvar "z_ghost_delay_min") (value "15")
L 10/26/2022 - 21:13:52: [basecommands.smx] "Console<0><Console><Console>" changed cvar (cvar "z_ghost_delay_max") (value "17")
L 10/26/2022 - 21:13:52: [basecommands.smx] "Console<0><Console><Console>" changed cvar (cvar "z_mob_spawn_min_size") (value "15")
L 10/26/2022 - 21:13:52: [basecommands.smx] "Console<0><Console><Console>" changed cvar (cvar "z_jockey_control_min") (value "1")
L 10/26/2022 - 21:13:52: [basecommands.smx] "Console<0><Console><Console>" changed cvar (cvar "z_jockey_control_max") (value "1")
L 10/26/2022 - 21:13:52: [basecommands.smx] "Console<0><Console><Console>" changed cvar (cvar "z_jockey_control_variance") (value "0")
L 10/26/2022 - 21:13:52: [basecommands.smx] "Console<0><Console><Console>" changed cvar (cvar "boomer_exposed_time_tolerance") (value "0.2")
L 10/26/2022 - 21:13:52: [basecommands.smx] "Console<0><Console><Console>" changed cvar (cvar "boomer_vomit_delay") (value "0")
L 10/26/2022 - 21:13:52: [basecommands.smx] "Console<0><Console><Console>" changed cvar (cvar "z_spit_interval") (value "16")
L 10/26/2022 - 21:13:52: [basecommands.smx] "Console<0><Console><Console>" changed cvar (cvar "z_vomit_interval") (value "20")
L 10/26/2022 - 21:13:52: [basecommands.smx] "Console<0><Console><Console>" changed cvar (cvar "steamworks_immediate_upload") (value "0")
L 10/26/2022 - 21:13:52: [basecommands.smx] "Console<0><Console><Console>" changed cvar (cvar "steamworks_stats_disable") (value "1")
L 10/26/2022 - 21:13:52: [basecommands.smx] "Console<0><Console><Console>" changed cvar (cvar "mp_autoteambalance") (value "0")
L 10/26/2022 - 21:13:52: [basecommands.smx] "Console<0><Console><Console>" changed cvar (cvar "sv_unlag_fixstuck") (value "1")
L 10/26/2022 - 21:13:52: [basecommands.smx] "Console<0><Console><Console>" changed cvar (cvar "z_brawl_chance") (value "0")
L 10/26/2022 - 21:13:52: [basecommands.smx] "Console<0><Console><Console>" changed cvar (cvar "sv_maxunlag") (value "1")
L 10/26/2022 - 21:13:52: [basecommands.smx] "Console<0><Console><Console>" changed cvar (cvar "sv_forcepreload") (value "1")
L 10/26/2022 - 21:13:52: [basecommands.smx] "Console<0><Console><Console>" changed cvar (cvar "sv_client_predict") (value "1")
L 10/26/2022 - 21:13:52: [basecommands.smx] "Console<0><Console><Console>" changed cvar (cvar "sv_client_cmdrate_difference") (value "0")
L 10/26/2022 - 21:13:52: [basecommands.smx] "Console<0><Console><Console>" changed cvar (cvar "sv_max_queries_sec_global") (value "10")
L 10/26/2022 - 21:13:52: [basecommands.smx] "Console<0><Console><Console>" changed cvar (cvar "sv_max_queries_sec") (value "3")
L 10/26/2022 - 21:13:52: [basecommands.smx] "Console<0><Console><Console>" changed cvar (cvar "sv_max_queries_window") (value "10")
L 10/26/2022 - 21:13:52: [basecommands.smx] "Console<0><Console><Console>" changed cvar (cvar "sv_player_stuck_tolerance") (value "5")
L 10/26/2022 - 21:13:52: [basecommands.smx] "Console<0><Console><Console>" changed cvar (cvar "sv_stats") (value "0")
L 10/26/2022 - 21:13:52: [basecommands.smx] "Console<0><Console><Console>" changed cvar (cvar "sv_clockcorrection_msecs") (value "25")
L 10/26/2022 - 21:13:52: [basecommands.smx] "Console<0><Console><Console>" changed cvar (cvar "vs_tiebreak_bonus") (value "100")
L 10/26/2022 - 21:13:52: [basecommands.smx] "Console<0><Console><Console>" changed cvar (cvar "vs_survival_bonus") (value "25")
L 10/26/2022 - 21:13:52: [basecommands.smx] "Console<0><Console><Console>" changed cvar (cvar "sm_simple_witch_bonus") (value "100")
L 10/26/2022 - 21:13:52: [basecommands.smx] "Console<0><Console><Console>" changed cvar (cvar "l4d_ready_survivor_freeze") (value "0")
L 10/26/2022 - 21:13:52: [basecommands.smx] "Console<0><Console><Console>" changed cvar (cvar "l4d_ready_delay") (value "3")
L 10/26/2022 - 21:13:52: [basecommands.smx] "Console<0><Console><Console>" changed cvar (cvar "l4d_ready_enable_sound") (value "1")
L 10/26/2022 - 21:13:52: [basecommands.smx] "Console<0><Console><Console>" changed cvar (cvar "l4d_ready_chuckle") (value "0")
L 10/26/2022 - 21:13:52: [basecommands.smx] "Console<0><Console><Console>" changed cvar (cvar "sm_max_lerp") (value "1")
L 10/26/2022 - 21:13:52: [basecommands.smx] "Console<0><Console><Console>" changed cvar (cvar "mp_autoteambalance") (value "0")
L 10/26/2022 - 21:13:52: [basecommands.smx] "Console<0><Console><Console>" changed cvar (cvar "sv_unlag_fixstuck") (value "1")
L 10/26/2022 - 21:13:52: [basecommands.smx] "Console<0><Console><Console>" changed cvar (cvar "z_brawl_chance") (value "0")
L 10/26/2022 - 21:13:52: [basecommands.smx] "Console<0><Console><Console>" changed cvar (cvar "sv_forcepreload") (value "1")
L 10/26/2022 - 21:13:52: [basecommands.smx] "Console<0><Console><Console>" changed cvar (cvar "sv_client_predict") (value "1")
L 10/26/2022 - 21:13:52: [basecommands.smx] "Console<0><Console><Console>" changed cvar (cvar "sv_client_cmdrate_difference") (value "0")
L 10/26/2022 - 21:13:52: [basecommands.smx] "Console<0><Console><Console>" changed cvar (cvar "sv_max_queries_sec_global") (value "10")
L 10/26/2022 - 21:13:52: [basecommands.smx] "Console<0><Console><Console>" changed cvar (cvar "sv_max_queries_sec") (value "3")
L 10/26/2022 - 21:13:52: [basecommands.smx] "Console<0><Console><Console>" changed cvar (cvar "sv_max_queries_window") (value "10")
L 10/26/2022 - 21:13:52: [basecommands.smx] "Console<0><Console><Console>" changed cvar (cvar "sv_player_stuck_tolerance") (value "5")
L 10/26/2022 - 21:13:52: [basecommands.smx] "Console<0><Console><Console>" changed cvar (cvar "sv_clockcorrection_msecs") (value "25")
L 10/26/2022 - 21:28:06: [l4d_sm_respawn.smx] "Altair<2><STEAM_1:0:90628109><>" teleported "Altair<2><STEAM_1:0:90628109><>" after respawning him
L 10/26/2022 - 21:30:30: [l4d_sm_respawn.smx] "Altair<2><STEAM_1:0:90628109><>" teleported "Altair<2><STEAM_1:0:90628109><>" after respawning him
L 10/26/2022 - 23:45:45: SourceMod log file session started (file "/home/steam/l4d2/left4dead2/addons/sourcemod/logs/L20221026.log") (Version "1.11.0.6911")
L 10/26/2022 - 23:45:45: [basecommands.smx] "Console<0><Console><Console>" changed cvar (cvar "vs_max_team_switches") (value "999")
L 10/26/2022 - 23:45:45: [basecommands.smx] "Console<0><Console><Console>" changed cvar (cvar "sv_minrate") (value "100000")
L 10/26/2022 - 23:45:45: [basecommands.smx] "Console<0><Console><Console>" changed cvar (cvar "sv_maxrate") (value "100000")
L 10/26/2022 - 23:45:45: [basecommands.smx] "Console<0><Console><Console>" changed cvar (cvar "sv_mincmdrate") (value "100")
L 10/26/2022 - 23:45:45: [basecommands.smx] "Console<0><Console><Console>" changed cvar (cvar "sv_maxcmdrate") (value "100")
L 10/26/2022 - 23:45:45: [basecommands.smx] "Console<0><Console><Console>" changed cvar (cvar "sv_maxupdaterate") (value "10sm_cvar")
L 10/26/2022 - 23:45:45: [basecommands.smx] "Console<0><Console><Console>" changed cvar (cvar "sv_maxrate") (value "100000")
L 10/26/2022 - 23:45:45: [basecommands.smx] "Console<0><Console><Console>" changed cvar (cvar "sv_minupdaterate") (value "100")
L 10/26/2022 - 23:45:45: [basecommands.smx] "Console<0><Console><Console>" changed cvar (cvar "sv_maxupdaterate") (value "100")
L 10/26/2022 - 23:45:45: [basecommands.smx] "Console<0><Console><Console>" changed cvar (cvar "sv_mincmdrate") (value "100")
L 10/26/2022 - 23:45:45: [basecommands.smx] "Console<0><Console><Console>" changed cvar (cvar "sv_maxcmdrate") (value "100")
L 10/26/2022 - 23:45:45: [basecommands.smx] "Console<0><Console><Console>" changed cvar (cvar "sv_client_min_interp_ratio") (value "-1")
L 10/26/2022 - 23:45:45: [basecommands.smx] "Console<0><Console><Console>" changed cvar (cvar "sv_client_max_interp_ratio") (value "0")
L 10/26/2022 - 23:45:45: [basecommands.smx] "Console<0><Console><Console>" changed cvar (cvar "nb_update_frequency") (value "0.014")
L 10/26/2022 - 23:45:45: [basecommands.smx] "Console<0><Console><Console>" changed cvar (cvar "net_splitpacket_maxrate") (value "50000")
L 10/26/2022 - 23:45:45: [basecommands.smx] "Console<0><Console><Console>" changed cvar (cvar "fps_max") (value "0")
L 10/26/2022 - 23:45:45: [basecommands.smx] "Console<0><Console><Console>" changed cvar (cvar "sv_allowupload") (value "0")
L 10/26/2022 - 23:45:45: [basecommands.smx] "Console<0><Console><Console>" changed cvar (cvar "sv_allowdownload") (value "1")
L 10/26/2022 - 23:45:45: [basecommands.smx] "Console<0><Console><Console>" changed cvar (cvar "sb_all_bot_game") (value "1")
L 10/26/2022 - 23:45:45: [basecommands.smx] "Console<0><Console><Console>" changed cvar (cvar "allow_all_bot_survivor_team") (value "0")
L 10/26/2022 - 23:45:45: [basecommands.smx] "Console<0><Console><Console>" changed cvar (cvar "z_tank_damage_slow_min_range") (value "0")
L 10/26/2022 - 23:45:45: [basecommands.smx] "Console<0><Console><Console>" changed cvar (cvar "z_tank_damage_slow_max_range") (value "0")
L 10/26/2022 - 23:45:45: [basecommands.smx] "Console<0><Console><Console>" changed cvar (cvar "versus_tank_chance_intro") (value "1")
L 10/26/2022 - 23:45:45: [basecommands.smx] "Console<0><Console><Console>" changed cvar (cvar "versus_tank_chance") (value "1")
L 10/26/2022 - 23:45:45: [basecommands.smx] "Console<0><Console><Console>" changed cvar (cvar "versus_tank_chance_finale") (value "0")
L 10/26/2022 - 23:45:45: [basecommands.smx] "Console<0><Console><Console>" changed cvar (cvar "versus_witch_chance_intro") (value "1")
L 10/26/2022 - 23:45:45: [basecommands.smx] "Console<0><Console><Console>" changed cvar (cvar "versus_witch_chance") (value "1")
L 10/26/2022 - 23:45:45: [basecommands.smx] "Console<0><Console><Console>" changed cvar (cvar "versus_witch_chance_finale") (value "1")
L 10/26/2022 - 23:45:45: [basecommands.smx] "Console<0><Console><Console>" changed cvar (cvar "versus_boss_flow_max") (value "0.9")
L 10/26/2022 - 23:45:45: [basecommands.smx] "Console<0><Console><Console>" changed cvar (cvar "versus_boss_flow_min") (value "0.2")
L 10/26/2022 - 23:45:45: [basecommands.smx] "Console<0><Console><Console>" changed cvar (cvar "z_difficulty") (value "normal")
L 10/26/2022 - 23:45:45: [basecommands.smx] "Console<0><Console><Console>" changed cvar (cvar "z_ghost_delay_min") (value "15")
L 10/26/2022 - 23:45:45: [basecommands.smx] "Console<0><Console><Console>" changed cvar (cvar "z_ghost_delay_max") (value "17")
L 10/26/2022 - 23:45:45: [basecommands.smx] "Console<0><Console><Console>" changed cvar (cvar "z_mob_spawn_min_size") (value "15")
L 10/26/2022 - 23:45:45: [basecommands.smx] "Console<0><Console><Console>" changed cvar (cvar "z_jockey_control_min") (value "1")
L 10/26/2022 - 23:45:45: [basecommands.smx] "Console<0><Console><Console>" changed cvar (cvar "z_jockey_control_max") (value "1")
L 10/26/2022 - 23:45:45: [basecommands.smx] "Console<0><Console><Console>" changed cvar (cvar "z_jockey_control_variance") (value "0")
L 10/26/2022 - 23:45:45: [basecommands.smx] "Console<0><Console><Console>" changed cvar (cvar "boomer_exposed_time_tolerance") (value "0.2")
L 10/26/2022 - 23:45:45: [basecommands.smx] "Console<0><Console><Console>" changed cvar (cvar "boomer_vomit_delay") (value "0")
L 10/26/2022 - 23:45:45: [basecommands.smx] "Console<0><Console><Console>" changed cvar (cvar "z_spit_interval") (value "16")
L 10/26/2022 - 23:45:45: [basecommands.smx] "Console<0><Console><Console>" changed cvar (cvar "z_vomit_interval") (value "20")
L 10/26/2022 - 23:45:45: [basecommands.smx] "Console<0><Console><Console>" changed cvar (cvar "steamworks_immediate_upload") (value "0")
L 10/26/2022 - 23:45:45: [basecommands.smx] "Console<0><Console><Console>" changed cvar (cvar "steamworks_stats_disable") (value "1")
L 10/26/2022 - 23:45:45: [basecommands.smx] "Console<0><Console><Console>" changed cvar (cvar "mp_autoteambalance") (value "0")
L 10/26/2022 - 23:45:45: [basecommands.smx] "Console<0><Console><Console>" changed cvar (cvar "sv_unlag_fixstuck") (value "1")
L 10/26/2022 - 23:45:45: [basecommands.smx] "Console<0><Console><Console>" changed cvar (cvar "z_brawl_chance") (value "0")
L 10/26/2022 - 23:45:45: [basecommands.smx] "Console<0><Console><Console>" changed cvar (cvar "sv_maxunlag") (value "1")
L 10/26/2022 - 23:45:45: [basecommands.smx] "Console<0><Console><Console>" changed cvar (cvar "sv_forcepreload") (value "1")
L 10/26/2022 - 23:45:45: [basecommands.smx] "Console<0><Console><Console>" changed cvar (cvar "sv_client_predict") (value "1")
L 10/26/2022 - 23:45:45: [basecommands.smx] "Console<0><Console><Console>" changed cvar (cvar "sv_client_cmdrate_difference") (value "0")
L 10/26/2022 - 23:45:45: [basecommands.smx] "Console<0><Console><Console>" changed cvar (cvar "sv_max_queries_sec_global") (value "10")
L 10/26/2022 - 23:45:45: [basecommands.smx] "Console<0><Console><Console>" changed cvar (cvar "sv_max_queries_sec") (value "3")
L 10/26/2022 - 23:45:45: [basecommands.smx] "Console<0><Console><Console>" changed cvar (cvar "sv_max_queries_window") (value "10")
L 10/26/2022 - 23:45:45: [basecommands.smx] "Console<0><Console><Console>" changed cvar (cvar "sv_player_stuck_tolerance") (value "5")
L 10/26/2022 - 23:45:45: [basecommands.smx] "Console<0><Console><Console>" changed cvar (cvar "sv_stats") (value "0")
L 10/26/2022 - 23:45:45: [basecommands.smx] "Console<0><Console><Console>" changed cvar (cvar "sv_clockcorrection_msecs") (value "25")
L 10/26/2022 - 23:45:45: [basecommands.smx] "Console<0><Console><Console>" changed cvar (cvar "vs_tiebreak_bonus") (value "100")
L 10/26/2022 - 23:45:45: [basecommands.smx] "Console<0><Console><Console>" changed cvar (cvar "vs_survival_bonus") (value "25")
L 10/26/2022 - 23:45:45: [basecommands.smx] "Console<0><Console><Console>" changed cvar (cvar "sm_simple_witch_bonus") (value "100")
L 10/26/2022 - 23:45:45: [basecommands.smx] "Console<0><Console><Console>" changed cvar (cvar "l4d_ready_survivor_freeze") (value "0")
L 10/26/2022 - 23:45:45: [basecommands.smx] "Console<0><Console><Console>" changed cvar (cvar "l4d_ready_delay") (value "3")
L 10/26/2022 - 23:45:45: [basecommands.smx] "Console<0><Console><Console>" changed cvar (cvar "l4d_ready_enable_sound") (value "1")
L 10/26/2022 - 23:45:45: [basecommands.smx] "Console<0><Console><Console>" changed cvar (cvar "l4d_ready_chuckle") (value "0")
L 10/26/2022 - 23:45:45: [basecommands.smx] "Console<0><Console><Console>" changed cvar (cvar "sm_max_lerp") (value "1")
L 10/26/2022 - 23:45:45: [basecommands.smx] "Console<0><Console><Console>" changed cvar (cvar "mp_autoteambalance") (value "0")
L 10/26/2022 - 23:45:45: [basecommands.smx] "Console<0><Console><Console>" changed cvar (cvar "sv_unlag_fixstuck") (value "1")
L 10/26/2022 - 23:45:45: [basecommands.smx] "Console<0><Console><Console>" changed cvar (cvar "z_brawl_chance") (value "0")
L 10/26/2022 - 23:45:45: [basecommands.smx] "Console<0><Console><Console>" changed cvar (cvar "sv_forcepreload") (value "1")
L 10/26/2022 - 23:45:45: [basecommands.smx] "Console<0><Console><Console>" changed cvar (cvar "sv_client_predict") (value "1")
L 10/26/2022 - 23:45:45: [basecommands.smx] "Console<0><Console><Console>" changed cvar (cvar "sv_client_cmdrate_difference") (value "0")
L 10/26/2022 - 23:45:45: [basecommands.smx] "Console<0><Console><Console>" changed cvar (cvar "sv_max_queries_sec_global") (value "10")
L 10/26/2022 - 23:45:45: [basecommands.smx] "Console<0><Console><Console>" changed cvar (cvar "sv_max_queries_sec") (value "3")
L 10/26/2022 - 23:45:45: [basecommands.smx] "Console<0><Console><Console>" changed cvar (cvar "sv_max_queries_window") (value "10")
L 10/26/2022 - 23:45:45: [basecommands.smx] "Console<0><Console><Console>" changed cvar (cvar "sv_player_stuck_tolerance") (value "5")
L 10/26/2022 - 23:45:45: [basecommands.smx] "Console<0><Console><Console>" changed cvar (cvar "sv_clockcorrection_msecs") (value "25")
L 10/26/2022 - 23:46:10: -------- Mapchange to c5m1_waterfront --------
L 10/26/2022 - 23:46:12: [basecommands.smx] "Console<0><Console><Console>" changed cvar (cvar "vs_max_team_switches") (value "999")
L 10/26/2022 - 23:46:12: [basecommands.smx] "Console<0><Console><Console>" changed cvar (cvar "sv_minrate") (value "100000")
L 10/26/2022 - 23:46:12: [basecommands.smx] "Console<0><Console><Console>" changed cvar (cvar "sv_maxrate") (value "100000")
L 10/26/2022 - 23:46:12: [basecommands.smx] "Console<0><Console><Console>" changed cvar (cvar "sv_mincmdrate") (value "100")
L 10/26/2022 - 23:46:12: [basecommands.smx] "Console<0><Console><Console>" changed cvar (cvar "sv_maxcmdrate") (value "100")
L 10/26/2022 - 23:46:12: [basecommands.smx] "Console<0><Console><Console>" changed cvar (cvar "sv_maxupdaterate") (value "10sm_cvar")
L 10/26/2022 - 23:46:12: [basecommands.smx] "Console<0><Console><Console>" changed cvar (cvar "sv_maxrate") (value "100000")
L 10/26/2022 - 23:46:12: [basecommands.smx] "Console<0><Console><Console>" changed cvar (cvar "sv_minupdaterate") (value "100")
L 10/26/2022 - 23:46:12: [basecommands.smx] "Console<0><Console><Console>" changed cvar (cvar "sv_maxupdaterate") (value "100")
L 10/26/2022 - 23:46:12: [basecommands.smx] "Console<0><Console><Console>" changed cvar (cvar "sv_mincmdrate") (value "100")
L 10/26/2022 - 23:46:12: [basecommands.smx] "Console<0><Console><Console>" changed cvar (cvar "sv_maxcmdrate") (value "100")
L 10/26/2022 - 23:46:12: [basecommands.smx] "Console<0><Console><Console>" changed cvar (cvar "sv_client_min_interp_ratio") (value "-1")
L 10/26/2022 - 23:46:12: [basecommands.smx] "Console<0><Console><Console>" changed cvar (cvar "sv_client_max_interp_ratio") (value "0")
L 10/26/2022 - 23:46:12: [basecommands.smx] "Console<0><Console><Console>" changed cvar (cvar "nb_update_frequency") (value "0.014")
L 10/26/2022 - 23:46:12: [basecommands.smx] "Console<0><Console><Console>" changed cvar (cvar "net_splitpacket_maxrate") (value "50000")
L 10/26/2022 - 23:46:12: [basecommands.smx] "Console<0><Console><Console>" changed cvar (cvar "fps_max") (value "0")
L 10/26/2022 - 23:46:12: [basecommands.smx] "Console<0><Console><Console>" changed cvar (cvar "sv_allowupload") (value "0")
L 10/26/2022 - 23:46:12: [basecommands.smx] "Console<0><Console><Console>" changed cvar (cvar "sv_allowdownload") (value "1")
L 10/26/2022 - 23:46:12: [basecommands.smx] "Console<0><Console><Console>" changed cvar (cvar "sb_all_bot_game") (value "1")
L 10/26/2022 - 23:46:12: [basecommands.smx] "Console<0><Console><Console>" changed cvar (cvar "allow_all_bot_survivor_team") (value "0")
L 10/26/2022 - 23:46:12: [basecommands.smx] "Console<0><Console><Console>" changed cvar (cvar "z_tank_damage_slow_min_range") (value "0")
L 10/26/2022 - 23:46:12: [basecommands.smx] "Console<0><Console><Console>" changed cvar (cvar "z_tank_damage_slow_max_range") (value "0")
L 10/26/2022 - 23:46:12: [basecommands.smx] "Console<0><Console><Console>" changed cvar (cvar "versus_tank_chance_intro") (value "1")
L 10/26/2022 - 23:46:12: [basecommands.smx] "Console<0><Console><Console>" changed cvar (cvar "versus_tank_chance") (value "1")
L 10/26/2022 - 23:46:12: [basecommands.smx] "Console<0><Console><Console>" changed cvar (cvar "versus_tank_chance_finale") (value "0")
L 10/26/2022 - 23:46:12: [basecommands.smx] "Console<0><Console><Console>" changed cvar (cvar "versus_witch_chance_intro") (value "1")
L 10/26/2022 - 23:46:12: [basecommands.smx] "Console<0><Console><Console>" changed cvar (cvar "versus_witch_chance") (value "1")
L 10/26/2022 - 23:46:12: [basecommands.smx] "Console<0><Console><Console>" changed cvar (cvar "versus_witch_chance_finale") (value "1")
L 10/26/2022 - 23:46:12: [basecommands.smx] "Console<0><Console><Console>" changed cvar (cvar "versus_boss_flow_max") (value "0.9")
L 10/26/2022 - 23:46:12: [basecommands.smx] "Console<0><Console><Console>" changed cvar (cvar "versus_boss_flow_min") (value "0.2")
L 10/26/2022 - 23:46:12: [basecommands.smx] "Console<0><Console><Console>" changed cvar (cvar "z_difficulty") (value "normal")
L 10/26/2022 - 23:46:12: [basecommands.smx] "Console<0><Console><Console>" changed cvar (cvar "z_ghost_delay_min") (value "15")
L 10/26/2022 - 23:46:12: [basecommands.smx] "Console<0><Console><Console>" changed cvar (cvar "z_ghost_delay_max") (value "17")
L 10/26/2022 - 23:46:12: [basecommands.smx] "Console<0><Console><Console>" changed cvar (cvar "z_mob_spawn_min_size") (value "15")
L 10/26/2022 - 23:46:12: [basecommands.smx] "Console<0><Console><Console>" changed cvar (cvar "z_jockey_control_min") (value "1")
L 10/26/2022 - 23:46:12: [basecommands.smx] "Console<0><Console><Console>" changed cvar (cvar "z_jockey_control_max") (value "1")
L 10/26/2022 - 23:46:12: [basecommands.smx] "Console<0><Console><Console>" changed cvar (cvar "z_jockey_control_variance") (value "0")
L 10/26/2022 - 23:46:12: [basecommands.smx] "Console<0><Console><Console>" changed cvar (cvar "boomer_exposed_time_tolerance") (value "0.2")
L 10/26/2022 - 23:46:12: [basecommands.smx] "Console<0><Console><Console>" changed cvar (cvar "boomer_vomit_delay") (value "0")
L 10/26/2022 - 23:46:12: [basecommands.smx] "Console<0><Console><Console>" changed cvar (cvar "z_spit_interval") (value "16")
L 10/26/2022 - 23:46:12: [basecommands.smx] "Console<0><Console><Console>" changed cvar (cvar "z_vomit_interval") (value "20")
L 10/26/2022 - 23:46:12: [basecommands.smx] "Console<0><Console><Console>" changed cvar (cvar "steamworks_immediate_upload") (value "0")
L 10/26/2022 - 23:46:12: [basecommands.smx] "Console<0><Console><Console>" changed cvar (cvar "steamworks_stats_disable") (value "1")
L 10/26/2022 - 23:46:12: [basecommands.smx] "Console<0><Console><Console>" changed cvar (cvar "mp_autoteambalance") (value "0")
L 10/26/2022 - 23:46:12: [basecommands.smx] "Console<0><Console><Console>" changed cvar (cvar "sv_unlag_fixstuck") (value "1")
L 10/26/2022 - 23:46:12: [basecommands.smx] "Console<0><Console><Console>" changed cvar (cvar "z_brawl_chance") (value "0")
L 10/26/2022 - 23:46:12: [basecommands.smx] "Console<0><Console><Console>" changed cvar (cvar "sv_maxunlag") (value "1")
L 10/26/2022 - 23:46:12: [basecommands.smx] "Console<0><Console><Console>" changed cvar (cvar "sv_forcepreload") (value "1")
L 10/26/2022 - 23:46:12: [basecommands.smx] "Console<0><Console><Console>" changed cvar (cvar "sv_client_predict") (value "1")
L 10/26/2022 - 23:46:12: [basecommands.smx] "Console<0><Console><Console>" changed cvar (cvar "sv_client_cmdrate_difference") (value "0")
L 10/26/2022 - 23:46:12: [basecommands.smx] "Console<0><Console><Console>" changed cvar (cvar "sv_max_queries_sec_global") (value "10")
L 10/26/2022 - 23:46:12: [basecommands.smx] "Console<0><Console><Console>" changed cvar (cvar "sv_max_queries_sec") (value "3")
L 10/26/2022 - 23:46:12: [basecommands.smx] "Console<0><Console><Console>" changed cvar (cvar "sv_max_queries_window") (value "10")
L 10/26/2022 - 23:46:12: [basecommands.smx] "Console<0><Console><Console>" changed cvar (cvar "sv_player_stuck_tolerance") (value "5")
L 10/26/2022 - 23:46:12: [basecommands.smx] "Console<0><Console><Console>" changed cvar (cvar "sv_stats") (value "0")
L 10/26/2022 - 23:46:12: [basecommands.smx] "Console<0><Console><Console>" changed cvar (cvar "sv_clockcorrection_msecs") (value "25")
L 10/26/2022 - 23:46:12: [basecommands.smx] "Console<0><Console><Console>" changed cvar (cvar "vs_tiebreak_bonus") (value "100")
L 10/26/2022 - 23:46:12: [basecommands.smx] "Console<0><Console><Console>" changed cvar (cvar "vs_survival_bonus") (value "25")
L 10/26/2022 - 23:46:12: [basecommands.smx] "Console<0><Console><Console>" changed cvar (cvar "sm_simple_witch_bonus") (value "100")
L 10/26/2022 - 23:46:12: [basecommands.smx] "Console<0><Console><Console>" changed cvar (cvar "l4d_ready_survivor_freeze") (value "0")
L 10/26/2022 - 23:46:12: [basecommands.smx] "Console<0><Console><Console>" changed cvar (cvar "l4d_ready_delay") (value "3")
L 10/26/2022 - 23:46:12: [basecommands.smx] "Console<0><Console><Console>" changed cvar (cvar "l4d_ready_enable_sound") (value "1")
L 10/26/2022 - 23:46:12: [basecommands.smx] "Console<0><Console><Console>" changed cvar (cvar "l4d_ready_chuckle") (value "0")
L 10/26/2022 - 23:46:12: [basecommands.smx] "Console<0><Console><Console>" changed cvar (cvar "sm_max_lerp") (value "1")
L 10/26/2022 - 23:46:12: [basecommands.smx] "Console<0><Console><Console>" changed cvar (cvar "mp_autoteambalance") (value "0")
L 10/26/2022 - 23:46:12: [basecommands.smx] "Console<0><Console><Console>" changed cvar (cvar "sv_unlag_fixstuck") (value "1")
L 10/26/2022 - 23:46:12: [basecommands.smx] "Console<0><Console><Console>" changed cvar (cvar "z_brawl_chance") (value "0")
L 10/26/2022 - 23:46:12: [basecommands.smx] "Console<0><Console><Console>" changed cvar (cvar "sv_forcepreload") (value "1")
L 10/26/2022 - 23:46:12: [basecommands.smx] "Console<0><Console><Console>" changed cvar (cvar "sv_client_predict") (value "1")
L 10/26/2022 - 23:46:12: [basecommands.smx] "Console<0><Console><Console>" changed cvar (cvar "sv_client_cmdrate_difference") (value "0")
L 10/26/2022 - 23:46:12: [basecommands.smx] "Console<0><Console><Console>" changed cvar (cvar "sv_max_queries_sec_global") (value "10")
L 10/26/2022 - 23:46:12: [basecommands.smx] "Console<0><Console><Console>" changed cvar (cvar "sv_max_queries_sec") (value "3")
L 10/26/2022 - 23:46:12: [basecommands.smx] "Console<0><Console><Console>" changed cvar (cvar "sv_max_queries_window") (value "10")
L 10/26/2022 - 23:46:12: [basecommands.smx] "Console<0><Console><Console>" changed cvar (cvar "sv_player_stuck_tolerance") (value "5")
L 10/26/2022 - 23:46:12: [basecommands.smx] "Console<0><Console><Console>" changed cvar (cvar "sv_clockcorrection_msecs") (value "25")
L 10/26/2022 - 23:49:23: [basecommands.smx] "Altair<7><STEAM_1:0:90628109><>" kicked "elvismedranomamani97<18><STEAM_1:1:649268392><>" (reason "")
L 10/27/2022 - 00:05:37: Log file closed.
