L 10/27/2022 - 00:05:38: SourceMod log file session started (file "/home/steam/l4d2/left4dead2/addons/sourcemod/logs/L20221027.log") (Version "1.11.0.6911")
L 10/27/2022 - 00:05:38: [basecommands.smx] "Console<0><Console><Console>" changed cvar (cvar "vs_max_team_switches") (value "999")
L 10/27/2022 - 00:05:38: [basecommands.smx] "Console<0><Console><Console>" changed cvar (cvar "sv_minrate") (value "100000")
L 10/27/2022 - 00:05:38: [basecommands.smx] "Console<0><Console><Console>" changed cvar (cvar "sv_maxrate") (value "100000")
L 10/27/2022 - 00:05:38: [basecommands.smx] "Console<0><Console><Console>" changed cvar (cvar "sv_mincmdrate") (value "100")
L 10/27/2022 - 00:05:38: [basecommands.smx] "Console<0><Console><Console>" changed cvar (cvar "sv_maxcmdrate") (value "100")
L 10/27/2022 - 00:05:38: [basecommands.smx] "Console<0><Console><Console>" changed cvar (cvar "sv_maxupdaterate") (value "10sm_cvar")
L 10/27/2022 - 00:05:38: [basecommands.smx] "Console<0><Console><Console>" changed cvar (cvar "sv_maxrate") (value "100000")
L 10/27/2022 - 00:05:38: [basecommands.smx] "Console<0><Console><Console>" changed cvar (cvar "sv_minupdaterate") (value "100")
L 10/27/2022 - 00:05:38: [basecommands.smx] "Console<0><Console><Console>" changed cvar (cvar "sv_maxupdaterate") (value "100")
L 10/27/2022 - 00:05:38: [basecommands.smx] "Console<0><Console><Console>" changed cvar (cvar "sv_mincmdrate") (value "100")
L 10/27/2022 - 00:05:38: [basecommands.smx] "Console<0><Console><Console>" changed cvar (cvar "sv_maxcmdrate") (value "100")
L 10/27/2022 - 00:05:38: [basecommands.smx] "Console<0><Console><Console>" changed cvar (cvar "sv_client_min_interp_ratio") (value "-1")
L 10/27/2022 - 00:05:38: [basecommands.smx] "Console<0><Console><Console>" changed cvar (cvar "sv_client_max_interp_ratio") (value "0")
L 10/27/2022 - 00:05:38: [basecommands.smx] "Console<0><Console><Console>" changed cvar (cvar "nb_update_frequency") (value "0.014")
L 10/27/2022 - 00:05:38: [basecommands.smx] "Console<0><Console><Console>" changed cvar (cvar "net_splitpacket_maxrate") (value "50000")
L 10/27/2022 - 00:05:38: [basecommands.smx] "Console<0><Console><Console>" changed cvar (cvar "fps_max") (value "0")
L 10/27/2022 - 00:05:38: [basecommands.smx] "Console<0><Console><Console>" changed cvar (cvar "sv_allowupload") (value "0")
L 10/27/2022 - 00:05:38: [basecommands.smx] "Console<0><Console><Console>" changed cvar (cvar "sv_allowdownload") (value "1")
L 10/27/2022 - 00:05:38: [basecommands.smx] "Console<0><Console><Console>" changed cvar (cvar "sb_all_bot_game") (value "1")
L 10/27/2022 - 00:05:38: [basecommands.smx] "Console<0><Console><Console>" changed cvar (cvar "allow_all_bot_survivor_team") (value "0")
L 10/27/2022 - 00:05:38: [basecommands.smx] "Console<0><Console><Console>" changed cvar (cvar "z_tank_damage_slow_min_range") (value "0")
L 10/27/2022 - 00:05:38: [basecommands.smx] "Console<0><Console><Console>" changed cvar (cvar "z_tank_damage_slow_max_range") (value "0")
L 10/27/2022 - 00:05:38: [basecommands.smx] "Console<0><Console><Console>" changed cvar (cvar "versus_tank_chance_intro") (value "1")
L 10/27/2022 - 00:05:38: [basecommands.smx] "Console<0><Console><Console>" changed cvar (cvar "versus_tank_chance") (value "1")
L 10/27/2022 - 00:05:38: [basecommands.smx] "Console<0><Console><Console>" changed cvar (cvar "versus_tank_chance_finale") (value "0")
L 10/27/2022 - 00:05:38: [basecommands.smx] "Console<0><Console><Console>" changed cvar (cvar "versus_witch_chance_intro") (value "1")
L 10/27/2022 - 00:05:38: [basecommands.smx] "Console<0><Console><Console>" changed cvar (cvar "versus_witch_chance") (value "1")
L 10/27/2022 - 00:05:38: [basecommands.smx] "Console<0><Console><Console>" changed cvar (cvar "versus_witch_chance_finale") (value "1")
L 10/27/2022 - 00:05:38: [basecommands.smx] "Console<0><Console><Console>" changed cvar (cvar "versus_boss_flow_max") (value "0.9")
L 10/27/2022 - 00:05:38: [basecommands.smx] "Console<0><Console><Console>" changed cvar (cvar "versus_boss_flow_min") (value "0.2")
L 10/27/2022 - 00:05:38: [basecommands.smx] "Console<0><Console><Console>" changed cvar (cvar "z_difficulty") (value "normal")
L 10/27/2022 - 00:05:38: [basecommands.smx] "Console<0><Console><Console>" changed cvar (cvar "z_ghost_delay_min") (value "15")
L 10/27/2022 - 00:05:38: [basecommands.smx] "Console<0><Console><Console>" changed cvar (cvar "z_ghost_delay_max") (value "17")
L 10/27/2022 - 00:05:38: [basecommands.smx] "Console<0><Console><Console>" changed cvar (cvar "z_mob_spawn_min_size") (value "15")
L 10/27/2022 - 00:05:38: [basecommands.smx] "Console<0><Console><Console>" changed cvar (cvar "z_jockey_control_min") (value "1")
L 10/27/2022 - 00:05:38: [basecommands.smx] "Console<0><Console><Console>" changed cvar (cvar "z_jockey_control_max") (value "1")
L 10/27/2022 - 00:05:38: [basecommands.smx] "Console<0><Console><Console>" changed cvar (cvar "z_jockey_control_variance") (value "0")
L 10/27/2022 - 00:05:38: [basecommands.smx] "Console<0><Console><Console>" changed cvar (cvar "boomer_exposed_time_tolerance") (value "0.2")
L 10/27/2022 - 00:05:38: [basecommands.smx] "Console<0><Console><Console>" changed cvar (cvar "boomer_vomit_delay") (value "0")
L 10/27/2022 - 00:05:38: [basecommands.smx] "Console<0><Console><Console>" changed cvar (cvar "z_spit_interval") (value "16")
L 10/27/2022 - 00:05:38: [basecommands.smx] "Console<0><Console><Console>" changed cvar (cvar "z_vomit_interval") (value "20")
L 10/27/2022 - 00:05:38: [basecommands.smx] "Console<0><Console><Console>" changed cvar (cvar "steamworks_immediate_upload") (value "0")
L 10/27/2022 - 00:05:38: [basecommands.smx] "Console<0><Console><Console>" changed cvar (cvar "steamworks_stats_disable") (value "1")
L 10/27/2022 - 00:05:38: [basecommands.smx] "Console<0><Console><Console>" changed cvar (cvar "mp_autoteambalance") (value "0")
L 10/27/2022 - 00:05:38: [basecommands.smx] "Console<0><Console><Console>" changed cvar (cvar "sv_unlag_fixstuck") (value "1")
L 10/27/2022 - 00:05:38: [basecommands.smx] "Console<0><Console><Console>" changed cvar (cvar "z_brawl_chance") (value "0")
L 10/27/2022 - 00:05:38: [basecommands.smx] "Console<0><Console><Console>" changed cvar (cvar "sv_maxunlag") (value "1")
L 10/27/2022 - 00:05:38: [basecommands.smx] "Console<0><Console><Console>" changed cvar (cvar "sv_forcepreload") (value "1")
L 10/27/2022 - 00:05:38: [basecommands.smx] "Console<0><Console><Console>" changed cvar (cvar "sv_client_predict") (value "1")
L 10/27/2022 - 00:05:38: [basecommands.smx] "Console<0><Console><Console>" changed cvar (cvar "sv_client_cmdrate_difference") (value "0")
L 10/27/2022 - 00:05:38: [basecommands.smx] "Console<0><Console><Console>" changed cvar (cvar "sv_max_queries_sec_global") (value "10")
L 10/27/2022 - 00:05:38: [basecommands.smx] "Console<0><Console><Console>" changed cvar (cvar "sv_max_queries_sec") (value "3")
L 10/27/2022 - 00:05:38: [basecommands.smx] "Console<0><Console><Console>" changed cvar (cvar "sv_max_queries_window") (value "10")
L 10/27/2022 - 00:05:38: [basecommands.smx] "Console<0><Console><Console>" changed cvar (cvar "sv_player_stuck_tolerance") (value "5")
L 10/27/2022 - 00:05:38: [basecommands.smx] "Console<0><Console><Console>" changed cvar (cvar "sv_stats") (value "0")
L 10/27/2022 - 00:05:38: [basecommands.smx] "Console<0><Console><Console>" changed cvar (cvar "sv_clockcorrection_msecs") (value "25")
L 10/27/2022 - 00:05:38: [basecommands.smx] "Console<0><Console><Console>" changed cvar (cvar "vs_tiebreak_bonus") (value "100")
L 10/27/2022 - 00:05:38: [basecommands.smx] "Console<0><Console><Console>" changed cvar (cvar "vs_survival_bonus") (value "25")
L 10/27/2022 - 00:05:38: [basecommands.smx] "Console<0><Console><Console>" changed cvar (cvar "sm_simple_witch_bonus") (value "100")
L 10/27/2022 - 00:05:38: [basecommands.smx] "Console<0><Console><Console>" changed cvar (cvar "l4d_ready_survivor_freeze") (value "0")
L 10/27/2022 - 00:05:38: [basecommands.smx] "Console<0><Console><Console>" changed cvar (cvar "l4d_ready_delay") (value "3")
L 10/27/2022 - 00:05:38: [basecommands.smx] "Console<0><Console><Console>" changed cvar (cvar "l4d_ready_enable_sound") (value "1")
L 10/27/2022 - 00:05:38: [basecommands.smx] "Console<0><Console><Console>" changed cvar (cvar "l4d_ready_chuckle") (value "0")
L 10/27/2022 - 00:05:38: [basecommands.smx] "Console<0><Console><Console>" changed cvar (cvar "sm_max_lerp") (value "1")
L 10/27/2022 - 00:05:38: [basecommands.smx] "Console<0><Console><Console>" changed cvar (cvar "mp_autoteambalance") (value "0")
L 10/27/2022 - 00:05:38: [basecommands.smx] "Console<0><Console><Console>" changed cvar (cvar "sv_unlag_fixstuck") (value "1")
L 10/27/2022 - 00:05:38: [basecommands.smx] "Console<0><Console><Console>" changed cvar (cvar "z_brawl_chance") (value "0")
L 10/27/2022 - 00:05:38: [basecommands.smx] "Console<0><Console><Console>" changed cvar (cvar "sv_forcepreload") (value "1")
L 10/27/2022 - 00:05:38: [basecommands.smx] "Console<0><Console><Console>" changed cvar (cvar "sv_client_predict") (value "1")
L 10/27/2022 - 00:05:38: [basecommands.smx] "Console<0><Console><Console>" changed cvar (cvar "sv_client_cmdrate_difference") (value "0")
L 10/27/2022 - 00:05:38: [basecommands.smx] "Console<0><Console><Console>" changed cvar (cvar "sv_max_queries_sec_global") (value "10")
L 10/27/2022 - 00:05:38: [basecommands.smx] "Console<0><Console><Console>" changed cvar (cvar "sv_max_queries_sec") (value "3")
L 10/27/2022 - 00:05:38: [basecommands.smx] "Console<0><Console><Console>" changed cvar (cvar "sv_max_queries_window") (value "10")
L 10/27/2022 - 00:05:38: [basecommands.smx] "Console<0><Console><Console>" changed cvar (cvar "sv_player_stuck_tolerance") (value "5")
L 10/27/2022 - 00:05:38: [basecommands.smx] "Console<0><Console><Console>" changed cvar (cvar "sv_clockcorrection_msecs") (value "25")
L 10/27/2022 - 00:22:02: -------- Mapchange to c5m3_cemetery --------
L 10/27/2022 - 00:22:04: [basecommands.smx] "Console<0><Console><Console>" changed cvar (cvar "vs_max_team_switches") (value "999")
L 10/27/2022 - 00:22:04: [basecommands.smx] "Console<0><Console><Console>" changed cvar (cvar "sv_minrate") (value "100000")
L 10/27/2022 - 00:22:04: [basecommands.smx] "Console<0><Console><Console>" changed cvar (cvar "sv_maxrate") (value "100000")
L 10/27/2022 - 00:22:04: [basecommands.smx] "Console<0><Console><Console>" changed cvar (cvar "sv_mincmdrate") (value "100")
L 10/27/2022 - 00:22:04: [basecommands.smx] "Console<0><Console><Console>" changed cvar (cvar "sv_maxcmdrate") (value "100")
L 10/27/2022 - 00:22:04: [basecommands.smx] "Console<0><Console><Console>" changed cvar (cvar "sv_maxupdaterate") (value "10sm_cvar")
L 10/27/2022 - 00:22:04: [basecommands.smx] "Console<0><Console><Console>" changed cvar (cvar "sv_maxrate") (value "100000")
L 10/27/2022 - 00:22:04: [basecommands.smx] "Console<0><Console><Console>" changed cvar (cvar "sv_minupdaterate") (value "100")
L 10/27/2022 - 00:22:04: [basecommands.smx] "Console<0><Console><Console>" changed cvar (cvar "sv_maxupdaterate") (value "100")
L 10/27/2022 - 00:22:04: [basecommands.smx] "Console<0><Console><Console>" changed cvar (cvar "sv_mincmdrate") (value "100")
L 10/27/2022 - 00:22:04: [basecommands.smx] "Console<0><Console><Console>" changed cvar (cvar "sv_maxcmdrate") (value "100")
L 10/27/2022 - 00:22:04: [basecommands.smx] "Console<0><Console><Console>" changed cvar (cvar "sv_client_min_interp_ratio") (value "-1")
L 10/27/2022 - 00:22:04: [basecommands.smx] "Console<0><Console><Console>" changed cvar (cvar "sv_client_max_interp_ratio") (value "0")
L 10/27/2022 - 00:22:04: [basecommands.smx] "Console<0><Console><Console>" changed cvar (cvar "nb_update_frequency") (value "0.014")
L 10/27/2022 - 00:22:04: [basecommands.smx] "Console<0><Console><Console>" changed cvar (cvar "net_splitpacket_maxrate") (value "50000")
L 10/27/2022 - 00:22:04: [basecommands.smx] "Console<0><Console><Console>" changed cvar (cvar "fps_max") (value "0")
L 10/27/2022 - 00:22:04: [basecommands.smx] "Console<0><Console><Console>" changed cvar (cvar "sv_allowupload") (value "0")
L 10/27/2022 - 00:22:04: [basecommands.smx] "Console<0><Console><Console>" changed cvar (cvar "sv_allowdownload") (value "1")
L 10/27/2022 - 00:22:04: [basecommands.smx] "Console<0><Console><Console>" changed cvar (cvar "sb_all_bot_game") (value "1")
L 10/27/2022 - 00:22:04: [basecommands.smx] "Console<0><Console><Console>" changed cvar (cvar "allow_all_bot_survivor_team") (value "0")
L 10/27/2022 - 00:22:04: [basecommands.smx] "Console<0><Console><Console>" changed cvar (cvar "z_tank_damage_slow_min_range") (value "0")
L 10/27/2022 - 00:22:04: [basecommands.smx] "Console<0><Console><Console>" changed cvar (cvar "z_tank_damage_slow_max_range") (value "0")
L 10/27/2022 - 00:22:04: [basecommands.smx] "Console<0><Console><Console>" changed cvar (cvar "versus_tank_chance_intro") (value "1")
L 10/27/2022 - 00:22:04: [basecommands.smx] "Console<0><Console><Console>" changed cvar (cvar "versus_tank_chance") (value "1")
L 10/27/2022 - 00:22:04: [basecommands.smx] "Console<0><Console><Console>" changed cvar (cvar "versus_tank_chance_finale") (value "0")
L 10/27/2022 - 00:22:04: [basecommands.smx] "Console<0><Console><Console>" changed cvar (cvar "versus_witch_chance_intro") (value "1")
L 10/27/2022 - 00:22:04: [basecommands.smx] "Console<0><Console><Console>" changed cvar (cvar "versus_witch_chance") (value "1")
L 10/27/2022 - 00:22:04: [basecommands.smx] "Console<0><Console><Console>" changed cvar (cvar "versus_witch_chance_finale") (value "1")
L 10/27/2022 - 00:22:04: [basecommands.smx] "Console<0><Console><Console>" changed cvar (cvar "versus_boss_flow_max") (value "0.9")
L 10/27/2022 - 00:22:04: [basecommands.smx] "Console<0><Console><Console>" changed cvar (cvar "versus_boss_flow_min") (value "0.2")
L 10/27/2022 - 00:22:04: [basecommands.smx] "Console<0><Console><Console>" changed cvar (cvar "z_difficulty") (value "normal")
L 10/27/2022 - 00:22:04: [basecommands.smx] "Console<0><Console><Console>" changed cvar (cvar "z_ghost_delay_min") (value "15")
L 10/27/2022 - 00:22:04: [basecommands.smx] "Console<0><Console><Console>" changed cvar (cvar "z_ghost_delay_max") (value "17")
L 10/27/2022 - 00:22:04: [basecommands.smx] "Console<0><Console><Console>" changed cvar (cvar "z_mob_spawn_min_size") (value "15")
L 10/27/2022 - 00:22:04: [basecommands.smx] "Console<0><Console><Console>" changed cvar (cvar "z_jockey_control_min") (value "1")
L 10/27/2022 - 00:22:04: [basecommands.smx] "Console<0><Console><Console>" changed cvar (cvar "z_jockey_control_max") (value "1")
L 10/27/2022 - 00:22:04: [basecommands.smx] "Console<0><Console><Console>" changed cvar (cvar "z_jockey_control_variance") (value "0")
L 10/27/2022 - 00:22:04: [basecommands.smx] "Console<0><Console><Console>" changed cvar (cvar "boomer_exposed_time_tolerance") (value "0.2")
L 10/27/2022 - 00:22:04: [basecommands.smx] "Console<0><Console><Console>" changed cvar (cvar "boomer_vomit_delay") (value "0")
L 10/27/2022 - 00:22:04: [basecommands.smx] "Console<0><Console><Console>" changed cvar (cvar "z_spit_interval") (value "16")
L 10/27/2022 - 00:22:04: [basecommands.smx] "Console<0><Console><Console>" changed cvar (cvar "z_vomit_interval") (value "20")
L 10/27/2022 - 00:22:04: [basecommands.smx] "Console<0><Console><Console>" changed cvar (cvar "steamworks_immediate_upload") (value "0")
L 10/27/2022 - 00:22:04: [basecommands.smx] "Console<0><Console><Console>" changed cvar (cvar "steamworks_stats_disable") (value "1")
L 10/27/2022 - 00:22:04: [basecommands.smx] "Console<0><Console><Console>" changed cvar (cvar "mp_autoteambalance") (value "0")
L 10/27/2022 - 00:22:04: [basecommands.smx] "Console<0><Console><Console>" changed cvar (cvar "sv_unlag_fixstuck") (value "1")
L 10/27/2022 - 00:22:04: [basecommands.smx] "Console<0><Console><Console>" changed cvar (cvar "z_brawl_chance") (value "0")
L 10/27/2022 - 00:22:04: [basecommands.smx] "Console<0><Console><Console>" changed cvar (cvar "sv_maxunlag") (value "1")
L 10/27/2022 - 00:22:04: [basecommands.smx] "Console<0><Console><Console>" changed cvar (cvar "sv_forcepreload") (value "1")
L 10/27/2022 - 00:22:04: [basecommands.smx] "Console<0><Console><Console>" changed cvar (cvar "sv_client_predict") (value "1")
L 10/27/2022 - 00:22:04: [basecommands.smx] "Console<0><Console><Console>" changed cvar (cvar "sv_client_cmdrate_difference") (value "0")
L 10/27/2022 - 00:22:04: [basecommands.smx] "Console<0><Console><Console>" changed cvar (cvar "sv_max_queries_sec_global") (value "10")
L 10/27/2022 - 00:22:04: [basecommands.smx] "Console<0><Console><Console>" changed cvar (cvar "sv_max_queries_sec") (value "3")
L 10/27/2022 - 00:22:04: [basecommands.smx] "Console<0><Console><Console>" changed cvar (cvar "sv_max_queries_window") (value "10")
L 10/27/2022 - 00:22:04: [basecommands.smx] "Console<0><Console><Console>" changed cvar (cvar "sv_player_stuck_tolerance") (value "5")
L 10/27/2022 - 00:22:04: [basecommands.smx] "Console<0><Console><Console>" changed cvar (cvar "sv_stats") (value "0")
L 10/27/2022 - 00:22:04: [basecommands.smx] "Console<0><Console><Console>" changed cvar (cvar "sv_clockcorrection_msecs") (value "25")
L 10/27/2022 - 00:22:04: [basecommands.smx] "Console<0><Console><Console>" changed cvar (cvar "vs_tiebreak_bonus") (value "100")
L 10/27/2022 - 00:22:04: [basecommands.smx] "Console<0><Console><Console>" changed cvar (cvar "vs_survival_bonus") (value "25")
L 10/27/2022 - 00:22:04: [basecommands.smx] "Console<0><Console><Console>" changed cvar (cvar "sm_simple_witch_bonus") (value "100")
L 10/27/2022 - 00:22:04: [basecommands.smx] "Console<0><Console><Console>" changed cvar (cvar "l4d_ready_survivor_freeze") (value "0")
L 10/27/2022 - 00:22:04: [basecommands.smx] "Console<0><Console><Console>" changed cvar (cvar "l4d_ready_delay") (value "3")
L 10/27/2022 - 00:22:04: [basecommands.smx] "Console<0><Console><Console>" changed cvar (cvar "l4d_ready_enable_sound") (value "1")
L 10/27/2022 - 00:22:04: [basecommands.smx] "Console<0><Console><Console>" changed cvar (cvar "l4d_ready_chuckle") (value "0")
L 10/27/2022 - 00:22:04: [basecommands.smx] "Console<0><Console><Console>" changed cvar (cvar "sm_max_lerp") (value "1")
L 10/27/2022 - 00:22:04: [basecommands.smx] "Console<0><Console><Console>" changed cvar (cvar "mp_autoteambalance") (value "0")
L 10/27/2022 - 00:22:04: [basecommands.smx] "Console<0><Console><Console>" changed cvar (cvar "sv_unlag_fixstuck") (value "1")
L 10/27/2022 - 00:22:04: [basecommands.smx] "Console<0><Console><Console>" changed cvar (cvar "z_brawl_chance") (value "0")
L 10/27/2022 - 00:22:04: [basecommands.smx] "Console<0><Console><Console>" changed cvar (cvar "sv_forcepreload") (value "1")
L 10/27/2022 - 00:22:04: [basecommands.smx] "Console<0><Console><Console>" changed cvar (cvar "sv_client_predict") (value "1")
L 10/27/2022 - 00:22:04: [basecommands.smx] "Console<0><Console><Console>" changed cvar (cvar "sv_client_cmdrate_difference") (value "0")
L 10/27/2022 - 00:22:04: [basecommands.smx] "Console<0><Console><Console>" changed cvar (cvar "sv_max_queries_sec_global") (value "10")
L 10/27/2022 - 00:22:04: [basecommands.smx] "Console<0><Console><Console>" changed cvar (cvar "sv_max_queries_sec") (value "3")
L 10/27/2022 - 00:22:04: [basecommands.smx] "Console<0><Console><Console>" changed cvar (cvar "sv_max_queries_window") (value "10")
L 10/27/2022 - 00:22:04: [basecommands.smx] "Console<0><Console><Console>" changed cvar (cvar "sv_player_stuck_tolerance") (value "5")
L 10/27/2022 - 00:22:04: [basecommands.smx] "Console<0><Console><Console>" changed cvar (cvar "sv_clockcorrection_msecs") (value "25")
L 10/27/2022 - 00:47:09: -------- Mapchange to c5m4_quarter --------
L 10/27/2022 - 00:47:11: [basecommands.smx] "Console<0><Console><Console>" changed cvar (cvar "vs_max_team_switches") (value "999")
L 10/27/2022 - 00:47:11: [basecommands.smx] "Console<0><Console><Console>" changed cvar (cvar "sv_minrate") (value "100000")
L 10/27/2022 - 00:47:11: [basecommands.smx] "Console<0><Console><Console>" changed cvar (cvar "sv_maxrate") (value "100000")
L 10/27/2022 - 00:47:11: [basecommands.smx] "Console<0><Console><Console>" changed cvar (cvar "sv_mincmdrate") (value "100")
L 10/27/2022 - 00:47:11: [basecommands.smx] "Console<0><Console><Console>" changed cvar (cvar "sv_maxcmdrate") (value "100")
L 10/27/2022 - 00:47:11: [basecommands.smx] "Console<0><Console><Console>" changed cvar (cvar "sv_maxupdaterate") (value "10sm_cvar")
L 10/27/2022 - 00:47:11: [basecommands.smx] "Console<0><Console><Console>" changed cvar (cvar "sv_maxrate") (value "100000")
L 10/27/2022 - 00:47:11: [basecommands.smx] "Console<0><Console><Console>" changed cvar (cvar "sv_minupdaterate") (value "100")
L 10/27/2022 - 00:47:11: [basecommands.smx] "Console<0><Console><Console>" changed cvar (cvar "sv_maxupdaterate") (value "100")
L 10/27/2022 - 00:47:11: [basecommands.smx] "Console<0><Console><Console>" changed cvar (cvar "sv_mincmdrate") (value "100")
L 10/27/2022 - 00:47:11: [basecommands.smx] "Console<0><Console><Console>" changed cvar (cvar "sv_maxcmdrate") (value "100")
L 10/27/2022 - 00:47:11: [basecommands.smx] "Console<0><Console><Console>" changed cvar (cvar "sv_client_min_interp_ratio") (value "-1")
L 10/27/2022 - 00:47:11: [basecommands.smx] "Console<0><Console><Console>" changed cvar (cvar "sv_client_max_interp_ratio") (value "0")
L 10/27/2022 - 00:47:11: [basecommands.smx] "Console<0><Console><Console>" changed cvar (cvar "nb_update_frequency") (value "0.014")
L 10/27/2022 - 00:47:11: [basecommands.smx] "Console<0><Console><Console>" changed cvar (cvar "net_splitpacket_maxrate") (value "50000")
L 10/27/2022 - 00:47:11: [basecommands.smx] "Console<0><Console><Console>" changed cvar (cvar "fps_max") (value "0")
L 10/27/2022 - 00:47:11: [basecommands.smx] "Console<0><Console><Console>" changed cvar (cvar "sv_allowupload") (value "0")
L 10/27/2022 - 00:47:11: [basecommands.smx] "Console<0><Console><Console>" changed cvar (cvar "sv_allowdownload") (value "1")
L 10/27/2022 - 00:47:11: [basecommands.smx] "Console<0><Console><Console>" changed cvar (cvar "sb_all_bot_game") (value "1")
L 10/27/2022 - 00:47:11: [basecommands.smx] "Console<0><Console><Console>" changed cvar (cvar "allow_all_bot_survivor_team") (value "0")
L 10/27/2022 - 00:47:11: [basecommands.smx] "Console<0><Console><Console>" changed cvar (cvar "z_tank_damage_slow_min_range") (value "0")
L 10/27/2022 - 00:47:11: [basecommands.smx] "Console<0><Console><Console>" changed cvar (cvar "z_tank_damage_slow_max_range") (value "0")
L 10/27/2022 - 00:47:11: [basecommands.smx] "Console<0><Console><Console>" changed cvar (cvar "versus_tank_chance_intro") (value "1")
L 10/27/2022 - 00:47:11: [basecommands.smx] "Console<0><Console><Console>" changed cvar (cvar "versus_tank_chance") (value "1")
L 10/27/2022 - 00:47:11: [basecommands.smx] "Console<0><Console><Console>" changed cvar (cvar "versus_tank_chance_finale") (value "0")
L 10/27/2022 - 00:47:11: [basecommands.smx] "Console<0><Console><Console>" changed cvar (cvar "versus_witch_chance_intro") (value "1")
L 10/27/2022 - 00:47:11: [basecommands.smx] "Console<0><Console><Console>" changed cvar (cvar "versus_witch_chance") (value "1")
L 10/27/2022 - 00:47:11: [basecommands.smx] "Console<0><Console><Console>" changed cvar (cvar "versus_witch_chance_finale") (value "1")
L 10/27/2022 - 00:47:11: [basecommands.smx] "Console<0><Console><Console>" changed cvar (cvar "versus_boss_flow_max") (value "0.9")
L 10/27/2022 - 00:47:11: [basecommands.smx] "Console<0><Console><Console>" changed cvar (cvar "versus_boss_flow_min") (value "0.2")
L 10/27/2022 - 00:47:11: [basecommands.smx] "Console<0><Console><Console>" changed cvar (cvar "z_difficulty") (value "normal")
L 10/27/2022 - 00:47:11: [basecommands.smx] "Console<0><Console><Console>" changed cvar (cvar "z_ghost_delay_min") (value "15")
L 10/27/2022 - 00:47:11: [basecommands.smx] "Console<0><Console><Console>" changed cvar (cvar "z_ghost_delay_max") (value "17")
L 10/27/2022 - 00:47:11: [basecommands.smx] "Console<0><Console><Console>" changed cvar (cvar "z_mob_spawn_min_size") (value "15")
L 10/27/2022 - 00:47:11: [basecommands.smx] "Console<0><Console><Console>" changed cvar (cvar "z_jockey_control_min") (value "1")
L 10/27/2022 - 00:47:11: [basecommands.smx] "Console<0><Console><Console>" changed cvar (cvar "z_jockey_control_max") (value "1")
L 10/27/2022 - 00:47:11: [basecommands.smx] "Console<0><Console><Console>" changed cvar (cvar "z_jockey_control_variance") (value "0")
L 10/27/2022 - 00:47:11: [basecommands.smx] "Console<0><Console><Console>" changed cvar (cvar "boomer_exposed_time_tolerance") (value "0.2")
L 10/27/2022 - 00:47:11: [basecommands.smx] "Console<0><Console><Console>" changed cvar (cvar "boomer_vomit_delay") (value "0")
L 10/27/2022 - 00:47:11: [basecommands.smx] "Console<0><Console><Console>" changed cvar (cvar "z_spit_interval") (value "16")
L 10/27/2022 - 00:47:11: [basecommands.smx] "Console<0><Console><Console>" changed cvar (cvar "z_vomit_interval") (value "20")
L 10/27/2022 - 00:47:11: [basecommands.smx] "Console<0><Console><Console>" changed cvar (cvar "steamworks_immediate_upload") (value "0")
L 10/27/2022 - 00:47:11: [basecommands.smx] "Console<0><Console><Console>" changed cvar (cvar "steamworks_stats_disable") (value "1")
L 10/27/2022 - 00:47:11: [basecommands.smx] "Console<0><Console><Console>" changed cvar (cvar "mp_autoteambalance") (value "0")
L 10/27/2022 - 00:47:11: [basecommands.smx] "Console<0><Console><Console>" changed cvar (cvar "sv_unlag_fixstuck") (value "1")
L 10/27/2022 - 00:47:11: [basecommands.smx] "Console<0><Console><Console>" changed cvar (cvar "z_brawl_chance") (value "0")
L 10/27/2022 - 00:47:11: [basecommands.smx] "Console<0><Console><Console>" changed cvar (cvar "sv_maxunlag") (value "1")
L 10/27/2022 - 00:47:11: [basecommands.smx] "Console<0><Console><Console>" changed cvar (cvar "sv_forcepreload") (value "1")
L 10/27/2022 - 00:47:11: [basecommands.smx] "Console<0><Console><Console>" changed cvar (cvar "sv_client_predict") (value "1")
L 10/27/2022 - 00:47:11: [basecommands.smx] "Console<0><Console><Console>" changed cvar (cvar "sv_client_cmdrate_difference") (value "0")
L 10/27/2022 - 00:47:11: [basecommands.smx] "Console<0><Console><Console>" changed cvar (cvar "sv_max_queries_sec_global") (value "10")
L 10/27/2022 - 00:47:11: [basecommands.smx] "Console<0><Console><Console>" changed cvar (cvar "sv_max_queries_sec") (value "3")
L 10/27/2022 - 00:47:11: [basecommands.smx] "Console<0><Console><Console>" changed cvar (cvar "sv_max_queries_window") (value "10")
L 10/27/2022 - 00:47:11: [basecommands.smx] "Console<0><Console><Console>" changed cvar (cvar "sv_player_stuck_tolerance") (value "5")
L 10/27/2022 - 00:47:11: [basecommands.smx] "Console<0><Console><Console>" changed cvar (cvar "sv_stats") (value "0")
L 10/27/2022 - 00:47:11: [basecommands.smx] "Console<0><Console><Console>" changed cvar (cvar "sv_clockcorrection_msecs") (value "25")
L 10/27/2022 - 00:47:11: [basecommands.smx] "Console<0><Console><Console>" changed cvar (cvar "vs_tiebreak_bonus") (value "100")
L 10/27/2022 - 00:47:11: [basecommands.smx] "Console<0><Console><Console>" changed cvar (cvar "vs_survival_bonus") (value "25")
L 10/27/2022 - 00:47:11: [basecommands.smx] "Console<0><Console><Console>" changed cvar (cvar "sm_simple_witch_bonus") (value "100")
L 10/27/2022 - 00:47:11: [basecommands.smx] "Console<0><Console><Console>" changed cvar (cvar "l4d_ready_survivor_freeze") (value "0")
L 10/27/2022 - 00:47:11: [basecommands.smx] "Console<0><Console><Console>" changed cvar (cvar "l4d_ready_delay") (value "3")
L 10/27/2022 - 00:47:11: [basecommands.smx] "Console<0><Console><Console>" changed cvar (cvar "l4d_ready_enable_sound") (value "1")
L 10/27/2022 - 00:47:11: [basecommands.smx] "Console<0><Console><Console>" changed cvar (cvar "l4d_ready_chuckle") (value "0")
L 10/27/2022 - 00:47:11: [basecommands.smx] "Console<0><Console><Console>" changed cvar (cvar "sm_max_lerp") (value "1")
L 10/27/2022 - 00:47:11: [basecommands.smx] "Console<0><Console><Console>" changed cvar (cvar "mp_autoteambalance") (value "0")
L 10/27/2022 - 00:47:11: [basecommands.smx] "Console<0><Console><Console>" changed cvar (cvar "sv_unlag_fixstuck") (value "1")
L 10/27/2022 - 00:47:11: [basecommands.smx] "Console<0><Console><Console>" changed cvar (cvar "z_brawl_chance") (value "0")
L 10/27/2022 - 00:47:11: [basecommands.smx] "Console<0><Console><Console>" changed cvar (cvar "sv_forcepreload") (value "1")
L 10/27/2022 - 00:47:11: [basecommands.smx] "Console<0><Console><Console>" changed cvar (cvar "sv_client_predict") (value "1")
L 10/27/2022 - 00:47:11: [basecommands.smx] "Console<0><Console><Console>" changed cvar (cvar "sv_client_cmdrate_difference") (value "0")
L 10/27/2022 - 00:47:11: [basecommands.smx] "Console<0><Console><Console>" changed cvar (cvar "sv_max_queries_sec_global") (value "10")
L 10/27/2022 - 00:47:11: [basecommands.smx] "Console<0><Console><Console>" changed cvar (cvar "sv_max_queries_sec") (value "3")
L 10/27/2022 - 00:47:11: [basecommands.smx] "Console<0><Console><Console>" changed cvar (cvar "sv_max_queries_window") (value "10")
L 10/27/2022 - 00:47:11: [basecommands.smx] "Console<0><Console><Console>" changed cvar (cvar "sv_player_stuck_tolerance") (value "5")
L 10/27/2022 - 00:47:11: [basecommands.smx] "Console<0><Console><Console>" changed cvar (cvar "sv_clockcorrection_msecs") (value "25")
L 10/27/2022 - 01:03:49: -------- Mapchange to c5m5_bridge --------
L 10/27/2022 - 01:03:51: [basecommands.smx] "Console<0><Console><Console>" changed cvar (cvar "vs_max_team_switches") (value "999")
L 10/27/2022 - 01:03:51: [basecommands.smx] "Console<0><Console><Console>" changed cvar (cvar "sv_minrate") (value "100000")
L 10/27/2022 - 01:03:51: [basecommands.smx] "Console<0><Console><Console>" changed cvar (cvar "sv_maxrate") (value "100000")
L 10/27/2022 - 01:03:51: [basecommands.smx] "Console<0><Console><Console>" changed cvar (cvar "sv_mincmdrate") (value "100")
L 10/27/2022 - 01:03:51: [basecommands.smx] "Console<0><Console><Console>" changed cvar (cvar "sv_maxcmdrate") (value "100")
L 10/27/2022 - 01:03:51: [basecommands.smx] "Console<0><Console><Console>" changed cvar (cvar "sv_maxupdaterate") (value "10sm_cvar")
L 10/27/2022 - 01:03:51: [basecommands.smx] "Console<0><Console><Console>" changed cvar (cvar "sv_maxrate") (value "100000")
L 10/27/2022 - 01:03:51: [basecommands.smx] "Console<0><Console><Console>" changed cvar (cvar "sv_minupdaterate") (value "100")
L 10/27/2022 - 01:03:51: [basecommands.smx] "Console<0><Console><Console>" changed cvar (cvar "sv_maxupdaterate") (value "100")
L 10/27/2022 - 01:03:51: [basecommands.smx] "Console<0><Console><Console>" changed cvar (cvar "sv_mincmdrate") (value "100")
L 10/27/2022 - 01:03:51: [basecommands.smx] "Console<0><Console><Console>" changed cvar (cvar "sv_maxcmdrate") (value "100")
L 10/27/2022 - 01:03:51: [basecommands.smx] "Console<0><Console><Console>" changed cvar (cvar "sv_client_min_interp_ratio") (value "-1")
L 10/27/2022 - 01:03:51: [basecommands.smx] "Console<0><Console><Console>" changed cvar (cvar "sv_client_max_interp_ratio") (value "0")
L 10/27/2022 - 01:03:51: [basecommands.smx] "Console<0><Console><Console>" changed cvar (cvar "nb_update_frequency") (value "0.014")
L 10/27/2022 - 01:03:51: [basecommands.smx] "Console<0><Console><Console>" changed cvar (cvar "net_splitpacket_maxrate") (value "50000")
L 10/27/2022 - 01:03:51: [basecommands.smx] "Console<0><Console><Console>" changed cvar (cvar "fps_max") (value "0")
L 10/27/2022 - 01:03:51: [basecommands.smx] "Console<0><Console><Console>" changed cvar (cvar "sv_allowupload") (value "0")
L 10/27/2022 - 01:03:51: [basecommands.smx] "Console<0><Console><Console>" changed cvar (cvar "sv_allowdownload") (value "1")
L 10/27/2022 - 01:03:51: [basecommands.smx] "Console<0><Console><Console>" changed cvar (cvar "sb_all_bot_game") (value "1")
L 10/27/2022 - 01:03:51: [basecommands.smx] "Console<0><Console><Console>" changed cvar (cvar "allow_all_bot_survivor_team") (value "0")
L 10/27/2022 - 01:03:51: [basecommands.smx] "Console<0><Console><Console>" changed cvar (cvar "z_tank_damage_slow_min_range") (value "0")
L 10/27/2022 - 01:03:51: [basecommands.smx] "Console<0><Console><Console>" changed cvar (cvar "z_tank_damage_slow_max_range") (value "0")
L 10/27/2022 - 01:03:51: [basecommands.smx] "Console<0><Console><Console>" changed cvar (cvar "versus_tank_chance_intro") (value "1")
L 10/27/2022 - 01:03:51: [basecommands.smx] "Console<0><Console><Console>" changed cvar (cvar "versus_tank_chance") (value "1")
L 10/27/2022 - 01:03:51: [basecommands.smx] "Console<0><Console><Console>" changed cvar (cvar "versus_tank_chance_finale") (value "0")
L 10/27/2022 - 01:03:51: [basecommands.smx] "Console<0><Console><Console>" changed cvar (cvar "versus_witch_chance_intro") (value "1")
L 10/27/2022 - 01:03:51: [basecommands.smx] "Console<0><Console><Console>" changed cvar (cvar "versus_witch_chance") (value "1")
L 10/27/2022 - 01:03:51: [basecommands.smx] "Console<0><Console><Console>" changed cvar (cvar "versus_witch_chance_finale") (value "1")
L 10/27/2022 - 01:03:51: [basecommands.smx] "Console<0><Console><Console>" changed cvar (cvar "versus_boss_flow_max") (value "0.9")
L 10/27/2022 - 01:03:51: [basecommands.smx] "Console<0><Console><Console>" changed cvar (cvar "versus_boss_flow_min") (value "0.2")
L 10/27/2022 - 01:03:51: [basecommands.smx] "Console<0><Console><Console>" changed cvar (cvar "z_difficulty") (value "normal")
L 10/27/2022 - 01:03:51: [basecommands.smx] "Console<0><Console><Console>" changed cvar (cvar "z_ghost_delay_min") (value "15")
L 10/27/2022 - 01:03:51: [basecommands.smx] "Console<0><Console><Console>" changed cvar (cvar "z_ghost_delay_max") (value "17")
L 10/27/2022 - 01:03:51: [basecommands.smx] "Console<0><Console><Console>" changed cvar (cvar "z_mob_spawn_min_size") (value "15")
L 10/27/2022 - 01:03:51: [basecommands.smx] "Console<0><Console><Console>" changed cvar (cvar "z_jockey_control_min") (value "1")
L 10/27/2022 - 01:03:51: [basecommands.smx] "Console<0><Console><Console>" changed cvar (cvar "z_jockey_control_max") (value "1")
L 10/27/2022 - 01:03:51: [basecommands.smx] "Console<0><Console><Console>" changed cvar (cvar "z_jockey_control_variance") (value "0")
L 10/27/2022 - 01:03:51: [basecommands.smx] "Console<0><Console><Console>" changed cvar (cvar "boomer_exposed_time_tolerance") (value "0.2")
L 10/27/2022 - 01:03:51: [basecommands.smx] "Console<0><Console><Console>" changed cvar (cvar "boomer_vomit_delay") (value "0")
L 10/27/2022 - 01:03:51: [basecommands.smx] "Console<0><Console><Console>" changed cvar (cvar "z_spit_interval") (value "16")
L 10/27/2022 - 01:03:51: [basecommands.smx] "Console<0><Console><Console>" changed cvar (cvar "z_vomit_interval") (value "20")
L 10/27/2022 - 01:03:51: [basecommands.smx] "Console<0><Console><Console>" changed cvar (cvar "steamworks_immediate_upload") (value "0")
L 10/27/2022 - 01:03:51: [basecommands.smx] "Console<0><Console><Console>" changed cvar (cvar "steamworks_stats_disable") (value "1")
L 10/27/2022 - 01:03:51: [basecommands.smx] "Console<0><Console><Console>" changed cvar (cvar "mp_autoteambalance") (value "0")
L 10/27/2022 - 01:03:51: [basecommands.smx] "Console<0><Console><Console>" changed cvar (cvar "sv_unlag_fixstuck") (value "1")
L 10/27/2022 - 01:03:51: [basecommands.smx] "Console<0><Console><Console>" changed cvar (cvar "z_brawl_chance") (value "0")
L 10/27/2022 - 01:03:51: [basecommands.smx] "Console<0><Console><Console>" changed cvar (cvar "sv_maxunlag") (value "1")
L 10/27/2022 - 01:03:51: [basecommands.smx] "Console<0><Console><Console>" changed cvar (cvar "sv_forcepreload") (value "1")
L 10/27/2022 - 01:03:51: [basecommands.smx] "Console<0><Console><Console>" changed cvar (cvar "sv_client_predict") (value "1")
L 10/27/2022 - 01:03:51: [basecommands.smx] "Console<0><Console><Console>" changed cvar (cvar "sv_client_cmdrate_difference") (value "0")
L 10/27/2022 - 01:03:51: [basecommands.smx] "Console<0><Console><Console>" changed cvar (cvar "sv_max_queries_sec_global") (value "10")
L 10/27/2022 - 01:03:51: [basecommands.smx] "Console<0><Console><Console>" changed cvar (cvar "sv_max_queries_sec") (value "3")
L 10/27/2022 - 01:03:51: [basecommands.smx] "Console<0><Console><Console>" changed cvar (cvar "sv_max_queries_window") (value "10")
L 10/27/2022 - 01:03:51: [basecommands.smx] "Console<0><Console><Console>" changed cvar (cvar "sv_player_stuck_tolerance") (value "5")
L 10/27/2022 - 01:03:51: [basecommands.smx] "Console<0><Console><Console>" changed cvar (cvar "sv_stats") (value "0")
L 10/27/2022 - 01:03:51: [basecommands.smx] "Console<0><Console><Console>" changed cvar (cvar "sv_clockcorrection_msecs") (value "25")
L 10/27/2022 - 01:03:51: [basecommands.smx] "Console<0><Console><Console>" changed cvar (cvar "vs_tiebreak_bonus") (value "100")
L 10/27/2022 - 01:03:51: [basecommands.smx] "Console<0><Console><Console>" changed cvar (cvar "vs_survival_bonus") (value "25")
L 10/27/2022 - 01:03:51: [basecommands.smx] "Console<0><Console><Console>" changed cvar (cvar "sm_simple_witch_bonus") (value "100")
L 10/27/2022 - 01:03:51: [basecommands.smx] "Console<0><Console><Console>" changed cvar (cvar "l4d_ready_survivor_freeze") (value "0")
L 10/27/2022 - 01:03:51: [basecommands.smx] "Console<0><Console><Console>" changed cvar (cvar "l4d_ready_delay") (value "3")
L 10/27/2022 - 01:03:51: [basecommands.smx] "Console<0><Console><Console>" changed cvar (cvar "l4d_ready_enable_sound") (value "1")
L 10/27/2022 - 01:03:51: [basecommands.smx] "Console<0><Console><Console>" changed cvar (cvar "l4d_ready_chuckle") (value "0")
L 10/27/2022 - 01:03:51: [basecommands.smx] "Console<0><Console><Console>" changed cvar (cvar "sm_max_lerp") (value "1")
L 10/27/2022 - 01:03:51: [basecommands.smx] "Console<0><Console><Console>" changed cvar (cvar "mp_autoteambalance") (value "0")
L 10/27/2022 - 01:03:51: [basecommands.smx] "Console<0><Console><Console>" changed cvar (cvar "sv_unlag_fixstuck") (value "1")
L 10/27/2022 - 01:03:51: [basecommands.smx] "Console<0><Console><Console>" changed cvar (cvar "z_brawl_chance") (value "0")
L 10/27/2022 - 01:03:51: [basecommands.smx] "Console<0><Console><Console>" changed cvar (cvar "sv_forcepreload") (value "1")
L 10/27/2022 - 01:03:51: [basecommands.smx] "Console<0><Console><Console>" changed cvar (cvar "sv_client_predict") (value "1")
L 10/27/2022 - 01:03:51: [basecommands.smx] "Console<0><Console><Console>" changed cvar (cvar "sv_client_cmdrate_difference") (value "0")
L 10/27/2022 - 01:03:51: [basecommands.smx] "Console<0><Console><Console>" changed cvar (cvar "sv_max_queries_sec_global") (value "10")
L 10/27/2022 - 01:03:51: [basecommands.smx] "Console<0><Console><Console>" changed cvar (cvar "sv_max_queries_sec") (value "3")
L 10/27/2022 - 01:03:51: [basecommands.smx] "Console<0><Console><Console>" changed cvar (cvar "sv_max_queries_window") (value "10")
L 10/27/2022 - 01:03:51: [basecommands.smx] "Console<0><Console><Console>" changed cvar (cvar "sv_player_stuck_tolerance") (value "5")
L 10/27/2022 - 01:03:51: [basecommands.smx] "Console<0><Console><Console>" changed cvar (cvar "sv_clockcorrection_msecs") (value "25")
L 10/27/2022 - 23:25:03: SourceMod log file session started (file "/home/steam/l4d2/left4dead2/addons/sourcemod/logs/L20221027.log") (Version "1.11.0.6911")
L 10/27/2022 - 23:25:03: [basecommands.smx] "Console<0><Console><Console>" changed cvar (cvar "vs_max_team_switches") (value "999")
L 10/27/2022 - 23:25:03: [basecommands.smx] "Console<0><Console><Console>" changed cvar (cvar "sv_minrate") (value "100000")
L 10/27/2022 - 23:25:03: [basecommands.smx] "Console<0><Console><Console>" changed cvar (cvar "sv_maxrate") (value "100000")
L 10/27/2022 - 23:25:03: [basecommands.smx] "Console<0><Console><Console>" changed cvar (cvar "sv_mincmdrate") (value "100")
L 10/27/2022 - 23:25:03: [basecommands.smx] "Console<0><Console><Console>" changed cvar (cvar "sv_maxcmdrate") (value "100")
L 10/27/2022 - 23:25:03: [basecommands.smx] "Console<0><Console><Console>" changed cvar (cvar "sv_maxupdaterate") (value "10sm_cvar")
L 10/27/2022 - 23:25:03: [basecommands.smx] "Console<0><Console><Console>" changed cvar (cvar "sv_maxrate") (value "100000")
L 10/27/2022 - 23:25:03: [basecommands.smx] "Console<0><Console><Console>" changed cvar (cvar "sv_minupdaterate") (value "100")
L 10/27/2022 - 23:25:03: [basecommands.smx] "Console<0><Console><Console>" changed cvar (cvar "sv_maxupdaterate") (value "100")
L 10/27/2022 - 23:25:03: [basecommands.smx] "Console<0><Console><Console>" changed cvar (cvar "sv_mincmdrate") (value "100")
L 10/27/2022 - 23:25:03: [basecommands.smx] "Console<0><Console><Console>" changed cvar (cvar "sv_maxcmdrate") (value "100")
L 10/27/2022 - 23:25:03: [basecommands.smx] "Console<0><Console><Console>" changed cvar (cvar "sv_client_min_interp_ratio") (value "-1")
L 10/27/2022 - 23:25:03: [basecommands.smx] "Console<0><Console><Console>" changed cvar (cvar "sv_client_max_interp_ratio") (value "0")
L 10/27/2022 - 23:25:03: [basecommands.smx] "Console<0><Console><Console>" changed cvar (cvar "nb_update_frequency") (value "0.014")
L 10/27/2022 - 23:25:03: [basecommands.smx] "Console<0><Console><Console>" changed cvar (cvar "net_splitpacket_maxrate") (value "50000")
L 10/27/2022 - 23:25:03: [basecommands.smx] "Console<0><Console><Console>" changed cvar (cvar "fps_max") (value "0")
L 10/27/2022 - 23:25:03: [basecommands.smx] "Console<0><Console><Console>" changed cvar (cvar "sv_allowupload") (value "0")
L 10/27/2022 - 23:25:03: [basecommands.smx] "Console<0><Console><Console>" changed cvar (cvar "sv_allowdownload") (value "1")
L 10/27/2022 - 23:25:03: [basecommands.smx] "Console<0><Console><Console>" changed cvar (cvar "sb_all_bot_game") (value "1")
L 10/27/2022 - 23:25:03: [basecommands.smx] "Console<0><Console><Console>" changed cvar (cvar "allow_all_bot_survivor_team") (value "0")
L 10/27/2022 - 23:25:03: [basecommands.smx] "Console<0><Console><Console>" changed cvar (cvar "z_tank_damage_slow_min_range") (value "0")
L 10/27/2022 - 23:25:03: [basecommands.smx] "Console<0><Console><Console>" changed cvar (cvar "z_tank_damage_slow_max_range") (value "0")
L 10/27/2022 - 23:25:03: [basecommands.smx] "Console<0><Console><Console>" changed cvar (cvar "versus_tank_chance_intro") (value "1")
L 10/27/2022 - 23:25:03: [basecommands.smx] "Console<0><Console><Console>" changed cvar (cvar "versus_tank_chance") (value "1")
L 10/27/2022 - 23:25:03: [basecommands.smx] "Console<0><Console><Console>" changed cvar (cvar "versus_tank_chance_finale") (value "0")
L 10/27/2022 - 23:25:03: [basecommands.smx] "Console<0><Console><Console>" changed cvar (cvar "versus_witch_chance_intro") (value "1")
L 10/27/2022 - 23:25:03: [basecommands.smx] "Console<0><Console><Console>" changed cvar (cvar "versus_witch_chance") (value "1")
L 10/27/2022 - 23:25:03: [basecommands.smx] "Console<0><Console><Console>" changed cvar (cvar "versus_witch_chance_finale") (value "1")
L 10/27/2022 - 23:25:03: [basecommands.smx] "Console<0><Console><Console>" changed cvar (cvar "versus_boss_flow_max") (value "0.9")
L 10/27/2022 - 23:25:03: [basecommands.smx] "Console<0><Console><Console>" changed cvar (cvar "versus_boss_flow_min") (value "0.2")
L 10/27/2022 - 23:25:03: [basecommands.smx] "Console<0><Console><Console>" changed cvar (cvar "z_difficulty") (value "normal")
L 10/27/2022 - 23:25:03: [basecommands.smx] "Console<0><Console><Console>" changed cvar (cvar "z_ghost_delay_min") (value "15")
L 10/27/2022 - 23:25:03: [basecommands.smx] "Console<0><Console><Console>" changed cvar (cvar "z_ghost_delay_max") (value "17")
L 10/27/2022 - 23:25:03: [basecommands.smx] "Console<0><Console><Console>" changed cvar (cvar "z_mob_spawn_min_size") (value "15")
L 10/27/2022 - 23:25:03: [basecommands.smx] "Console<0><Console><Console>" changed cvar (cvar "z_jockey_control_min") (value "1")
L 10/27/2022 - 23:25:03: [basecommands.smx] "Console<0><Console><Console>" changed cvar (cvar "z_jockey_control_max") (value "1")
L 10/27/2022 - 23:25:03: [basecommands.smx] "Console<0><Console><Console>" changed cvar (cvar "z_jockey_control_variance") (value "0")
L 10/27/2022 - 23:25:03: [basecommands.smx] "Console<0><Console><Console>" changed cvar (cvar "boomer_exposed_time_tolerance") (value "0.2")
L 10/27/2022 - 23:25:03: [basecommands.smx] "Console<0><Console><Console>" changed cvar (cvar "boomer_vomit_delay") (value "0")
L 10/27/2022 - 23:25:03: [basecommands.smx] "Console<0><Console><Console>" changed cvar (cvar "z_spit_interval") (value "16")
L 10/27/2022 - 23:25:03: [basecommands.smx] "Console<0><Console><Console>" changed cvar (cvar "z_vomit_interval") (value "20")
L 10/27/2022 - 23:25:03: [basecommands.smx] "Console<0><Console><Console>" changed cvar (cvar "steamworks_immediate_upload") (value "0")
L 10/27/2022 - 23:25:03: [basecommands.smx] "Console<0><Console><Console>" changed cvar (cvar "steamworks_stats_disable") (value "1")
L 10/27/2022 - 23:25:03: [basecommands.smx] "Console<0><Console><Console>" changed cvar (cvar "mp_autoteambalance") (value "0")
L 10/27/2022 - 23:25:03: [basecommands.smx] "Console<0><Console><Console>" changed cvar (cvar "sv_unlag_fixstuck") (value "1")
L 10/27/2022 - 23:25:03: [basecommands.smx] "Console<0><Console><Console>" changed cvar (cvar "z_brawl_chance") (value "0")
L 10/27/2022 - 23:25:03: [basecommands.smx] "Console<0><Console><Console>" changed cvar (cvar "sv_maxunlag") (value "1")
L 10/27/2022 - 23:25:03: [basecommands.smx] "Console<0><Console><Console>" changed cvar (cvar "sv_forcepreload") (value "1")
L 10/27/2022 - 23:25:03: [basecommands.smx] "Console<0><Console><Console>" changed cvar (cvar "sv_client_predict") (value "1")
L 10/27/2022 - 23:25:03: [basecommands.smx] "Console<0><Console><Console>" changed cvar (cvar "sv_client_cmdrate_difference") (value "0")
L 10/27/2022 - 23:25:03: [basecommands.smx] "Console<0><Console><Console>" changed cvar (cvar "sv_max_queries_sec_global") (value "10")
L 10/27/2022 - 23:25:03: [basecommands.smx] "Console<0><Console><Console>" changed cvar (cvar "sv_max_queries_sec") (value "3")
L 10/27/2022 - 23:25:03: [basecommands.smx] "Console<0><Console><Console>" changed cvar (cvar "sv_max_queries_window") (value "10")
L 10/27/2022 - 23:25:03: [basecommands.smx] "Console<0><Console><Console>" changed cvar (cvar "sv_player_stuck_tolerance") (value "5")
L 10/27/2022 - 23:25:03: [basecommands.smx] "Console<0><Console><Console>" changed cvar (cvar "sv_stats") (value "0")
L 10/27/2022 - 23:25:03: [basecommands.smx] "Console<0><Console><Console>" changed cvar (cvar "sv_clockcorrection_msecs") (value "25")
L 10/27/2022 - 23:25:03: [basecommands.smx] "Console<0><Console><Console>" changed cvar (cvar "vs_tiebreak_bonus") (value "100")
L 10/27/2022 - 23:25:03: [basecommands.smx] "Console<0><Console><Console>" changed cvar (cvar "vs_survival_bonus") (value "25")
L 10/27/2022 - 23:25:03: [basecommands.smx] "Console<0><Console><Console>" changed cvar (cvar "sm_simple_witch_bonus") (value "100")
L 10/27/2022 - 23:25:03: [basecommands.smx] "Console<0><Console><Console>" changed cvar (cvar "l4d_ready_survivor_freeze") (value "0")
L 10/27/2022 - 23:25:03: [basecommands.smx] "Console<0><Console><Console>" changed cvar (cvar "l4d_ready_delay") (value "3")
L 10/27/2022 - 23:25:03: [basecommands.smx] "Console<0><Console><Console>" changed cvar (cvar "l4d_ready_enable_sound") (value "1")
L 10/27/2022 - 23:25:03: [basecommands.smx] "Console<0><Console><Console>" changed cvar (cvar "l4d_ready_chuckle") (value "0")
L 10/27/2022 - 23:25:03: [basecommands.smx] "Console<0><Console><Console>" changed cvar (cvar "sm_max_lerp") (value "1")
L 10/27/2022 - 23:25:03: [basecommands.smx] "Console<0><Console><Console>" changed cvar (cvar "mp_autoteambalance") (value "0")
L 10/27/2022 - 23:25:03: [basecommands.smx] "Console<0><Console><Console>" changed cvar (cvar "sv_unlag_fixstuck") (value "1")
L 10/27/2022 - 23:25:03: [basecommands.smx] "Console<0><Console><Console>" changed cvar (cvar "z_brawl_chance") (value "0")
L 10/27/2022 - 23:25:03: [basecommands.smx] "Console<0><Console><Console>" changed cvar (cvar "sv_forcepreload") (value "1")
L 10/27/2022 - 23:25:03: [basecommands.smx] "Console<0><Console><Console>" changed cvar (cvar "sv_client_predict") (value "1")
L 10/27/2022 - 23:25:03: [basecommands.smx] "Console<0><Console><Console>" changed cvar (cvar "sv_client_cmdrate_difference") (value "0")
L 10/27/2022 - 23:25:03: [basecommands.smx] "Console<0><Console><Console>" changed cvar (cvar "sv_max_queries_sec_global") (value "10")
L 10/27/2022 - 23:25:03: [basecommands.smx] "Console<0><Console><Console>" changed cvar (cvar "sv_max_queries_sec") (value "3")
L 10/27/2022 - 23:25:03: [basecommands.smx] "Console<0><Console><Console>" changed cvar (cvar "sv_max_queries_window") (value "10")
L 10/27/2022 - 23:25:03: [basecommands.smx] "Console<0><Console><Console>" changed cvar (cvar "sv_player_stuck_tolerance") (value "5")
L 10/27/2022 - 23:25:03: [basecommands.smx] "Console<0><Console><Console>" changed cvar (cvar "sv_clockcorrection_msecs") (value "25")
L 10/27/2022 - 23:36:13: -------- Mapchange to c8m1_apartment --------
L 10/27/2022 - 23:36:16: [basecommands.smx] "Console<0><Console><Console>" changed cvar (cvar "vs_max_team_switches") (value "999")
L 10/27/2022 - 23:36:16: [basecommands.smx] "Console<0><Console><Console>" changed cvar (cvar "sv_minrate") (value "100000")
L 10/27/2022 - 23:36:16: [basecommands.smx] "Console<0><Console><Console>" changed cvar (cvar "sv_maxrate") (value "100000")
L 10/27/2022 - 23:36:16: [basecommands.smx] "Console<0><Console><Console>" changed cvar (cvar "sv_mincmdrate") (value "100")
L 10/27/2022 - 23:36:16: [basecommands.smx] "Console<0><Console><Console>" changed cvar (cvar "sv_maxcmdrate") (value "100")
L 10/27/2022 - 23:36:16: [basecommands.smx] "Console<0><Console><Console>" changed cvar (cvar "sv_maxupdaterate") (value "10sm_cvar")
L 10/27/2022 - 23:36:16: [basecommands.smx] "Console<0><Console><Console>" changed cvar (cvar "sv_maxrate") (value "100000")
L 10/27/2022 - 23:36:16: [basecommands.smx] "Console<0><Console><Console>" changed cvar (cvar "sv_minupdaterate") (value "100")
L 10/27/2022 - 23:36:16: [basecommands.smx] "Console<0><Console><Console>" changed cvar (cvar "sv_maxupdaterate") (value "100")
L 10/27/2022 - 23:36:16: [basecommands.smx] "Console<0><Console><Console>" changed cvar (cvar "sv_mincmdrate") (value "100")
L 10/27/2022 - 23:36:16: [basecommands.smx] "Console<0><Console><Console>" changed cvar (cvar "sv_maxcmdrate") (value "100")
L 10/27/2022 - 23:36:16: [basecommands.smx] "Console<0><Console><Console>" changed cvar (cvar "sv_client_min_interp_ratio") (value "-1")
L 10/27/2022 - 23:36:16: [basecommands.smx] "Console<0><Console><Console>" changed cvar (cvar "sv_client_max_interp_ratio") (value "0")
L 10/27/2022 - 23:36:16: [basecommands.smx] "Console<0><Console><Console>" changed cvar (cvar "nb_update_frequency") (value "0.014")
L 10/27/2022 - 23:36:16: [basecommands.smx] "Console<0><Console><Console>" changed cvar (cvar "net_splitpacket_maxrate") (value "50000")
L 10/27/2022 - 23:36:16: [basecommands.smx] "Console<0><Console><Console>" changed cvar (cvar "fps_max") (value "0")
L 10/27/2022 - 23:36:16: [basecommands.smx] "Console<0><Console><Console>" changed cvar (cvar "sv_allowupload") (value "0")
L 10/27/2022 - 23:36:16: [basecommands.smx] "Console<0><Console><Console>" changed cvar (cvar "sv_allowdownload") (value "1")
L 10/27/2022 - 23:36:16: [basecommands.smx] "Console<0><Console><Console>" changed cvar (cvar "sb_all_bot_game") (value "1")
L 10/27/2022 - 23:36:16: [basecommands.smx] "Console<0><Console><Console>" changed cvar (cvar "allow_all_bot_survivor_team") (value "0")
L 10/27/2022 - 23:36:16: [basecommands.smx] "Console<0><Console><Console>" changed cvar (cvar "z_tank_damage_slow_min_range") (value "0")
L 10/27/2022 - 23:36:16: [basecommands.smx] "Console<0><Console><Console>" changed cvar (cvar "z_tank_damage_slow_max_range") (value "0")
L 10/27/2022 - 23:36:16: [basecommands.smx] "Console<0><Console><Console>" changed cvar (cvar "versus_tank_chance_intro") (value "1")
L 10/27/2022 - 23:36:16: [basecommands.smx] "Console<0><Console><Console>" changed cvar (cvar "versus_tank_chance") (value "1")
L 10/27/2022 - 23:36:16: [basecommands.smx] "Console<0><Console><Console>" changed cvar (cvar "versus_tank_chance_finale") (value "0")
L 10/27/2022 - 23:36:16: [basecommands.smx] "Console<0><Console><Console>" changed cvar (cvar "versus_witch_chance_intro") (value "1")
L 10/27/2022 - 23:36:16: [basecommands.smx] "Console<0><Console><Console>" changed cvar (cvar "versus_witch_chance") (value "1")
L 10/27/2022 - 23:36:16: [basecommands.smx] "Console<0><Console><Console>" changed cvar (cvar "versus_witch_chance_finale") (value "1")
L 10/27/2022 - 23:36:16: [basecommands.smx] "Console<0><Console><Console>" changed cvar (cvar "versus_boss_flow_max") (value "0.9")
L 10/27/2022 - 23:36:16: [basecommands.smx] "Console<0><Console><Console>" changed cvar (cvar "versus_boss_flow_min") (value "0.2")
L 10/27/2022 - 23:36:16: [basecommands.smx] "Console<0><Console><Console>" changed cvar (cvar "z_difficulty") (value "normal")
L 10/27/2022 - 23:36:16: [basecommands.smx] "Console<0><Console><Console>" changed cvar (cvar "z_ghost_delay_min") (value "15")
L 10/27/2022 - 23:36:16: [basecommands.smx] "Console<0><Console><Console>" changed cvar (cvar "z_ghost_delay_max") (value "17")
L 10/27/2022 - 23:36:16: [basecommands.smx] "Console<0><Console><Console>" changed cvar (cvar "z_mob_spawn_min_size") (value "15")
L 10/27/2022 - 23:36:16: [basecommands.smx] "Console<0><Console><Console>" changed cvar (cvar "z_jockey_control_min") (value "1")
L 10/27/2022 - 23:36:16: [basecommands.smx] "Console<0><Console><Console>" changed cvar (cvar "z_jockey_control_max") (value "1")
L 10/27/2022 - 23:36:16: [basecommands.smx] "Console<0><Console><Console>" changed cvar (cvar "z_jockey_control_variance") (value "0")
L 10/27/2022 - 23:36:16: [basecommands.smx] "Console<0><Console><Console>" changed cvar (cvar "boomer_exposed_time_tolerance") (value "0.2")
L 10/27/2022 - 23:36:16: [basecommands.smx] "Console<0><Console><Console>" changed cvar (cvar "boomer_vomit_delay") (value "0")
L 10/27/2022 - 23:36:16: [basecommands.smx] "Console<0><Console><Console>" changed cvar (cvar "z_spit_interval") (value "16")
L 10/27/2022 - 23:36:16: [basecommands.smx] "Console<0><Console><Console>" changed cvar (cvar "z_vomit_interval") (value "20")
L 10/27/2022 - 23:36:16: [basecommands.smx] "Console<0><Console><Console>" changed cvar (cvar "steamworks_immediate_upload") (value "0")
L 10/27/2022 - 23:36:16: [basecommands.smx] "Console<0><Console><Console>" changed cvar (cvar "steamworks_stats_disable") (value "1")
L 10/27/2022 - 23:36:16: [basecommands.smx] "Console<0><Console><Console>" changed cvar (cvar "mp_autoteambalance") (value "0")
L 10/27/2022 - 23:36:16: [basecommands.smx] "Console<0><Console><Console>" changed cvar (cvar "sv_unlag_fixstuck") (value "1")
L 10/27/2022 - 23:36:16: [basecommands.smx] "Console<0><Console><Console>" changed cvar (cvar "z_brawl_chance") (value "0")
L 10/27/2022 - 23:36:16: [basecommands.smx] "Console<0><Console><Console>" changed cvar (cvar "sv_maxunlag") (value "1")
L 10/27/2022 - 23:36:16: [basecommands.smx] "Console<0><Console><Console>" changed cvar (cvar "sv_forcepreload") (value "1")
L 10/27/2022 - 23:36:16: [basecommands.smx] "Console<0><Console><Console>" changed cvar (cvar "sv_client_predict") (value "1")
L 10/27/2022 - 23:36:16: [basecommands.smx] "Console<0><Console><Console>" changed cvar (cvar "sv_client_cmdrate_difference") (value "0")
L 10/27/2022 - 23:36:16: [basecommands.smx] "Console<0><Console><Console>" changed cvar (cvar "sv_max_queries_sec_global") (value "10")
L 10/27/2022 - 23:36:16: [basecommands.smx] "Console<0><Console><Console>" changed cvar (cvar "sv_max_queries_sec") (value "3")
L 10/27/2022 - 23:36:16: [basecommands.smx] "Console<0><Console><Console>" changed cvar (cvar "sv_max_queries_window") (value "10")
L 10/27/2022 - 23:36:16: [basecommands.smx] "Console<0><Console><Console>" changed cvar (cvar "sv_player_stuck_tolerance") (value "5")
L 10/27/2022 - 23:36:16: [basecommands.smx] "Console<0><Console><Console>" changed cvar (cvar "sv_stats") (value "0")
L 10/27/2022 - 23:36:16: [basecommands.smx] "Console<0><Console><Console>" changed cvar (cvar "sv_clockcorrection_msecs") (value "25")
L 10/27/2022 - 23:36:16: [basecommands.smx] "Console<0><Console><Console>" changed cvar (cvar "vs_tiebreak_bonus") (value "100")
L 10/27/2022 - 23:36:16: [basecommands.smx] "Console<0><Console><Console>" changed cvar (cvar "vs_survival_bonus") (value "25")
L 10/27/2022 - 23:36:16: [basecommands.smx] "Console<0><Console><Console>" changed cvar (cvar "sm_simple_witch_bonus") (value "100")
L 10/27/2022 - 23:36:16: [basecommands.smx] "Console<0><Console><Console>" changed cvar (cvar "l4d_ready_survivor_freeze") (value "0")
L 10/27/2022 - 23:36:16: [basecommands.smx] "Console<0><Console><Console>" changed cvar (cvar "l4d_ready_delay") (value "3")
L 10/27/2022 - 23:36:16: [basecommands.smx] "Console<0><Console><Console>" changed cvar (cvar "l4d_ready_enable_sound") (value "1")
L 10/27/2022 - 23:36:16: [basecommands.smx] "Console<0><Console><Console>" changed cvar (cvar "l4d_ready_chuckle") (value "0")
L 10/27/2022 - 23:36:16: [basecommands.smx] "Console<0><Console><Console>" changed cvar (cvar "sm_max_lerp") (value "1")
L 10/27/2022 - 23:36:16: [basecommands.smx] "Console<0><Console><Console>" changed cvar (cvar "mp_autoteambalance") (value "0")
L 10/27/2022 - 23:36:16: [basecommands.smx] "Console<0><Console><Console>" changed cvar (cvar "sv_unlag_fixstuck") (value "1")
L 10/27/2022 - 23:36:16: [basecommands.smx] "Console<0><Console><Console>" changed cvar (cvar "z_brawl_chance") (value "0")
L 10/27/2022 - 23:36:16: [basecommands.smx] "Console<0><Console><Console>" changed cvar (cvar "sv_forcepreload") (value "1")
L 10/27/2022 - 23:36:16: [basecommands.smx] "Console<0><Console><Console>" changed cvar (cvar "sv_client_predict") (value "1")
L 10/27/2022 - 23:36:16: [basecommands.smx] "Console<0><Console><Console>" changed cvar (cvar "sv_client_cmdrate_difference") (value "0")
L 10/27/2022 - 23:36:16: [basecommands.smx] "Console<0><Console><Console>" changed cvar (cvar "sv_max_queries_sec_global") (value "10")
L 10/27/2022 - 23:36:16: [basecommands.smx] "Console<0><Console><Console>" changed cvar (cvar "sv_max_queries_sec") (value "3")
L 10/27/2022 - 23:36:16: [basecommands.smx] "Console<0><Console><Console>" changed cvar (cvar "sv_max_queries_window") (value "10")
L 10/27/2022 - 23:36:16: [basecommands.smx] "Console<0><Console><Console>" changed cvar (cvar "sv_player_stuck_tolerance") (value "5")
L 10/27/2022 - 23:36:16: [basecommands.smx] "Console<0><Console><Console>" changed cvar (cvar "sv_clockcorrection_msecs") (value "25")
L 10/27/2022 - 23:47:16: -------- Mapchange to c8m2_subway --------
L 10/27/2022 - 23:47:17: [basecommands.smx] "Console<0><Console><Console>" changed cvar (cvar "vs_max_team_switches") (value "999")
L 10/27/2022 - 23:47:17: [basecommands.smx] "Console<0><Console><Console>" changed cvar (cvar "sv_minrate") (value "100000")
L 10/27/2022 - 23:47:17: [basecommands.smx] "Console<0><Console><Console>" changed cvar (cvar "sv_maxrate") (value "100000")
L 10/27/2022 - 23:47:17: [basecommands.smx] "Console<0><Console><Console>" changed cvar (cvar "sv_mincmdrate") (value "100")
L 10/27/2022 - 23:47:17: [basecommands.smx] "Console<0><Console><Console>" changed cvar (cvar "sv_maxcmdrate") (value "100")
L 10/27/2022 - 23:47:17: [basecommands.smx] "Console<0><Console><Console>" changed cvar (cvar "sv_maxupdaterate") (value "10sm_cvar")
L 10/27/2022 - 23:47:17: [basecommands.smx] "Console<0><Console><Console>" changed cvar (cvar "sv_maxrate") (value "100000")
L 10/27/2022 - 23:47:17: [basecommands.smx] "Console<0><Console><Console>" changed cvar (cvar "sv_minupdaterate") (value "100")
L 10/27/2022 - 23:47:17: [basecommands.smx] "Console<0><Console><Console>" changed cvar (cvar "sv_maxupdaterate") (value "100")
L 10/27/2022 - 23:47:17: [basecommands.smx] "Console<0><Console><Console>" changed cvar (cvar "sv_mincmdrate") (value "100")
L 10/27/2022 - 23:47:17: [basecommands.smx] "Console<0><Console><Console>" changed cvar (cvar "sv_maxcmdrate") (value "100")
L 10/27/2022 - 23:47:17: [basecommands.smx] "Console<0><Console><Console>" changed cvar (cvar "sv_client_min_interp_ratio") (value "-1")
L 10/27/2022 - 23:47:17: [basecommands.smx] "Console<0><Console><Console>" changed cvar (cvar "sv_client_max_interp_ratio") (value "0")
L 10/27/2022 - 23:47:17: [basecommands.smx] "Console<0><Console><Console>" changed cvar (cvar "nb_update_frequency") (value "0.014")
L 10/27/2022 - 23:47:17: [basecommands.smx] "Console<0><Console><Console>" changed cvar (cvar "net_splitpacket_maxrate") (value "50000")
L 10/27/2022 - 23:47:17: [basecommands.smx] "Console<0><Console><Console>" changed cvar (cvar "fps_max") (value "0")
L 10/27/2022 - 23:47:17: [basecommands.smx] "Console<0><Console><Console>" changed cvar (cvar "sv_allowupload") (value "0")
L 10/27/2022 - 23:47:17: [basecommands.smx] "Console<0><Console><Console>" changed cvar (cvar "sv_allowdownload") (value "1")
L 10/27/2022 - 23:47:17: [basecommands.smx] "Console<0><Console><Console>" changed cvar (cvar "sb_all_bot_game") (value "1")
L 10/27/2022 - 23:47:17: [basecommands.smx] "Console<0><Console><Console>" changed cvar (cvar "allow_all_bot_survivor_team") (value "0")
L 10/27/2022 - 23:47:17: [basecommands.smx] "Console<0><Console><Console>" changed cvar (cvar "z_tank_damage_slow_min_range") (value "0")
L 10/27/2022 - 23:47:17: [basecommands.smx] "Console<0><Console><Console>" changed cvar (cvar "z_tank_damage_slow_max_range") (value "0")
L 10/27/2022 - 23:47:17: [basecommands.smx] "Console<0><Console><Console>" changed cvar (cvar "versus_tank_chance_intro") (value "1")
L 10/27/2022 - 23:47:17: [basecommands.smx] "Console<0><Console><Console>" changed cvar (cvar "versus_tank_chance") (value "1")
L 10/27/2022 - 23:47:17: [basecommands.smx] "Console<0><Console><Console>" changed cvar (cvar "versus_tank_chance_finale") (value "0")
L 10/27/2022 - 23:47:17: [basecommands.smx] "Console<0><Console><Console>" changed cvar (cvar "versus_witch_chance_intro") (value "1")
L 10/27/2022 - 23:47:17: [basecommands.smx] "Console<0><Console><Console>" changed cvar (cvar "versus_witch_chance") (value "1")
L 10/27/2022 - 23:47:17: [basecommands.smx] "Console<0><Console><Console>" changed cvar (cvar "versus_witch_chance_finale") (value "1")
L 10/27/2022 - 23:47:17: [basecommands.smx] "Console<0><Console><Console>" changed cvar (cvar "versus_boss_flow_max") (value "0.9")
L 10/27/2022 - 23:47:17: [basecommands.smx] "Console<0><Console><Console>" changed cvar (cvar "versus_boss_flow_min") (value "0.2")
L 10/27/2022 - 23:47:17: [basecommands.smx] "Console<0><Console><Console>" changed cvar (cvar "z_difficulty") (value "normal")
L 10/27/2022 - 23:47:17: [basecommands.smx] "Console<0><Console><Console>" changed cvar (cvar "z_ghost_delay_min") (value "15")
L 10/27/2022 - 23:47:17: [basecommands.smx] "Console<0><Console><Console>" changed cvar (cvar "z_ghost_delay_max") (value "17")
L 10/27/2022 - 23:47:17: [basecommands.smx] "Console<0><Console><Console>" changed cvar (cvar "z_mob_spawn_min_size") (value "15")
L 10/27/2022 - 23:47:17: [basecommands.smx] "Console<0><Console><Console>" changed cvar (cvar "z_jockey_control_min") (value "1")
L 10/27/2022 - 23:47:17: [basecommands.smx] "Console<0><Console><Console>" changed cvar (cvar "z_jockey_control_max") (value "1")
L 10/27/2022 - 23:47:17: [basecommands.smx] "Console<0><Console><Console>" changed cvar (cvar "z_jockey_control_variance") (value "0")
L 10/27/2022 - 23:47:17: [basecommands.smx] "Console<0><Console><Console>" changed cvar (cvar "boomer_exposed_time_tolerance") (value "0.2")
L 10/27/2022 - 23:47:17: [basecommands.smx] "Console<0><Console><Console>" changed cvar (cvar "boomer_vomit_delay") (value "0")
L 10/27/2022 - 23:47:17: [basecommands.smx] "Console<0><Console><Console>" changed cvar (cvar "z_spit_interval") (value "16")
L 10/27/2022 - 23:47:17: [basecommands.smx] "Console<0><Console><Console>" changed cvar (cvar "z_vomit_interval") (value "20")
L 10/27/2022 - 23:47:17: [basecommands.smx] "Console<0><Console><Console>" changed cvar (cvar "steamworks_immediate_upload") (value "0")
L 10/27/2022 - 23:47:17: [basecommands.smx] "Console<0><Console><Console>" changed cvar (cvar "steamworks_stats_disable") (value "1")
L 10/27/2022 - 23:47:17: [basecommands.smx] "Console<0><Console><Console>" changed cvar (cvar "mp_autoteambalance") (value "0")
L 10/27/2022 - 23:47:17: [basecommands.smx] "Console<0><Console><Console>" changed cvar (cvar "sv_unlag_fixstuck") (value "1")
L 10/27/2022 - 23:47:17: [basecommands.smx] "Console<0><Console><Console>" changed cvar (cvar "z_brawl_chance") (value "0")
L 10/27/2022 - 23:47:17: [basecommands.smx] "Console<0><Console><Console>" changed cvar (cvar "sv_maxunlag") (value "1")
L 10/27/2022 - 23:47:17: [basecommands.smx] "Console<0><Console><Console>" changed cvar (cvar "sv_forcepreload") (value "1")
L 10/27/2022 - 23:47:17: [basecommands.smx] "Console<0><Console><Console>" changed cvar (cvar "sv_client_predict") (value "1")
L 10/27/2022 - 23:47:17: [basecommands.smx] "Console<0><Console><Console>" changed cvar (cvar "sv_client_cmdrate_difference") (value "0")
L 10/27/2022 - 23:47:17: [basecommands.smx] "Console<0><Console><Console>" changed cvar (cvar "sv_max_queries_sec_global") (value "10")
L 10/27/2022 - 23:47:17: [basecommands.smx] "Console<0><Console><Console>" changed cvar (cvar "sv_max_queries_sec") (value "3")
L 10/27/2022 - 23:47:17: [basecommands.smx] "Console<0><Console><Console>" changed cvar (cvar "sv_max_queries_window") (value "10")
L 10/27/2022 - 23:47:17: [basecommands.smx] "Console<0><Console><Console>" changed cvar (cvar "sv_player_stuck_tolerance") (value "5")
L 10/27/2022 - 23:47:17: [basecommands.smx] "Console<0><Console><Console>" changed cvar (cvar "sv_stats") (value "0")
L 10/27/2022 - 23:47:17: [basecommands.smx] "Console<0><Console><Console>" changed cvar (cvar "sv_clockcorrection_msecs") (value "25")
L 10/27/2022 - 23:47:17: [basecommands.smx] "Console<0><Console><Console>" changed cvar (cvar "vs_tiebreak_bonus") (value "100")
L 10/27/2022 - 23:47:17: [basecommands.smx] "Console<0><Console><Console>" changed cvar (cvar "vs_survival_bonus") (value "25")
L 10/27/2022 - 23:47:17: [basecommands.smx] "Console<0><Console><Console>" changed cvar (cvar "sm_simple_witch_bonus") (value "100")
L 10/27/2022 - 23:47:17: [basecommands.smx] "Console<0><Console><Console>" changed cvar (cvar "l4d_ready_survivor_freeze") (value "0")
L 10/27/2022 - 23:47:17: [basecommands.smx] "Console<0><Console><Console>" changed cvar (cvar "l4d_ready_delay") (value "3")
L 10/27/2022 - 23:47:17: [basecommands.smx] "Console<0><Console><Console>" changed cvar (cvar "l4d_ready_enable_sound") (value "1")
L 10/27/2022 - 23:47:17: [basecommands.smx] "Console<0><Console><Console>" changed cvar (cvar "l4d_ready_chuckle") (value "0")
L 10/27/2022 - 23:47:17: [basecommands.smx] "Console<0><Console><Console>" changed cvar (cvar "sm_max_lerp") (value "1")
L 10/27/2022 - 23:47:17: [basecommands.smx] "Console<0><Console><Console>" changed cvar (cvar "mp_autoteambalance") (value "0")
L 10/27/2022 - 23:47:17: [basecommands.smx] "Console<0><Console><Console>" changed cvar (cvar "sv_unlag_fixstuck") (value "1")
L 10/27/2022 - 23:47:17: [basecommands.smx] "Console<0><Console><Console>" changed cvar (cvar "z_brawl_chance") (value "0")
L 10/27/2022 - 23:47:17: [basecommands.smx] "Console<0><Console><Console>" changed cvar (cvar "sv_forcepreload") (value "1")
L 10/27/2022 - 23:47:17: [basecommands.smx] "Console<0><Console><Console>" changed cvar (cvar "sv_client_predict") (value "1")
L 10/27/2022 - 23:47:17: [basecommands.smx] "Console<0><Console><Console>" changed cvar (cvar "sv_client_cmdrate_difference") (value "0")
L 10/27/2022 - 23:47:17: [basecommands.smx] "Console<0><Console><Console>" changed cvar (cvar "sv_max_queries_sec_global") (value "10")
L 10/27/2022 - 23:47:17: [basecommands.smx] "Console<0><Console><Console>" changed cvar (cvar "sv_max_queries_sec") (value "3")
L 10/27/2022 - 23:47:17: [basecommands.smx] "Console<0><Console><Console>" changed cvar (cvar "sv_max_queries_window") (value "10")
L 10/27/2022 - 23:47:17: [basecommands.smx] "Console<0><Console><Console>" changed cvar (cvar "sv_player_stuck_tolerance") (value "5")
L 10/27/2022 - 23:47:17: [basecommands.smx] "Console<0><Console><Console>" changed cvar (cvar "sv_clockcorrection_msecs") (value "25")
L 10/27/2022 - 23:57:42: -------- Mapchange to c8m3_sewers --------
L 10/27/2022 - 23:57:43: [basecommands.smx] "Console<0><Console><Console>" changed cvar (cvar "vs_max_team_switches") (value "999")
L 10/27/2022 - 23:57:43: [basecommands.smx] "Console<0><Console><Console>" changed cvar (cvar "sv_minrate") (value "100000")
L 10/27/2022 - 23:57:43: [basecommands.smx] "Console<0><Console><Console>" changed cvar (cvar "sv_maxrate") (value "100000")
L 10/27/2022 - 23:57:43: [basecommands.smx] "Console<0><Console><Console>" changed cvar (cvar "sv_mincmdrate") (value "100")
L 10/27/2022 - 23:57:43: [basecommands.smx] "Console<0><Console><Console>" changed cvar (cvar "sv_maxcmdrate") (value "100")
L 10/27/2022 - 23:57:43: [basecommands.smx] "Console<0><Console><Console>" changed cvar (cvar "sv_maxupdaterate") (value "10sm_cvar")
L 10/27/2022 - 23:57:43: [basecommands.smx] "Console<0><Console><Console>" changed cvar (cvar "sv_maxrate") (value "100000")
L 10/27/2022 - 23:57:43: [basecommands.smx] "Console<0><Console><Console>" changed cvar (cvar "sv_minupdaterate") (value "100")
L 10/27/2022 - 23:57:43: [basecommands.smx] "Console<0><Console><Console>" changed cvar (cvar "sv_maxupdaterate") (value "100")
L 10/27/2022 - 23:57:43: [basecommands.smx] "Console<0><Console><Console>" changed cvar (cvar "sv_mincmdrate") (value "100")
L 10/27/2022 - 23:57:43: [basecommands.smx] "Console<0><Console><Console>" changed cvar (cvar "sv_maxcmdrate") (value "100")
L 10/27/2022 - 23:57:43: [basecommands.smx] "Console<0><Console><Console>" changed cvar (cvar "sv_client_min_interp_ratio") (value "-1")
L 10/27/2022 - 23:57:43: [basecommands.smx] "Console<0><Console><Console>" changed cvar (cvar "sv_client_max_interp_ratio") (value "0")
L 10/27/2022 - 23:57:43: [basecommands.smx] "Console<0><Console><Console>" changed cvar (cvar "nb_update_frequency") (value "0.014")
L 10/27/2022 - 23:57:43: [basecommands.smx] "Console<0><Console><Console>" changed cvar (cvar "net_splitpacket_maxrate") (value "50000")
L 10/27/2022 - 23:57:43: [basecommands.smx] "Console<0><Console><Console>" changed cvar (cvar "fps_max") (value "0")
L 10/27/2022 - 23:57:43: [basecommands.smx] "Console<0><Console><Console>" changed cvar (cvar "sv_allowupload") (value "0")
L 10/27/2022 - 23:57:43: [basecommands.smx] "Console<0><Console><Console>" changed cvar (cvar "sv_allowdownload") (value "1")
L 10/27/2022 - 23:57:43: [basecommands.smx] "Console<0><Console><Console>" changed cvar (cvar "sb_all_bot_game") (value "1")
L 10/27/2022 - 23:57:43: [basecommands.smx] "Console<0><Console><Console>" changed cvar (cvar "allow_all_bot_survivor_team") (value "0")
L 10/27/2022 - 23:57:43: [basecommands.smx] "Console<0><Console><Console>" changed cvar (cvar "z_tank_damage_slow_min_range") (value "0")
L 10/27/2022 - 23:57:43: [basecommands.smx] "Console<0><Console><Console>" changed cvar (cvar "z_tank_damage_slow_max_range") (value "0")
L 10/27/2022 - 23:57:43: [basecommands.smx] "Console<0><Console><Console>" changed cvar (cvar "versus_tank_chance_intro") (value "1")
L 10/27/2022 - 23:57:43: [basecommands.smx] "Console<0><Console><Console>" changed cvar (cvar "versus_tank_chance") (value "1")
L 10/27/2022 - 23:57:43: [basecommands.smx] "Console<0><Console><Console>" changed cvar (cvar "versus_tank_chance_finale") (value "0")
L 10/27/2022 - 23:57:43: [basecommands.smx] "Console<0><Console><Console>" changed cvar (cvar "versus_witch_chance_intro") (value "1")
L 10/27/2022 - 23:57:43: [basecommands.smx] "Console<0><Console><Console>" changed cvar (cvar "versus_witch_chance") (value "1")
L 10/27/2022 - 23:57:43: [basecommands.smx] "Console<0><Console><Console>" changed cvar (cvar "versus_witch_chance_finale") (value "1")
L 10/27/2022 - 23:57:43: [basecommands.smx] "Console<0><Console><Console>" changed cvar (cvar "versus_boss_flow_max") (value "0.9")
L 10/27/2022 - 23:57:43: [basecommands.smx] "Console<0><Console><Console>" changed cvar (cvar "versus_boss_flow_min") (value "0.2")
L 10/27/2022 - 23:57:43: [basecommands.smx] "Console<0><Console><Console>" changed cvar (cvar "z_difficulty") (value "normal")
L 10/27/2022 - 23:57:43: [basecommands.smx] "Console<0><Console><Console>" changed cvar (cvar "z_ghost_delay_min") (value "15")
L 10/27/2022 - 23:57:43: [basecommands.smx] "Console<0><Console><Console>" changed cvar (cvar "z_ghost_delay_max") (value "17")
L 10/27/2022 - 23:57:43: [basecommands.smx] "Console<0><Console><Console>" changed cvar (cvar "z_mob_spawn_min_size") (value "15")
L 10/27/2022 - 23:57:43: [basecommands.smx] "Console<0><Console><Console>" changed cvar (cvar "z_jockey_control_min") (value "1")
L 10/27/2022 - 23:57:43: [basecommands.smx] "Console<0><Console><Console>" changed cvar (cvar "z_jockey_control_max") (value "1")
L 10/27/2022 - 23:57:43: [basecommands.smx] "Console<0><Console><Console>" changed cvar (cvar "z_jockey_control_variance") (value "0")
L 10/27/2022 - 23:57:43: [basecommands.smx] "Console<0><Console><Console>" changed cvar (cvar "boomer_exposed_time_tolerance") (value "0.2")
L 10/27/2022 - 23:57:43: [basecommands.smx] "Console<0><Console><Console>" changed cvar (cvar "boomer_vomit_delay") (value "0")
L 10/27/2022 - 23:57:43: [basecommands.smx] "Console<0><Console><Console>" changed cvar (cvar "z_spit_interval") (value "16")
L 10/27/2022 - 23:57:43: [basecommands.smx] "Console<0><Console><Console>" changed cvar (cvar "z_vomit_interval") (value "20")
L 10/27/2022 - 23:57:43: [basecommands.smx] "Console<0><Console><Console>" changed cvar (cvar "steamworks_immediate_upload") (value "0")
L 10/27/2022 - 23:57:43: [basecommands.smx] "Console<0><Console><Console>" changed cvar (cvar "steamworks_stats_disable") (value "1")
L 10/27/2022 - 23:57:43: [basecommands.smx] "Console<0><Console><Console>" changed cvar (cvar "mp_autoteambalance") (value "0")
L 10/27/2022 - 23:57:43: [basecommands.smx] "Console<0><Console><Console>" changed cvar (cvar "sv_unlag_fixstuck") (value "1")
L 10/27/2022 - 23:57:43: [basecommands.smx] "Console<0><Console><Console>" changed cvar (cvar "z_brawl_chance") (value "0")
L 10/27/2022 - 23:57:43: [basecommands.smx] "Console<0><Console><Console>" changed cvar (cvar "sv_maxunlag") (value "1")
L 10/27/2022 - 23:57:43: [basecommands.smx] "Console<0><Console><Console>" changed cvar (cvar "sv_forcepreload") (value "1")
L 10/27/2022 - 23:57:43: [basecommands.smx] "Console<0><Console><Console>" changed cvar (cvar "sv_client_predict") (value "1")
L 10/27/2022 - 23:57:43: [basecommands.smx] "Console<0><Console><Console>" changed cvar (cvar "sv_client_cmdrate_difference") (value "0")
L 10/27/2022 - 23:57:43: [basecommands.smx] "Console<0><Console><Console>" changed cvar (cvar "sv_max_queries_sec_global") (value "10")
L 10/27/2022 - 23:57:43: [basecommands.smx] "Console<0><Console><Console>" changed cvar (cvar "sv_max_queries_sec") (value "3")
L 10/27/2022 - 23:57:43: [basecommands.smx] "Console<0><Console><Console>" changed cvar (cvar "sv_max_queries_window") (value "10")
L 10/27/2022 - 23:57:43: [basecommands.smx] "Console<0><Console><Console>" changed cvar (cvar "sv_player_stuck_tolerance") (value "5")
L 10/27/2022 - 23:57:43: [basecommands.smx] "Console<0><Console><Console>" changed cvar (cvar "sv_stats") (value "0")
L 10/27/2022 - 23:57:43: [basecommands.smx] "Console<0><Console><Console>" changed cvar (cvar "sv_clockcorrection_msecs") (value "25")
L 10/27/2022 - 23:57:43: [basecommands.smx] "Console<0><Console><Console>" changed cvar (cvar "vs_tiebreak_bonus") (value "100")
L 10/27/2022 - 23:57:43: [basecommands.smx] "Console<0><Console><Console>" changed cvar (cvar "vs_survival_bonus") (value "25")
L 10/27/2022 - 23:57:43: [basecommands.smx] "Console<0><Console><Console>" changed cvar (cvar "sm_simple_witch_bonus") (value "100")
L 10/27/2022 - 23:57:43: [basecommands.smx] "Console<0><Console><Console>" changed cvar (cvar "l4d_ready_survivor_freeze") (value "0")
L 10/27/2022 - 23:57:43: [basecommands.smx] "Console<0><Console><Console>" changed cvar (cvar "l4d_ready_delay") (value "3")
L 10/27/2022 - 23:57:43: [basecommands.smx] "Console<0><Console><Console>" changed cvar (cvar "l4d_ready_enable_sound") (value "1")
L 10/27/2022 - 23:57:43: [basecommands.smx] "Console<0><Console><Console>" changed cvar (cvar "l4d_ready_chuckle") (value "0")
L 10/27/2022 - 23:57:43: [basecommands.smx] "Console<0><Console><Console>" changed cvar (cvar "sm_max_lerp") (value "1")
L 10/27/2022 - 23:57:43: [basecommands.smx] "Console<0><Console><Console>" changed cvar (cvar "mp_autoteambalance") (value "0")
L 10/27/2022 - 23:57:43: [basecommands.smx] "Console<0><Console><Console>" changed cvar (cvar "sv_unlag_fixstuck") (value "1")
L 10/27/2022 - 23:57:43: [basecommands.smx] "Console<0><Console><Console>" changed cvar (cvar "z_brawl_chance") (value "0")
L 10/27/2022 - 23:57:43: [basecommands.smx] "Console<0><Console><Console>" changed cvar (cvar "sv_forcepreload") (value "1")
L 10/27/2022 - 23:57:43: [basecommands.smx] "Console<0><Console><Console>" changed cvar (cvar "sv_client_predict") (value "1")
L 10/27/2022 - 23:57:43: [basecommands.smx] "Console<0><Console><Console>" changed cvar (cvar "sv_client_cmdrate_difference") (value "0")
L 10/27/2022 - 23:57:43: [basecommands.smx] "Console<0><Console><Console>" changed cvar (cvar "sv_max_queries_sec_global") (value "10")
L 10/27/2022 - 23:57:43: [basecommands.smx] "Console<0><Console><Console>" changed cvar (cvar "sv_max_queries_sec") (value "3")
L 10/27/2022 - 23:57:43: [basecommands.smx] "Console<0><Console><Console>" changed cvar (cvar "sv_max_queries_window") (value "10")
L 10/27/2022 - 23:57:43: [basecommands.smx] "Console<0><Console><Console>" changed cvar (cvar "sv_player_stuck_tolerance") (value "5")
L 10/27/2022 - 23:57:43: [basecommands.smx] "Console<0><Console><Console>" changed cvar (cvar "sv_clockcorrection_msecs") (value "25")
L 10/28/2022 - 00:14:14: Log file closed.
